[2020-09-21 06:21:21] local.ERROR: SQLSTATE[HY000] [2002] No connection could be made because the target machine actively refused it.
 (SQL: select * from `update_cron` where `date` = 2020-09-21 limit 1) {"exception":"[object] (Illuminate\\Database\\QueryException(code: 2002): SQLSTATE[HY000] [2002] No connection could be made because the target machine actively refused it.
 (SQL: select * from `update_cron` where `date` = 2020-09-21 limit 1) at C:\\Users\\Admin\\Desktop\\UploadingContentV1.0\\PHPScript\\PHPScript\\vendor\\laravel\\framework\\src\\Illuminate\\Database\\Connection.php:664, PDOException(code: 2002): SQLSTATE[HY000] [2002] No connection could be made because the target machine actively refused it.
 at C:\\Users\\Admin\\Desktop\\UploadingContentV1.0\\PHPScript\\PHPScript\\vendor\\laravel\\framework\\src\\Illuminate\\Database\\Connectors\\Connector.php:70)
[stacktrace]
#0 C:\\Users\\Admin\\Desktop\\UploadingContentV1.0\\PHPScript\\PHPScript\\vendor\\laravel\\framework\\src\\Illuminate\\Database\\Connection.php(624): Illuminate\\Database\\Connection->runQueryCallback('select * from `...', Array, Object(Closure))
#1 C:\\Users\\Admin\\Desktop\\UploadingContentV1.0\\PHPScript\\PHPScript\\vendor\\laravel\\framework\\src\\Illuminate\\Database\\Connection.php(333): Illuminate\\Database\\Connection->run('select * from `...', Array, Object(Closure))
#2 C:\\Users\\Admin\\Desktop\\UploadingContentV1.0\\PHPScript\\PHPScript\\vendor\\laravel\\framework\\src\\Illuminate\\Database\\Query\\Builder.php(2130): Illuminate\\Database\\Connection->select('select * from `...', Array, true)
#3 C:\\Users\\Admin\\Desktop\\UploadingContentV1.0\\PHPScript\\PHPScript\\vendor\\laravel\\framework\\src\\Illuminate\\Database\\Query\\Builder.php(2118): Illuminate\\Database\\Query\\Builder->runSelect()
#4 C:\\Users\\Admin\\Desktop\\UploadingContentV1.0\\PHPScript\\PHPScript\\vendor\\laravel\\framework\\src\\Illuminate\\Database\\Query\\Builder.php(2604): Illuminate\\Database\\Query\\Builder->Illuminate\\Database\\Query\\{closure}()
#5 C:\\Users\\Admin\\Desktop\\UploadingContentV1.0\\PHPScript\\PHPScript\\vendor\\laravel\\framework\\src\\Illuminate\\Database\\Query\\Builder.php(2119): Illuminate\\Database\\Query\\Builder->onceWithColumns(Array, Object(Closure))
#6 C:\\Users\\Admin\\Desktop\\UploadingContentV1.0\\PHPScript\\PHPScript\\vendor\\laravel\\framework\\src\\Illuminate\\Database\\Eloquent\\Builder.php(521): Illuminate\\Database\\Query\\Builder->get(Array)
#7 C:\\Users\\Admin\\Desktop\\UploadingContentV1.0\\PHPScript\\PHPScript\\vendor\\laravel\\framework\\src\\Illuminate\\Database\\Eloquent\\Builder.php(505): Illuminate\\Database\\Eloquent\\Builder->getModels(Array)
#8 C:\\Users\\Admin\\Desktop\\UploadingContentV1.0\\PHPScript\\PHPScript\\vendor\\laravel\\framework\\src\\Illuminate\\Database\\Concerns\\BuildsQueries.php(77): Illuminate\\Database\\Eloquent\\Builder->get(Array)
#9 C:\\Users\\Admin\\Desktop\\UploadingContentV1.0\\PHPScript\\PHPScript\\app\\Http\\Controllers\\Controller.php(17): Illuminate\\Database\\Eloquent\\Builder->first()
#10 C:\\Users\\Admin\\Desktop\\UploadingContentV1.0\\PHPScript\\PHPScript\\app\\Http\\Controllers\\Admincontroller.php(19): App\\Http\\Controllers\\Controller->callschedule()
#11 [internal function]: App\\Http\\Controllers\\Admincontroller->showlogin()
#12 C:\\Users\\Admin\\Desktop\\UploadingContentV1.0\\PHPScript\\PHPScript\\vendor\\laravel\\framework\\src\\Illuminate\\Routing\\Controller.php(54): call_user_func_array(Array, Array)
#13 C:\\Users\\Admin\\Desktop\\UploadingContentV1.0\\PHPScript\\PHPScript\\vendor\\laravel\\framework\\src\\Illuminate\\Routing\\ControllerDispatcher.php(45): Illuminate\\Routing\\Controller->callAction('showlogin', Array)
#14 C:\\Users\\Admin\\Desktop\\UploadingContentV1.0\\PHPScript\\PHPScript\\vendor\\laravel\\framework\\src\\Illuminate\\Routing\\Route.php(219): Illuminate\\Routing\\ControllerDispatcher->dispatch(Object(Illuminate\\Routing\\Route), Object(App\\Http\\Controllers\\Admincontroller), 'showlogin')
#15 C:\\Users\\Admin\\Desktop\\UploadingContentV1.0\\PHPScript\\PHPScript\\vendor\\laravel\\framework\\src\\Illuminate\\Routing\\Route.php(176): Illuminate\\Routing\\Route->runController()
#16 C:\\Users\\Admin\\Desktop\\UploadingContentV1.0\\PHPScript\\PHPScript\\vendor\\laravel\\framework\\src\\Illuminate\\Routing\\Router.php(680): Illuminate\\Routing\\Route->run()
#17 C:\\Users\\Admin\\Desktop\\UploadingContentV1.0\\PHPScript\\PHPScript\\vendor\\laravel\\framework\\src\\Illuminate\\Routing\\Pipeline.php(30): Illuminate\\Routing\\Router->Illuminate\\Routing\\{closure}(Object(Illuminate\\Http\\Request))
#18 C:\\Users\\Admin\\Desktop\\UploadingContentV1.0\\PHPScript\\PHPScript\\vendor\\laravel\\framework\\src\\Illuminate\\Foundation\\Http\\Middleware\\TransformsRequest.php(21): Illuminate\\Routing\\Pipeline->Illuminate\\Routing\\{closure}(Object(Illuminate\\Http\\Request))
#19 C:\\Users\\Admin\\Desktop\\UploadingContentV1.0\\PHPScript\\PHPScript\\vendor\\laravel\\framework\\src\\Illuminate\\Pipeline\\Pipeline.php(163): Illuminate\\Foundation\\Http\\Middleware\\TransformsRequest->handle(Object(Illuminate\\Http\\Request), Object(Closure))
#20 C:\\Users\\Admin\\Desktop\\UploadingContentV1.0\\PHPScript\\PHPScript\\vendor\\laravel\\framework\\src\\Illuminate\\Routing\\Pipeline.php(53): Illuminate\\Pipeline\\Pipeline->Illuminate\\Pipeline\\{closure}(Object(Illuminate\\Http\\Request))
#21 C:\\Users\\Admin\\Desktop\\UploadingContentV1.0\\PHPScript\\PHPScript\\vendor\\laravel\\framework\\src\\Illuminate\\Routing\\Middleware\\SubstituteBindings.php(41): Illuminate\\Routing\\Pipeline->Illuminate\\Routing\\{closure}(Object(Illuminate\\Http\\Request))
#22 C:\\Users\\Admin\\Desktop\\UploadingContentV1.0\\PHPScript\\PHPScript\\vendor\\laravel\\framework\\src\\Illuminate\\Pipeline\\Pipeline.php(163): Illuminate\\Routing\\Middleware\\SubstituteBindings->handle(Object(Illuminate\\Http\\Request), Object(Closure))
#23 C:\\Users\\Admin\\Desktop\\UploadingContentV1.0\\PHPScript\\PHPScript\\vendor\\laravel\\framework\\src\\Illuminate\\Routing\\Pipeline.php(53): Illuminate\\Pipeline\\Pipeline->Illuminate\\Pipeline\\{closure}(Object(Illuminate\\Http\\Request))
#24 C:\\Users\\Admin\\Desktop\\UploadingContentV1.0\\PHPScript\\PHPScript\\vendor\\laravel\\framework\\src\\Illuminate\\Foundation\\Http\\Middleware\\VerifyCsrfToken.php(75): Illuminate\\Routing\\Pipeline->Illuminate\\Routing\\{closure}(Object(Illuminate\\Http\\Request))
#25 C:\\Users\\Admin\\Desktop\\UploadingContentV1.0\\PHPScript\\PHPScript\\vendor\\laravel\\framework\\src\\Illuminate\\Pipeline\\Pipeline.php(163): Illuminate\\Foundation\\Http\\Middleware\\VerifyCsrfToken->handle(Object(Illuminate\\Http\\Request), Object(Closure))
#26 C:\\Users\\Admin\\Desktop\\UploadingContentV1.0\\PHPScript\\PHPScript\\vendor\\laravel\\framework\\src\\Illuminate\\Routing\\Pipeline.php(53): Illuminate\\Pipeline\\Pipeline->Illuminate\\Pipeline\\{closure}(Object(Illuminate\\Http\\Request))
#27 C:\\Users\\Admin\\Desktop\\UploadingContentV1.0\\PHPScript\\PHPScript\\vendor\\laravel\\framework\\src\\Illuminate\\View\\Middleware\\ShareErrorsFromSession.php(49): Illuminate\\Routing\\Pipeline->Illuminate\\Routing\\{closure}(Object(Illuminate\\Http\\Request))
#28 C:\\Users\\Admin\\Desktop\\UploadingContentV1.0\\PHPScript\\PHPScript\\vendor\\laravel\\framework\\src\\Illuminate\\Pipeline\\Pipeline.php(163): Illuminate\\View\\Middleware\\ShareErrorsFromSession->handle(Object(Illuminate\\Http\\Request), Object(Closure))
#29 C:\\Users\\Admin\\Desktop\\UploadingContentV1.0\\PHPScript\\PHPScript\\vendor\\laravel\\framework\\src\\Illuminate\\Routing\\Pipeline.php(53): Illuminate\\Pipeline\\Pipeline->Illuminate\\Pipeline\\{closure}(Object(Illuminate\\Http\\Request))
#30 C:\\Users\\Admin\\Desktop\\UploadingContentV1.0\\PHPScript\\PHPScript\\vendor\\laravel\\framework\\src\\Illuminate\\Session\\Middleware\\StartSession.php(56): Illuminate\\Routing\\Pipeline->Illuminate\\Routing\\{closure}(Object(Illuminate\\Http\\Request))
#31 C:\\Users\\Admin\\Desktop\\UploadingContentV1.0\\PHPScript\\PHPScript\\vendor\\laravel\\framework\\src\\Illuminate\\Pipeline\\Pipeline.php(163): Illuminate\\Session\\Middleware\\StartSession->handle(Object(Illuminate\\Http\\Request), Object(Closure))
#32 C:\\Users\\Admin\\Desktop\\UploadingContentV1.0\\PHPScript\\PHPScript\\vendor\\laravel\\framework\\src\\Illuminate\\Routing\\Pipeline.php(53): Illuminate\\Pipeline\\Pipeline->Illuminate\\Pipeline\\{closure}(Object(Illuminate\\Http\\Request))
#33 C:\\Users\\Admin\\Desktop\\UploadingContentV1.0\\PHPScript\\PHPScript\\vendor\\laravel\\framework\\src\\Illuminate\\Cookie\\Middleware\\AddQueuedCookiesToResponse.php(37): Illuminate\\Routing\\Pipeline->Illuminate\\Routing\\{closure}(Object(Illuminate\\Http\\Request))
#34 C:\\Users\\Admin\\Desktop\\UploadingContentV1.0\\PHPScript\\PHPScript\\vendor\\laravel\\framework\\src\\Illuminate\\Pipeline\\Pipeline.php(163): Illuminate\\Cookie\\Middleware\\AddQueuedCookiesToResponse->handle(Object(Illuminate\\Http\\Request), Object(Closure))
#35 C:\\Users\\Admin\\Desktop\\UploadingContentV1.0\\PHPScript\\PHPScript\\vendor\\laravel\\framework\\src\\Illuminate\\Routing\\Pipeline.php(53): Illuminate\\Pipeline\\Pipeline->Illuminate\\Pipeline\\{closure}(Object(Illuminate\\Http\\Request))
#36 C:\\Users\\Admin\\Desktop\\UploadingContentV1.0\\PHPScript\\PHPScript\\vendor\\laravel\\framework\\src\\Illuminate\\Cookie\\Middleware\\EncryptCookies.php(66): Illuminate\\Routing\\Pipeline->Illuminate\\Routing\\{closure}(Object(Illuminate\\Http\\Request))
#37 C:\\Users\\Admin\\Desktop\\UploadingContentV1.0\\PHPScript\\PHPScript\\vendor\\laravel\\framework\\src\\Illuminate\\Pipeline\\Pipeline.php(163): Illuminate\\Cookie\\Middleware\\EncryptCookies->handle(Object(Illuminate\\Http\\Request), Object(Closure))
#38 C:\\Users\\Admin\\Desktop\\UploadingContentV1.0\\PHPScript\\PHPScript\\vendor\\laravel\\framework\\src\\Illuminate\\Routing\\Pipeline.php(53): Illuminate\\Pipeline\\Pipeline->Illuminate\\Pipeline\\{closure}(Object(Illuminate\\Http\\Request))
#39 C:\\Users\\Admin\\Desktop\\UploadingContentV1.0\\PHPScript\\PHPScript\\vendor\\laravel\\framework\\src\\Illuminate\\Pipeline\\Pipeline.php(104): Illuminate\\Routing\\Pipeline->Illuminate\\Routing\\{closure}(Object(Illuminate\\Http\\Request))
#40 C:\\Users\\Admin\\Desktop\\UploadingContentV1.0\\PHPScript\\PHPScript\\vendor\\laravel\\framework\\src\\Illuminate\\Routing\\Router.php(682): Illuminate\\Pipeline\\Pipeline->then(Object(Closure))
#41 C:\\Users\\Admin\\Desktop\\UploadingContentV1.0\\PHPScript\\PHPScript\\vendor\\laravel\\framework\\src\\Illuminate\\Routing\\Router.php(657): Illuminate\\Routing\\Router->runRouteWithinStack(Object(Illuminate\\Routing\\Route), Object(Illuminate\\Http\\Request))
#42 C:\\Users\\Admin\\Desktop\\UploadingContentV1.0\\PHPScript\\PHPScript\\vendor\\laravel\\framework\\src\\Illuminate\\Routing\\Router.php(623): Illuminate\\Routing\\Router->runRoute(Object(Illuminate\\Http\\Request), Object(Illuminate\\Routing\\Route))
#43 C:\\Users\\Admin\\Desktop\\UploadingContentV1.0\\PHPScript\\PHPScript\\vendor\\laravel\\framework\\src\\Illuminate\\Routing\\Router.php(612): Illuminate\\Routing\\Router->dispatchToRoute(Object(Illuminate\\Http\\Request))
#44 C:\\Users\\Admin\\Desktop\\UploadingContentV1.0\\PHPScript\\PHPScript\\vendor\\laravel\\framework\\src\\Illuminate\\Foundation\\Http\\Kernel.php(176): Illuminate\\Routing\\Router->dispatch(Object(Illuminate\\Http\\Request))
#45 C:\\Users\\Admin\\Desktop\\UploadingContentV1.0\\PHPScript\\PHPScript\\vendor\\laravel\\framework\\src\\Illuminate\\Routing\\Pipeline.php(30): Illuminate\\Foundation\\Http\\Kernel->Illuminate\\Foundation\\Http\\{closure}(Object(Illuminate\\Http\\Request))
#46 C:\\Users\\Admin\\Desktop\\UploadingContentV1.0\\PHPScript\\PHPScript\\vendor\\laravel\\framework\\src\\Illuminate\\Foundation\\Http\\Middleware\\TransformsRequest.php(21): Illuminate\\Routing\\Pipeline->Illuminate\\Routing\\{closure}(Object(Illuminate\\Http\\Request))
#47 C:\\Users\\Admin\\Desktop\\UploadingContentV1.0\\PHPScript\\PHPScript\\vendor\\laravel\\framework\\src\\Illuminate\\Pipeline\\Pipeline.php(163): Illuminate\\Foundation\\Http\\Middleware\\TransformsRequest->handle(Object(Illuminate\\Http\\Request), Object(Closure))
#48 C:\\Users\\Admin\\Desktop\\UploadingContentV1.0\\PHPScript\\PHPScript\\vendor\\laravel\\framework\\src\\Illuminate\\Routing\\Pipeline.php(53): Illuminate\\Pipeline\\Pipeline->Illuminate\\Pipeline\\{closure}(Object(Illuminate\\Http\\Request))
#49 C:\\Users\\Admin\\Desktop\\UploadingContentV1.0\\PHPScript\\PHPScript\\vendor\\laravel\\framework\\src\\Illuminate\\Foundation\\Http\\Middleware\\TransformsRequest.php(21): Illuminate\\Routing\\Pipeline->Illuminate\\Routing\\{closure}(Object(Illuminate\\Http\\Request))
#50 C:\\Users\\Admin\\Desktop\\UploadingContentV1.0\\PHPScript\\PHPScript\\vendor\\laravel\\framework\\src\\Illuminate\\Pipeline\\Pipeline.php(163): Illuminate\\Foundation\\Http\\Middleware\\TransformsRequest->handle(Object(Illuminate\\Http\\Request), Object(Closure))
#51 C:\\Users\\Admin\\Desktop\\UploadingContentV1.0\\PHPScript\\PHPScript\\vendor\\laravel\\framework\\src\\Illuminate\\Routing\\Pipeline.php(53): Illuminate\\Pipeline\\Pipeline->Illuminate\\Pipeline\\{closure}(Object(Illuminate\\Http\\Request))
#52 C:\\Users\\Admin\\Desktop\\UploadingContentV1.0\\PHPScript\\PHPScript\\vendor\\laravel\\framework\\src\\Illuminate\\Foundation\\Http\\Middleware\\ValidatePostSize.php(27): Illuminate\\Routing\\Pipeline->Illuminate\\Routing\\{closure}(Object(Illuminate\\Http\\Request))
#53 C:\\Users\\Admin\\Desktop\\UploadingContentV1.0\\PHPScript\\PHPScript\\vendor\\laravel\\framework\\src\\Illuminate\\Pipeline\\Pipeline.php(163): Illuminate\\Foundation\\Http\\Middleware\\ValidatePostSize->handle(Object(Illuminate\\Http\\Request), Object(Closure))
#54 C:\\Users\\Admin\\Desktop\\UploadingContentV1.0\\PHPScript\\PHPScript\\vendor\\laravel\\framework\\src\\Illuminate\\Routing\\Pipeline.php(53): Illuminate\\Pipeline\\Pipeline->Illuminate\\Pipeline\\{closure}(Object(Illuminate\\Http\\Request))
#55 C:\\Users\\Admin\\Desktop\\UploadingContentV1.0\\PHPScript\\PHPScript\\vendor\\laravel\\framework\\src\\Illuminate\\Foundation\\Http\\Middleware\\CheckForMaintenanceMode.php(62): Illuminate\\Routing\\Pipeline->Illuminate\\Routing\\{closure}(Object(Illuminate\\Http\\Request))
#56 C:\\Users\\Admin\\Desktop\\UploadingContentV1.0\\PHPScript\\PHPScript\\vendor\\laravel\\framework\\src\\Illuminate\\Pipeline\\Pipeline.php(163): Illuminate\\Foundation\\Http\\Middleware\\CheckForMaintenanceMode->handle(Object(Illuminate\\Http\\Request), Object(Closure))
#57 C:\\Users\\Admin\\Desktop\\UploadingContentV1.0\\PHPScript\\PHPScript\\vendor\\laravel\\framework\\src\\Illuminate\\Routing\\Pipeline.php(53): Illuminate\\Pipeline\\Pipeline->Illuminate\\Pipeline\\{closure}(Object(Illuminate\\Http\\Request))
#58 C:\\Users\\Admin\\Desktop\\UploadingContentV1.0\\PHPScript\\PHPScript\\vendor\\fideloper\\proxy\\src\\TrustProxies.php(57): Illuminate\\Routing\\Pipeline->Illuminate\\Routing\\{closure}(Object(Illuminate\\Http\\Request))
#59 C:\\Users\\Admin\\Desktop\\UploadingContentV1.0\\PHPScript\\PHPScript\\vendor\\laravel\\framework\\src\\Illuminate\\Pipeline\\Pipeline.php(163): Fideloper\\Proxy\\TrustProxies->handle(Object(Illuminate\\Http\\Request), Object(Closure))
#60 C:\\Users\\Admin\\Desktop\\UploadingContentV1.0\\PHPScript\\PHPScript\\vendor\\laravel\\framework\\src\\Illuminate\\Routing\\Pipeline.php(53): Illuminate\\Pipeline\\Pipeline->Illuminate\\Pipeline\\{closure}(Object(Illuminate\\Http\\Request))
#61 C:\\Users\\Admin\\Desktop\\UploadingContentV1.0\\PHPScript\\PHPScript\\vendor\\laravel\\framework\\src\\Illuminate\\Pipeline\\Pipeline.php(104): Illuminate\\Routing\\Pipeline->Illuminate\\Routing\\{closure}(Object(Illuminate\\Http\\Request))
#62 C:\\Users\\Admin\\Desktop\\UploadingContentV1.0\\PHPScript\\PHPScript\\vendor\\laravel\\framework\\src\\Illuminate\\Foundation\\Http\\Kernel.php(151): Illuminate\\Pipeline\\Pipeline->then(Object(Closure))
#63 C:\\Users\\Admin\\Desktop\\UploadingContentV1.0\\PHPScript\\PHPScript\\vendor\\laravel\\framework\\src\\Illuminate\\Foundation\\Http\\Kernel.php(116): Illuminate\\Foundation\\Http\\Kernel->sendRequestThroughRouter(Object(Illuminate\\Http\\Request))
#64 C:\\Users\\Admin\\Desktop\\UploadingContentV1.0\\PHPScript\\PHPScript\\public\\index.php(55): Illuminate\\Foundation\\Http\\Kernel->handle(Object(Illuminate\\Http\\Request))
#65 C:\\Users\\Admin\\Desktop\\UploadingContentV1.0\\PHPScript\\PHPScript\\server.php(21): require_once('C:\\\\Users\\\\Admin\\\\...')
#66 {main}
"} 
[2020-09-21 12:05:43] local.ERROR: Allowed memory size of 134217728 bytes exhausted (tried to allocate 60821504 bytes) {"exception":"[object] (Symfony\\Component\\Debug\\Exception\\FatalErrorException(code: 1): Allowed memory size of 134217728 bytes exhausted (tried to allocate 60821504 bytes) at C:\\Users\\Admin\\Desktop\\UploadingContentV1.0\\PHPScript\\PHPScript\\app\\Http\\Controllers\\UserController.php:227)
[stacktrace]
#0 {main}
"} 
[2020-09-21 12:13:31] local.ERROR: SQLSTATE[HY000]: General error: 1364 Field 'id' doesn't have a default value (SQL: insert into `throttle` (`type`, `updated_at`, `created_at`) values (global, 2020-09-21 12:13:31, 2020-09-21 12:13:31)) {"exception":"[object] (Illuminate\\Database\\QueryException(code: HY000): SQLSTATE[HY000]: General error: 1364 Field 'id' doesn't have a default value (SQL: insert into `throttle` (`type`, `updated_at`, `created_at`) values (global, 2020-09-21 12:13:31, 2020-09-21 12:13:31)) at C:\\Users\\Admin\\Desktop\\UploadingContentV1.0\\PHPScript\\PHPScript\\vendor\\laravel\\framework\\src\\Illuminate\\Database\\Connection.php:664, PDOException(code: HY000): SQLSTATE[HY000]: General error: 1364 Field 'id' doesn't have a default value at C:\\Users\\Admin\\Desktop\\UploadingContentV1.0\\PHPScript\\PHPScript\\vendor\\laravel\\framework\\src\\Illuminate\\Database\\Connection.php:458)
[stacktrace]
#0 C:\\Users\\Admin\\Desktop\\UploadingContentV1.0\\PHPScript\\PHPScript\\vendor\\laravel\\framework\\src\\Illuminate\\Database\\Connection.php(624): Illuminate\\Database\\Connection->runQueryCallback('insert into `th...', Array, Object(Closure))
#1 C:\\Users\\Admin\\Desktop\\UploadingContentV1.0\\PHPScript\\PHPScript\\vendor\\laravel\\framework\\src\\Illuminate\\Database\\Connection.php(459): Illuminate\\Database\\Connection->run('insert into `th...', Array, Object(Closure))
#2 C:\\Users\\Admin\\Desktop\\UploadingContentV1.0\\PHPScript\\PHPScript\\vendor\\laravel\\framework\\src\\Illuminate\\Database\\Connection.php(411): Illuminate\\Database\\Connection->statement('insert into `th...', Array)
#3 C:\\Users\\Admin\\Desktop\\UploadingContentV1.0\\PHPScript\\PHPScript\\vendor\\laravel\\framework\\src\\Illuminate\\Database\\Query\\Processors\\Processor.php(32): Illuminate\\Database\\Connection->insert('insert into `th...', Array)
#4 C:\\Users\\Admin\\Desktop\\UploadingContentV1.0\\PHPScript\\PHPScript\\vendor\\laravel\\framework\\src\\Illuminate\\Database\\Query\\Builder.php(2690): Illuminate\\Database\\Query\\Processors\\Processor->processInsertGetId(Object(Illuminate\\Database\\Query\\Builder), 'insert into `th...', Array, 'id')
#5 C:\\Users\\Admin\\Desktop\\UploadingContentV1.0\\PHPScript\\PHPScript\\vendor\\laravel\\framework\\src\\Illuminate\\Database\\Eloquent\\Builder.php(1353): Illuminate\\Database\\Query\\Builder->insertGetId(Array, 'id')
#6 C:\\Users\\Admin\\Desktop\\UploadingContentV1.0\\PHPScript\\PHPScript\\vendor\\laravel\\framework\\src\\Illuminate\\Database\\Eloquent\\Model.php(839): Illuminate\\Database\\Eloquent\\Builder->__call('insertGetId', Array)
#7 C:\\Users\\Admin\\Desktop\\UploadingContentV1.0\\PHPScript\\PHPScript\\vendor\\laravel\\framework\\src\\Illuminate\\Database\\Eloquent\\Model.php(804): Illuminate\\Database\\Eloquent\\Model->insertAndSetId(Object(Illuminate\\Database\\Eloquent\\Builder), Array)
#8 C:\\Users\\Admin\\Desktop\\UploadingContentV1.0\\PHPScript\\PHPScript\\vendor\\laravel\\framework\\src\\Illuminate\\Database\\Eloquent\\Model.php(667): Illuminate\\Database\\Eloquent\\Model->performInsert(Object(Illuminate\\Database\\Eloquent\\Builder))
#9 C:\\Users\\Admin\\Desktop\\UploadingContentV1.0\\PHPScript\\PHPScript\\vendor\\cartalyst\\sentinel\\src\\Throttling\\IlluminateThrottleRepository.php(189): Illuminate\\Database\\Eloquent\\Model->save()
#10 C:\\Users\\Admin\\Desktop\\UploadingContentV1.0\\PHPScript\\PHPScript\\vendor\\cartalyst\\sentinel\\src\\Checkpoints\\ThrottleCheckpoint.php(86): Cartalyst\\Sentinel\\Throttling\\IlluminateThrottleRepository->log('127.0.0.1', Object(Cartalyst\\Sentinel\\Users\\EloquentUser))
#11 C:\\Users\\Admin\\Desktop\\UploadingContentV1.0\\PHPScript\\PHPScript\\vendor\\cartalyst\\sentinel\\src\\Sentinel.php(673): Cartalyst\\Sentinel\\Checkpoints\\ThrottleCheckpoint->fail(Object(Cartalyst\\Sentinel\\Users\\EloquentUser))
#12 C:\\Users\\Admin\\Desktop\\UploadingContentV1.0\\PHPScript\\PHPScript\\vendor\\cartalyst\\sentinel\\src\\Sentinel.php(305): Cartalyst\\Sentinel\\Sentinel->cycleCheckpoints('fail', Object(Cartalyst\\Sentinel\\Users\\EloquentUser), false)
#13 C:\\Users\\Admin\\Desktop\\UploadingContentV1.0\\PHPScript\\PHPScript\\vendor\\laravel\\framework\\src\\Illuminate\\Support\\Facades\\Facade.php(239): Cartalyst\\Sentinel\\Sentinel->authenticate(Array)
#14 C:\\Users\\Admin\\Desktop\\UploadingContentV1.0\\PHPScript\\PHPScript\\app\\Http\\Controllers\\Admincontroller.php(28): Illuminate\\Support\\Facades\\Facade::__callStatic('authenticate', Array)
#15 [internal function]: App\\Http\\Controllers\\Admincontroller->postlogin(Object(Illuminate\\Http\\Request))
#16 C:\\Users\\Admin\\Desktop\\UploadingContentV1.0\\PHPScript\\PHPScript\\vendor\\laravel\\framework\\src\\Illuminate\\Routing\\Controller.php(54): call_user_func_array(Array, Array)
#17 C:\\Users\\Admin\\Desktop\\UploadingContentV1.0\\PHPScript\\PHPScript\\vendor\\laravel\\framework\\src\\Illuminate\\Routing\\ControllerDispatcher.php(45): Illuminate\\Routing\\Controller->callAction('postlogin', Array)
#18 C:\\Users\\Admin\\Desktop\\UploadingContentV1.0\\PHPScript\\PHPScript\\vendor\\laravel\\framework\\src\\Illuminate\\Routing\\Route.php(219): Illuminate\\Routing\\ControllerDispatcher->dispatch(Object(Illuminate\\Routing\\Route), Object(App\\Http\\Controllers\\Admincontroller), 'postlogin')
#19 C:\\Users\\Admin\\Desktop\\UploadingContentV1.0\\PHPScript\\PHPScript\\vendor\\laravel\\framework\\src\\Illuminate\\Routing\\Route.php(176): Illuminate\\Routing\\Route->runController()
#20 C:\\Users\\Admin\\Desktop\\UploadingContentV1.0\\PHPScript\\PHPScript\\vendor\\laravel\\framework\\src\\Illuminate\\Routing\\Router.php(680): Illuminate\\Routing\\Route->run()
#21 C:\\Users\\Admin\\Desktop\\UploadingContentV1.0\\PHPScript\\PHPScript\\vendor\\laravel\\framework\\src\\Illuminate\\Routing\\Pipeline.php(30): Illuminate\\Routing\\Router->Illuminate\\Routing\\{closure}(Object(Illuminate\\Http\\Request))
#22 C:\\Users\\Admin\\Desktop\\UploadingContentV1.0\\PHPScript\\PHPScript\\vendor\\laravel\\framework\\src\\Illuminate\\Foundation\\Http\\Middleware\\TransformsRequest.php(21): Illuminate\\Routing\\Pipeline->Illuminate\\Routing\\{closure}(Object(Illuminate\\Http\\Request))
#23 C:\\Users\\Admin\\Desktop\\UploadingContentV1.0\\PHPScript\\PHPScript\\vendor\\laravel\\framework\\src\\Illuminate\\Pipeline\\Pipeline.php(163): Illuminate\\Foundation\\Http\\Middleware\\TransformsRequest->handle(Object(Illuminate\\Http\\Request), Object(Closure))
#24 C:\\Users\\Admin\\Desktop\\UploadingContentV1.0\\PHPScript\\PHPScript\\vendor\\laravel\\framework\\src\\Illuminate\\Routing\\Pipeline.php(53): Illuminate\\Pipeline\\Pipeline->Illuminate\\Pipeline\\{closure}(Object(Illuminate\\Http\\Request))
#25 C:\\Users\\Admin\\Desktop\\UploadingContentV1.0\\PHPScript\\PHPScript\\vendor\\laravel\\framework\\src\\Illuminate\\Routing\\Middleware\\SubstituteBindings.php(41): Illuminate\\Routing\\Pipeline->Illuminate\\Routing\\{closure}(Object(Illuminate\\Http\\Request))
#26 C:\\Users\\Admin\\Desktop\\UploadingContentV1.0\\PHPScript\\PHPScript\\vendor\\laravel\\framework\\src\\Illuminate\\Pipeline\\Pipeline.php(163): Illuminate\\Routing\\Middleware\\SubstituteBindings->handle(Object(Illuminate\\Http\\Request), Object(Closure))
#27 C:\\Users\\Admin\\Desktop\\UploadingContentV1.0\\PHPScript\\PHPScript\\vendor\\laravel\\framework\\src\\Illuminate\\Routing\\Pipeline.php(53): Illuminate\\Pipeline\\Pipeline->Illuminate\\Pipeline\\{closure}(Object(Illuminate\\Http\\Request))
#28 C:\\Users\\Admin\\Desktop\\UploadingContentV1.0\\PHPScript\\PHPScript\\vendor\\laravel\\framework\\src\\Illuminate\\Foundation\\Http\\Middleware\\VerifyCsrfToken.php(75): Illuminate\\Routing\\Pipeline->Illuminate\\Routing\\{closure}(Object(Illuminate\\Http\\Request))
#29 C:\\Users\\Admin\\Desktop\\UploadingContentV1.0\\PHPScript\\PHPScript\\vendor\\laravel\\framework\\src\\Illuminate\\Pipeline\\Pipeline.php(163): Illuminate\\Foundation\\Http\\Middleware\\VerifyCsrfToken->handle(Object(Illuminate\\Http\\Request), Object(Closure))
#30 C:\\Users\\Admin\\Desktop\\UploadingContentV1.0\\PHPScript\\PHPScript\\vendor\\laravel\\framework\\src\\Illuminate\\Routing\\Pipeline.php(53): Illuminate\\Pipeline\\Pipeline->Illuminate\\Pipeline\\{closure}(Object(Illuminate\\Http\\Request))
#31 C:\\Users\\Admin\\Desktop\\UploadingContentV1.0\\PHPScript\\PHPScript\\vendor\\laravel\\framework\\src\\Illuminate\\View\\Middleware\\ShareErrorsFromSession.php(49): Illuminate\\Routing\\Pipeline->Illuminate\\Routing\\{closure}(Object(Illuminate\\Http\\Request))
#32 C:\\Users\\Admin\\Desktop\\UploadingContentV1.0\\PHPScript\\PHPScript\\vendor\\laravel\\framework\\src\\Illuminate\\Pipeline\\Pipeline.php(163): Illuminate\\View\\Middleware\\ShareErrorsFromSession->handle(Object(Illuminate\\Http\\Request), Object(Closure))
#33 C:\\Users\\Admin\\Desktop\\UploadingContentV1.0\\PHPScript\\PHPScript\\vendor\\laravel\\framework\\src\\Illuminate\\Routing\\Pipeline.php(53): Illuminate\\Pipeline\\Pipeline->Illuminate\\Pipeline\\{closure}(Object(Illuminate\\Http\\Request))
#34 C:\\Users\\Admin\\Desktop\\UploadingContentV1.0\\PHPScript\\PHPScript\\vendor\\laravel\\framework\\src\\Illuminate\\Session\\Middleware\\StartSession.php(56): Illuminate\\Routing\\Pipeline->Illuminate\\Routing\\{closure}(Object(Illuminate\\Http\\Request))
#35 C:\\Users\\Admin\\Desktop\\UploadingContentV1.0\\PHPScript\\PHPScript\\vendor\\laravel\\framework\\src\\Illuminate\\Pipeline\\Pipeline.php(163): Illuminate\\Session\\Middleware\\StartSession->handle(Object(Illuminate\\Http\\Request), Object(Closure))
#36 C:\\Users\\Admin\\Desktop\\UploadingContentV1.0\\PHPScript\\PHPScript\\vendor\\laravel\\framework\\src\\Illuminate\\Routing\\Pipeline.php(53): Illuminate\\Pipeline\\Pipeline->Illuminate\\Pipeline\\{closure}(Object(Illuminate\\Http\\Request))
#37 C:\\Users\\Admin\\Desktop\\UploadingContentV1.0\\PHPScript\\PHPScript\\vendor\\laravel\\framework\\src\\Illuminate\\Cookie\\Middleware\\AddQueuedCookiesToResponse.php(37): Illuminate\\Routing\\Pipeline->Illuminate\\Routing\\{closure}(Object(Illuminate\\Http\\Request))
#38 C:\\Users\\Admin\\Desktop\\UploadingContentV1.0\\PHPScript\\PHPScript\\vendor\\laravel\\framework\\src\\Illuminate\\Pipeline\\Pipeline.php(163): Illuminate\\Cookie\\Middleware\\AddQueuedCookiesToResponse->handle(Object(Illuminate\\Http\\Request), Object(Closure))
#39 C:\\Users\\Admin\\Desktop\\UploadingContentV1.0\\PHPScript\\PHPScript\\vendor\\laravel\\framework\\src\\Illuminate\\Routing\\Pipeline.php(53): Illuminate\\Pipeline\\Pipeline->Illuminate\\Pipeline\\{closure}(Object(Illuminate\\Http\\Request))
#40 C:\\Users\\Admin\\Desktop\\UploadingContentV1.0\\PHPScript\\PHPScript\\vendor\\laravel\\framework\\src\\Illuminate\\Cookie\\Middleware\\EncryptCookies.php(66): Illuminate\\Routing\\Pipeline->Illuminate\\Routing\\{closure}(Object(Illuminate\\Http\\Request))
#41 C:\\Users\\Admin\\Desktop\\UploadingContentV1.0\\PHPScript\\PHPScript\\vendor\\laravel\\framework\\src\\Illuminate\\Pipeline\\Pipeline.php(163): Illuminate\\Cookie\\Middleware\\EncryptCookies->handle(Object(Illuminate\\Http\\Request), Object(Closure))
#42 C:\\Users\\Admin\\Desktop\\UploadingContentV1.0\\PHPScript\\PHPScript\\vendor\\laravel\\framework\\src\\Illuminate\\Routing\\Pipeline.php(53): Illuminate\\Pipeline\\Pipeline->Illuminate\\Pipeline\\{closure}(Object(Illuminate\\Http\\Request))
#43 C:\\Users\\Admin\\Desktop\\UploadingContentV1.0\\PHPScript\\PHPScript\\vendor\\laravel\\framework\\src\\Illuminate\\Pipeline\\Pipeline.php(104): Illuminate\\Routing\\Pipeline->Illuminate\\Routing\\{closure}(Object(Illuminate\\Http\\Request))
#44 C:\\Users\\Admin\\Desktop\\UploadingContentV1.0\\PHPScript\\PHPScript\\vendor\\laravel\\framework\\src\\Illuminate\\Routing\\Router.php(682): Illuminate\\Pipeline\\Pipeline->then(Object(Closure))
#45 C:\\Users\\Admin\\Desktop\\UploadingContentV1.0\\PHPScript\\PHPScript\\vendor\\laravel\\framework\\src\\Illuminate\\Routing\\Router.php(657): Illuminate\\Routing\\Router->runRouteWithinStack(Object(Illuminate\\Routing\\Route), Object(Illuminate\\Http\\Request))
#46 C:\\Users\\Admin\\Desktop\\UploadingContentV1.0\\PHPScript\\PHPScript\\vendor\\laravel\\framework\\src\\Illuminate\\Routing\\Router.php(623): Illuminate\\Routing\\Router->runRoute(Object(Illuminate\\Http\\Request), Object(Illuminate\\Routing\\Route))
#47 C:\\Users\\Admin\\Desktop\\UploadingContentV1.0\\PHPScript\\PHPScript\\vendor\\laravel\\framework\\src\\Illuminate\\Routing\\Router.php(612): Illuminate\\Routing\\Router->dispatchToRoute(Object(Illuminate\\Http\\Request))
#48 C:\\Users\\Admin\\Desktop\\UploadingContentV1.0\\PHPScript\\PHPScript\\vendor\\laravel\\framework\\src\\Illuminate\\Foundation\\Http\\Kernel.php(176): Illuminate\\Routing\\Router->dispatch(Object(Illuminate\\Http\\Request))
#49 C:\\Users\\Admin\\Desktop\\UploadingContentV1.0\\PHPScript\\PHPScript\\vendor\\laravel\\framework\\src\\Illuminate\\Routing\\Pipeline.php(30): Illuminate\\Foundation\\Http\\Kernel->Illuminate\\Foundation\\Http\\{closure}(Object(Illuminate\\Http\\Request))
#50 C:\\Users\\Admin\\Desktop\\UploadingContentV1.0\\PHPScript\\PHPScript\\vendor\\laravel\\framework\\src\\Illuminate\\Foundation\\Http\\Middleware\\TransformsRequest.php(21): Illuminate\\Routing\\Pipeline->Illuminate\\Routing\\{closure}(Object(Illuminate\\Http\\Request))
#51 C:\\Users\\Admin\\Desktop\\UploadingContentV1.0\\PHPScript\\PHPScript\\vendor\\laravel\\framework\\src\\Illuminate\\Pipeline\\Pipeline.php(163): Illuminate\\Foundation\\Http\\Middleware\\TransformsRequest->handle(Object(Illuminate\\Http\\Request), Object(Closure))
#52 C:\\Users\\Admin\\Desktop\\UploadingContentV1.0\\PHPScript\\PHPScript\\vendor\\laravel\\framework\\src\\Illuminate\\Routing\\Pipeline.php(53): Illuminate\\Pipeline\\Pipeline->Illuminate\\Pipeline\\{closure}(Object(Illuminate\\Http\\Request))
#53 C:\\Users\\Admin\\Desktop\\UploadingContentV1.0\\PHPScript\\PHPScript\\vendor\\laravel\\framework\\src\\Illuminate\\Foundation\\Http\\Middleware\\TransformsRequest.php(21): Illuminate\\Routing\\Pipeline->Illuminate\\Routing\\{closure}(Object(Illuminate\\Http\\Request))
#54 C:\\Users\\Admin\\Desktop\\UploadingContentV1.0\\PHPScript\\PHPScript\\vendor\\laravel\\framework\\src\\Illuminate\\Pipeline\\Pipeline.php(163): Illuminate\\Foundation\\Http\\Middleware\\TransformsRequest->handle(Object(Illuminate\\Http\\Request), Object(Closure))
#55 C:\\Users\\Admin\\Desktop\\UploadingContentV1.0\\PHPScript\\PHPScript\\vendor\\laravel\\framework\\src\\Illuminate\\Routing\\Pipeline.php(53): Illuminate\\Pipeline\\Pipeline->Illuminate\\Pipeline\\{closure}(Object(Illuminate\\Http\\Request))
#56 C:\\Users\\Admin\\Desktop\\UploadingContentV1.0\\PHPScript\\PHPScript\\vendor\\laravel\\framework\\src\\Illuminate\\Foundation\\Http\\Middleware\\ValidatePostSize.php(27): Illuminate\\Routing\\Pipeline->Illuminate\\Routing\\{closure}(Object(Illuminate\\Http\\Request))
#57 C:\\Users\\Admin\\Desktop\\UploadingContentV1.0\\PHPScript\\PHPScript\\vendor\\laravel\\framework\\src\\Illuminate\\Pipeline\\Pipeline.php(163): Illuminate\\Foundation\\Http\\Middleware\\ValidatePostSize->handle(Object(Illuminate\\Http\\Request), Object(Closure))
#58 C:\\Users\\Admin\\Desktop\\UploadingContentV1.0\\PHPScript\\PHPScript\\vendor\\laravel\\framework\\src\\Illuminate\\Routing\\Pipeline.php(53): Illuminate\\Pipeline\\Pipeline->Illuminate\\Pipeline\\{closure}(Object(Illuminate\\Http\\Request))
#59 C:\\Users\\Admin\\Desktop\\UploadingContentV1.0\\PHPScript\\PHPScript\\vendor\\laravel\\framework\\src\\Illuminate\\Foundation\\Http\\Middleware\\CheckForMaintenanceMode.php(62): Illuminate\\Routing\\Pipeline->Illuminate\\Routing\\{closure}(Object(Illuminate\\Http\\Request))
#60 C:\\Users\\Admin\\Desktop\\UploadingContentV1.0\\PHPScript\\PHPScript\\vendor\\laravel\\framework\\src\\Illuminate\\Pipeline\\Pipeline.php(163): Illuminate\\Foundation\\Http\\Middleware\\CheckForMaintenanceMode->handle(Object(Illuminate\\Http\\Request), Object(Closure))
#61 C:\\Users\\Admin\\Desktop\\UploadingContentV1.0\\PHPScript\\PHPScript\\vendor\\laravel\\framework\\src\\Illuminate\\Routing\\Pipeline.php(53): Illuminate\\Pipeline\\Pipeline->Illuminate\\Pipeline\\{closure}(Object(Illuminate\\Http\\Request))
#62 C:\\Users\\Admin\\Desktop\\UploadingContentV1.0\\PHPScript\\PHPScript\\vendor\\fideloper\\proxy\\src\\TrustProxies.php(57): Illuminate\\Routing\\Pipeline->Illuminate\\Routing\\{closure}(Object(Illuminate\\Http\\Request))
#63 C:\\Users\\Admin\\Desktop\\UploadingContentV1.0\\PHPScript\\PHPScript\\vendor\\laravel\\framework\\src\\Illuminate\\Pipeline\\Pipeline.php(163): Fideloper\\Proxy\\TrustProxies->handle(Object(Illuminate\\Http\\Request), Object(Closure))
#64 C:\\Users\\Admin\\Desktop\\UploadingContentV1.0\\PHPScript\\PHPScript\\vendor\\laravel\\framework\\src\\Illuminate\\Routing\\Pipeline.php(53): Illuminate\\Pipeline\\Pipeline->Illuminate\\Pipeline\\{closure}(Object(Illuminate\\Http\\Request))
#65 C:\\Users\\Admin\\Desktop\\UploadingContentV1.0\\PHPScript\\PHPScript\\vendor\\laravel\\framework\\src\\Illuminate\\Pipeline\\Pipeline.php(104): Illuminate\\Routing\\Pipeline->Illuminate\\Routing\\{closure}(Object(Illuminate\\Http\\Request))
#66 C:\\Users\\Admin\\Desktop\\UploadingContentV1.0\\PHPScript\\PHPScript\\vendor\\laravel\\framework\\src\\Illuminate\\Foundation\\Http\\Kernel.php(151): Illuminate\\Pipeline\\Pipeline->then(Object(Closure))
#67 C:\\Users\\Admin\\Desktop\\UploadingContentV1.0\\PHPScript\\PHPScript\\vendor\\laravel\\framework\\src\\Illuminate\\Foundation\\Http\\Kernel.php(116): Illuminate\\Foundation\\Http\\Kernel->sendRequestThroughRouter(Object(Illuminate\\Http\\Request))
#68 C:\\Users\\Admin\\Desktop\\UploadingContentV1.0\\PHPScript\\PHPScript\\public\\index.php(55): Illuminate\\Foundation\\Http\\Kernel->handle(Object(Illuminate\\Http\\Request))
#69 C:\\Users\\Admin\\Desktop\\UploadingContentV1.0\\PHPScript\\PHPScript\\server.php(21): require_once('C:\\\\Users\\\\Admin\\\\...')
#70 {main}
"} 
[2020-09-21 12:13:45] local.ERROR: SQLSTATE[HY000]: General error: 1364 Field 'id' doesn't have a default value (SQL: insert into `throttle` (`type`, `updated_at`, `created_at`) values (global, 2020-09-21 12:13:45, 2020-09-21 12:13:45)) {"exception":"[object] (Illuminate\\Database\\QueryException(code: HY000): SQLSTATE[HY000]: General error: 1364 Field 'id' doesn't have a default value (SQL: insert into `throttle` (`type`, `updated_at`, `created_at`) values (global, 2020-09-21 12:13:45, 2020-09-21 12:13:45)) at C:\\Users\\Admin\\Desktop\\UploadingContentV1.0\\PHPScript\\PHPScript\\vendor\\laravel\\framework\\src\\Illuminate\\Database\\Connection.php:664, PDOException(code: HY000): SQLSTATE[HY000]: General error: 1364 Field 'id' doesn't have a default value at C:\\Users\\Admin\\Desktop\\UploadingContentV1.0\\PHPScript\\PHPScript\\vendor\\laravel\\framework\\src\\Illuminate\\Database\\Connection.php:458)
[stacktrace]
#0 C:\\Users\\Admin\\Desktop\\UploadingContentV1.0\\PHPScript\\PHPScript\\vendor\\laravel\\framework\\src\\Illuminate\\Database\\Connection.php(624): Illuminate\\Database\\Connection->runQueryCallback('insert into `th...', Array, Object(Closure))
#1 C:\\Users\\Admin\\Desktop\\UploadingContentV1.0\\PHPScript\\PHPScript\\vendor\\laravel\\framework\\src\\Illuminate\\Database\\Connection.php(459): Illuminate\\Database\\Connection->run('insert into `th...', Array, Object(Closure))
#2 C:\\Users\\Admin\\Desktop\\UploadingContentV1.0\\PHPScript\\PHPScript\\vendor\\laravel\\framework\\src\\Illuminate\\Database\\Connection.php(411): Illuminate\\Database\\Connection->statement('insert into `th...', Array)
#3 C:\\Users\\Admin\\Desktop\\UploadingContentV1.0\\PHPScript\\PHPScript\\vendor\\laravel\\framework\\src\\Illuminate\\Database\\Query\\Processors\\Processor.php(32): Illuminate\\Database\\Connection->insert('insert into `th...', Array)
#4 C:\\Users\\Admin\\Desktop\\UploadingContentV1.0\\PHPScript\\PHPScript\\vendor\\laravel\\framework\\src\\Illuminate\\Database\\Query\\Builder.php(2690): Illuminate\\Database\\Query\\Processors\\Processor->processInsertGetId(Object(Illuminate\\Database\\Query\\Builder), 'insert into `th...', Array, 'id')
#5 C:\\Users\\Admin\\Desktop\\UploadingContentV1.0\\PHPScript\\PHPScript\\vendor\\laravel\\framework\\src\\Illuminate\\Database\\Eloquent\\Builder.php(1353): Illuminate\\Database\\Query\\Builder->insertGetId(Array, 'id')
#6 C:\\Users\\Admin\\Desktop\\UploadingContentV1.0\\PHPScript\\PHPScript\\vendor\\laravel\\framework\\src\\Illuminate\\Database\\Eloquent\\Model.php(839): Illuminate\\Database\\Eloquent\\Builder->__call('insertGetId', Array)
#7 C:\\Users\\Admin\\Desktop\\UploadingContentV1.0\\PHPScript\\PHPScript\\vendor\\laravel\\framework\\src\\Illuminate\\Database\\Eloquent\\Model.php(804): Illuminate\\Database\\Eloquent\\Model->insertAndSetId(Object(Illuminate\\Database\\Eloquent\\Builder), Array)
#8 C:\\Users\\Admin\\Desktop\\UploadingContentV1.0\\PHPScript\\PHPScript\\vendor\\laravel\\framework\\src\\Illuminate\\Database\\Eloquent\\Model.php(667): Illuminate\\Database\\Eloquent\\Model->performInsert(Object(Illuminate\\Database\\Eloquent\\Builder))
#9 C:\\Users\\Admin\\Desktop\\UploadingContentV1.0\\PHPScript\\PHPScript\\vendor\\cartalyst\\sentinel\\src\\Throttling\\IlluminateThrottleRepository.php(189): Illuminate\\Database\\Eloquent\\Model->save()
#10 C:\\Users\\Admin\\Desktop\\UploadingContentV1.0\\PHPScript\\PHPScript\\vendor\\cartalyst\\sentinel\\src\\Checkpoints\\ThrottleCheckpoint.php(86): Cartalyst\\Sentinel\\Throttling\\IlluminateThrottleRepository->log('127.0.0.1', Object(Cartalyst\\Sentinel\\Users\\EloquentUser))
#11 C:\\Users\\Admin\\Desktop\\UploadingContentV1.0\\PHPScript\\PHPScript\\vendor\\cartalyst\\sentinel\\src\\Sentinel.php(673): Cartalyst\\Sentinel\\Checkpoints\\ThrottleCheckpoint->fail(Object(Cartalyst\\Sentinel\\Users\\EloquentUser))
#12 C:\\Users\\Admin\\Desktop\\UploadingContentV1.0\\PHPScript\\PHPScript\\vendor\\cartalyst\\sentinel\\src\\Sentinel.php(305): Cartalyst\\Sentinel\\Sentinel->cycleCheckpoints('fail', Object(Cartalyst\\Sentinel\\Users\\EloquentUser), false)
#13 C:\\Users\\Admin\\Desktop\\UploadingContentV1.0\\PHPScript\\PHPScript\\vendor\\laravel\\framework\\src\\Illuminate\\Support\\Facades\\Facade.php(239): Cartalyst\\Sentinel\\Sentinel->authenticate(Array)
#14 C:\\Users\\Admin\\Desktop\\UploadingContentV1.0\\PHPScript\\PHPScript\\app\\Http\\Controllers\\Admincontroller.php(28): Illuminate\\Support\\Facades\\Facade::__callStatic('authenticate', Array)
#15 [internal function]: App\\Http\\Controllers\\Admincontroller->postlogin(Object(Illuminate\\Http\\Request))
#16 C:\\Users\\Admin\\Desktop\\UploadingContentV1.0\\PHPScript\\PHPScript\\vendor\\laravel\\framework\\src\\Illuminate\\Routing\\Controller.php(54): call_user_func_array(Array, Array)
#17 C:\\Users\\Admin\\Desktop\\UploadingContentV1.0\\PHPScript\\PHPScript\\vendor\\laravel\\framework\\src\\Illuminate\\Routing\\ControllerDispatcher.php(45): Illuminate\\Routing\\Controller->callAction('postlogin', Array)
#18 C:\\Users\\Admin\\Desktop\\UploadingContentV1.0\\PHPScript\\PHPScript\\vendor\\laravel\\framework\\src\\Illuminate\\Routing\\Route.php(219): Illuminate\\Routing\\ControllerDispatcher->dispatch(Object(Illuminate\\Routing\\Route), Object(App\\Http\\Controllers\\Admincontroller), 'postlogin')
#19 C:\\Users\\Admin\\Desktop\\UploadingContentV1.0\\PHPScript\\PHPScript\\vendor\\laravel\\framework\\src\\Illuminate\\Routing\\Route.php(176): Illuminate\\Routing\\Route->runController()
#20 C:\\Users\\Admin\\Desktop\\UploadingContentV1.0\\PHPScript\\PHPScript\\vendor\\laravel\\framework\\src\\Illuminate\\Routing\\Router.php(680): Illuminate\\Routing\\Route->run()
#21 C:\\Users\\Admin\\Desktop\\UploadingContentV1.0\\PHPScript\\PHPScript\\vendor\\laravel\\framework\\src\\Illuminate\\Routing\\Pipeline.php(30): Illuminate\\Routing\\Router->Illuminate\\Routing\\{closure}(Object(Illuminate\\Http\\Request))
#22 C:\\Users\\Admin\\Desktop\\UploadingContentV1.0\\PHPScript\\PHPScript\\vendor\\laravel\\framework\\src\\Illuminate\\Foundation\\Http\\Middleware\\TransformsRequest.php(21): Illuminate\\Routing\\Pipeline->Illuminate\\Routing\\{closure}(Object(Illuminate\\Http\\Request))
#23 C:\\Users\\Admin\\Desktop\\UploadingContentV1.0\\PHPScript\\PHPScript\\vendor\\laravel\\framework\\src\\Illuminate\\Pipeline\\Pipeline.php(163): Illuminate\\Foundation\\Http\\Middleware\\TransformsRequest->handle(Object(Illuminate\\Http\\Request), Object(Closure))
#24 C:\\Users\\Admin\\Desktop\\UploadingContentV1.0\\PHPScript\\PHPScript\\vendor\\laravel\\framework\\src\\Illuminate\\Routing\\Pipeline.php(53): Illuminate\\Pipeline\\Pipeline->Illuminate\\Pipeline\\{closure}(Object(Illuminate\\Http\\Request))
#25 C:\\Users\\Admin\\Desktop\\UploadingContentV1.0\\PHPScript\\PHPScript\\vendor\\laravel\\framework\\src\\Illuminate\\Routing\\Middleware\\SubstituteBindings.php(41): Illuminate\\Routing\\Pipeline->Illuminate\\Routing\\{closure}(Object(Illuminate\\Http\\Request))
#26 C:\\Users\\Admin\\Desktop\\UploadingContentV1.0\\PHPScript\\PHPScript\\vendor\\laravel\\framework\\src\\Illuminate\\Pipeline\\Pipeline.php(163): Illuminate\\Routing\\Middleware\\SubstituteBindings->handle(Object(Illuminate\\Http\\Request), Object(Closure))
#27 C:\\Users\\Admin\\Desktop\\UploadingContentV1.0\\PHPScript\\PHPScript\\vendor\\laravel\\framework\\src\\Illuminate\\Routing\\Pipeline.php(53): Illuminate\\Pipeline\\Pipeline->Illuminate\\Pipeline\\{closure}(Object(Illuminate\\Http\\Request))
#28 C:\\Users\\Admin\\Desktop\\UploadingContentV1.0\\PHPScript\\PHPScript\\vendor\\laravel\\framework\\src\\Illuminate\\Foundation\\Http\\Middleware\\VerifyCsrfToken.php(75): Illuminate\\Routing\\Pipeline->Illuminate\\Routing\\{closure}(Object(Illuminate\\Http\\Request))
#29 C:\\Users\\Admin\\Desktop\\UploadingContentV1.0\\PHPScript\\PHPScript\\vendor\\laravel\\framework\\src\\Illuminate\\Pipeline\\Pipeline.php(163): Illuminate\\Foundation\\Http\\Middleware\\VerifyCsrfToken->handle(Object(Illuminate\\Http\\Request), Object(Closure))
#30 C:\\Users\\Admin\\Desktop\\UploadingContentV1.0\\PHPScript\\PHPScript\\vendor\\laravel\\framework\\src\\Illuminate\\Routing\\Pipeline.php(53): Illuminate\\Pipeline\\Pipeline->Illuminate\\Pipeline\\{closure}(Object(Illuminate\\Http\\Request))
#31 C:\\Users\\Admin\\Desktop\\UploadingContentV1.0\\PHPScript\\PHPScript\\vendor\\laravel\\framework\\src\\Illuminate\\View\\Middleware\\ShareErrorsFromSession.php(49): Illuminate\\Routing\\Pipeline->Illuminate\\Routing\\{closure}(Object(Illuminate\\Http\\Request))
#32 C:\\Users\\Admin\\Desktop\\UploadingContentV1.0\\PHPScript\\PHPScript\\vendor\\laravel\\framework\\src\\Illuminate\\Pipeline\\Pipeline.php(163): Illuminate\\View\\Middleware\\ShareErrorsFromSession->handle(Object(Illuminate\\Http\\Request), Object(Closure))
#33 C:\\Users\\Admin\\Desktop\\UploadingContentV1.0\\PHPScript\\PHPScript\\vendor\\laravel\\framework\\src\\Illuminate\\Routing\\Pipeline.php(53): Illuminate\\Pipeline\\Pipeline->Illuminate\\Pipeline\\{closure}(Object(Illuminate\\Http\\Request))
#34 C:\\Users\\Admin\\Desktop\\UploadingContentV1.0\\PHPScript\\PHPScript\\vendor\\laravel\\framework\\src\\Illuminate\\Session\\Middleware\\StartSession.php(56): Illuminate\\Routing\\Pipeline->Illuminate\\Routing\\{closure}(Object(Illuminate\\Http\\Request))
#35 C:\\Users\\Admin\\Desktop\\UploadingContentV1.0\\PHPScript\\PHPScript\\vendor\\laravel\\framework\\src\\Illuminate\\Pipeline\\Pipeline.php(163): Illuminate\\Session\\Middleware\\StartSession->handle(Object(Illuminate\\Http\\Request), Object(Closure))
#36 C:\\Users\\Admin\\Desktop\\UploadingContentV1.0\\PHPScript\\PHPScript\\vendor\\laravel\\framework\\src\\Illuminate\\Routing\\Pipeline.php(53): Illuminate\\Pipeline\\Pipeline->Illuminate\\Pipeline\\{closure}(Object(Illuminate\\Http\\Request))
#37 C:\\Users\\Admin\\Desktop\\UploadingContentV1.0\\PHPScript\\PHPScript\\vendor\\laravel\\framework\\src\\Illuminate\\Cookie\\Middleware\\AddQueuedCookiesToResponse.php(37): Illuminate\\Routing\\Pipeline->Illuminate\\Routing\\{closure}(Object(Illuminate\\Http\\Request))
#38 C:\\Users\\Admin\\Desktop\\UploadingContentV1.0\\PHPScript\\PHPScript\\vendor\\laravel\\framework\\src\\Illuminate\\Pipeline\\Pipeline.php(163): Illuminate\\Cookie\\Middleware\\AddQueuedCookiesToResponse->handle(Object(Illuminate\\Http\\Request), Object(Closure))
#39 C:\\Users\\Admin\\Desktop\\UploadingContentV1.0\\PHPScript\\PHPScript\\vendor\\laravel\\framework\\src\\Illuminate\\Routing\\Pipeline.php(53): Illuminate\\Pipeline\\Pipeline->Illuminate\\Pipeline\\{closure}(Object(Illuminate\\Http\\Request))
#40 C:\\Users\\Admin\\Desktop\\UploadingContentV1.0\\PHPScript\\PHPScript\\vendor\\laravel\\framework\\src\\Illuminate\\Cookie\\Middleware\\EncryptCookies.php(66): Illuminate\\Routing\\Pipeline->Illuminate\\Routing\\{closure}(Object(Illuminate\\Http\\Request))
#41 C:\\Users\\Admin\\Desktop\\UploadingContentV1.0\\PHPScript\\PHPScript\\vendor\\laravel\\framework\\src\\Illuminate\\Pipeline\\Pipeline.php(163): Illuminate\\Cookie\\Middleware\\EncryptCookies->handle(Object(Illuminate\\Http\\Request), Object(Closure))
#42 C:\\Users\\Admin\\Desktop\\UploadingContentV1.0\\PHPScript\\PHPScript\\vendor\\laravel\\framework\\src\\Illuminate\\Routing\\Pipeline.php(53): Illuminate\\Pipeline\\Pipeline->Illuminate\\Pipeline\\{closure}(Object(Illuminate\\Http\\Request))
#43 C:\\Users\\Admin\\Desktop\\UploadingContentV1.0\\PHPScript\\PHPScript\\vendor\\laravel\\framework\\src\\Illuminate\\Pipeline\\Pipeline.php(104): Illuminate\\Routing\\Pipeline->Illuminate\\Routing\\{closure}(Object(Illuminate\\Http\\Request))
#44 C:\\Users\\Admin\\Desktop\\UploadingContentV1.0\\PHPScript\\PHPScript\\vendor\\laravel\\framework\\src\\Illuminate\\Routing\\Router.php(682): Illuminate\\Pipeline\\Pipeline->then(Object(Closure))
#45 C:\\Users\\Admin\\Desktop\\UploadingContentV1.0\\PHPScript\\PHPScript\\vendor\\laravel\\framework\\src\\Illuminate\\Routing\\Router.php(657): Illuminate\\Routing\\Router->runRouteWithinStack(Object(Illuminate\\Routing\\Route), Object(Illuminate\\Http\\Request))
#46 C:\\Users\\Admin\\Desktop\\UploadingContentV1.0\\PHPScript\\PHPScript\\vendor\\laravel\\framework\\src\\Illuminate\\Routing\\Router.php(623): Illuminate\\Routing\\Router->runRoute(Object(Illuminate\\Http\\Request), Object(Illuminate\\Routing\\Route))
#47 C:\\Users\\Admin\\Desktop\\UploadingContentV1.0\\PHPScript\\PHPScript\\vendor\\laravel\\framework\\src\\Illuminate\\Routing\\Router.php(612): Illuminate\\Routing\\Router->dispatchToRoute(Object(Illuminate\\Http\\Request))
#48 C:\\Users\\Admin\\Desktop\\UploadingContentV1.0\\PHPScript\\PHPScript\\vendor\\laravel\\framework\\src\\Illuminate\\Foundation\\Http\\Kernel.php(176): Illuminate\\Routing\\Router->dispatch(Object(Illuminate\\Http\\Request))
#49 C:\\Users\\Admin\\Desktop\\UploadingContentV1.0\\PHPScript\\PHPScript\\vendor\\laravel\\framework\\src\\Illuminate\\Routing\\Pipeline.php(30): Illuminate\\Foundation\\Http\\Kernel->Illuminate\\Foundation\\Http\\{closure}(Object(Illuminate\\Http\\Request))
#50 C:\\Users\\Admin\\Desktop\\UploadingContentV1.0\\PHPScript\\PHPScript\\vendor\\laravel\\framework\\src\\Illuminate\\Foundation\\Http\\Middleware\\TransformsRequest.php(21): Illuminate\\Routing\\Pipeline->Illuminate\\Routing\\{closure}(Object(Illuminate\\Http\\Request))
#51 C:\\Users\\Admin\\Desktop\\UploadingContentV1.0\\PHPScript\\PHPScript\\vendor\\laravel\\framework\\src\\Illuminate\\Pipeline\\Pipeline.php(163): Illuminate\\Foundation\\Http\\Middleware\\TransformsRequest->handle(Object(Illuminate\\Http\\Request), Object(Closure))
#52 C:\\Users\\Admin\\Desktop\\UploadingContentV1.0\\PHPScript\\PHPScript\\vendor\\laravel\\framework\\src\\Illuminate\\Routing\\Pipeline.php(53): Illuminate\\Pipeline\\Pipeline->Illuminate\\Pipeline\\{closure}(Object(Illuminate\\Http\\Request))
#53 C:\\Users\\Admin\\Desktop\\UploadingContentV1.0\\PHPScript\\PHPScript\\vendor\\laravel\\framework\\src\\Illuminate\\Foundation\\Http\\Middleware\\TransformsRequest.php(21): Illuminate\\Routing\\Pipeline->Illuminate\\Routing\\{closure}(Object(Illuminate\\Http\\Request))
#54 C:\\Users\\Admin\\Desktop\\UploadingContentV1.0\\PHPScript\\PHPScript\\vendor\\laravel\\framework\\src\\Illuminate\\Pipeline\\Pipeline.php(163): Illuminate\\Foundation\\Http\\Middleware\\TransformsRequest->handle(Object(Illuminate\\Http\\Request), Object(Closure))
#55 C:\\Users\\Admin\\Desktop\\UploadingContentV1.0\\PHPScript\\PHPScript\\vendor\\laravel\\framework\\src\\Illuminate\\Routing\\Pipeline.php(53): Illuminate\\Pipeline\\Pipeline->Illuminate\\Pipeline\\{closure}(Object(Illuminate\\Http\\Request))
#56 C:\\Users\\Admin\\Desktop\\UploadingContentV1.0\\PHPScript\\PHPScript\\vendor\\laravel\\framework\\src\\Illuminate\\Foundation\\Http\\Middleware\\ValidatePostSize.php(27): Illuminate\\Routing\\Pipeline->Illuminate\\Routing\\{closure}(Object(Illuminate\\Http\\Request))
#57 C:\\Users\\Admin\\Desktop\\UploadingContentV1.0\\PHPScript\\PHPScript\\vendor\\laravel\\framework\\src\\Illuminate\\Pipeline\\Pipeline.php(163): Illuminate\\Foundation\\Http\\Middleware\\ValidatePostSize->handle(Object(Illuminate\\Http\\Request), Object(Closure))
#58 C:\\Users\\Admin\\Desktop\\UploadingContentV1.0\\PHPScript\\PHPScript\\vendor\\laravel\\framework\\src\\Illuminate\\Routing\\Pipeline.php(53): Illuminate\\Pipeline\\Pipeline->Illuminate\\Pipeline\\{closure}(Object(Illuminate\\Http\\Request))
#59 C:\\Users\\Admin\\Desktop\\UploadingContentV1.0\\PHPScript\\PHPScript\\vendor\\laravel\\framework\\src\\Illuminate\\Foundation\\Http\\Middleware\\CheckForMaintenanceMode.php(62): Illuminate\\Routing\\Pipeline->Illuminate\\Routing\\{closure}(Object(Illuminate\\Http\\Request))
#60 C:\\Users\\Admin\\Desktop\\UploadingContentV1.0\\PHPScript\\PHPScript\\vendor\\laravel\\framework\\src\\Illuminate\\Pipeline\\Pipeline.php(163): Illuminate\\Foundation\\Http\\Middleware\\CheckForMaintenanceMode->handle(Object(Illuminate\\Http\\Request), Object(Closure))
#61 C:\\Users\\Admin\\Desktop\\UploadingContentV1.0\\PHPScript\\PHPScript\\vendor\\laravel\\framework\\src\\Illuminate\\Routing\\Pipeline.php(53): Illuminate\\Pipeline\\Pipeline->Illuminate\\Pipeline\\{closure}(Object(Illuminate\\Http\\Request))
#62 C:\\Users\\Admin\\Desktop\\UploadingContentV1.0\\PHPScript\\PHPScript\\vendor\\fideloper\\proxy\\src\\TrustProxies.php(57): Illuminate\\Routing\\Pipeline->Illuminate\\Routing\\{closure}(Object(Illuminate\\Http\\Request))
#63 C:\\Users\\Admin\\Desktop\\UploadingContentV1.0\\PHPScript\\PHPScript\\vendor\\laravel\\framework\\src\\Illuminate\\Pipeline\\Pipeline.php(163): Fideloper\\Proxy\\TrustProxies->handle(Object(Illuminate\\Http\\Request), Object(Closure))
#64 C:\\Users\\Admin\\Desktop\\UploadingContentV1.0\\PHPScript\\PHPScript\\vendor\\laravel\\framework\\src\\Illuminate\\Routing\\Pipeline.php(53): Illuminate\\Pipeline\\Pipeline->Illuminate\\Pipeline\\{closure}(Object(Illuminate\\Http\\Request))
#65 C:\\Users\\Admin\\Desktop\\UploadingContentV1.0\\PHPScript\\PHPScript\\vendor\\laravel\\framework\\src\\Illuminate\\Pipeline\\Pipeline.php(104): Illuminate\\Routing\\Pipeline->Illuminate\\Routing\\{closure}(Object(Illuminate\\Http\\Request))
#66 C:\\Users\\Admin\\Desktop\\UploadingContentV1.0\\PHPScript\\PHPScript\\vendor\\laravel\\framework\\src\\Illuminate\\Foundation\\Http\\Kernel.php(151): Illuminate\\Pipeline\\Pipeline->then(Object(Closure))
#67 C:\\Users\\Admin\\Desktop\\UploadingContentV1.0\\PHPScript\\PHPScript\\vendor\\laravel\\framework\\src\\Illuminate\\Foundation\\Http\\Kernel.php(116): Illuminate\\Foundation\\Http\\Kernel->sendRequestThroughRouter(Object(Illuminate\\Http\\Request))
#68 C:\\Users\\Admin\\Desktop\\UploadingContentV1.0\\PHPScript\\PHPScript\\public\\index.php(55): Illuminate\\Foundation\\Http\\Kernel->handle(Object(Illuminate\\Http\\Request))
#69 C:\\Users\\Admin\\Desktop\\UploadingContentV1.0\\PHPScript\\PHPScript\\server.php(21): require_once('C:\\\\Users\\\\Admin\\\\...')
#70 {main}
"} 
[2020-09-21 12:14:13] local.ERROR: Your account has not been activated yet. {"exception":"[object] (Cartalyst\\Sentinel\\Checkpoints\\NotActivatedException(code: 0): Your account has not been activated yet. at C:\\Users\\Admin\\Desktop\\UploadingContentV1.0\\PHPScript\\PHPScript\\vendor\\cartalyst\\sentinel\\src\\Checkpoints\\ActivationCheckpoint.php:76)
[stacktrace]
#0 C:\\Users\\Admin\\Desktop\\UploadingContentV1.0\\PHPScript\\PHPScript\\vendor\\cartalyst\\sentinel\\src\\Checkpoints\\ActivationCheckpoint.php(53): Cartalyst\\Sentinel\\Checkpoints\\ActivationCheckpoint->checkActivation(Object(Cartalyst\\Sentinel\\Users\\EloquentUser))
#1 C:\\Users\\Admin\\Desktop\\UploadingContentV1.0\\PHPScript\\PHPScript\\vendor\\cartalyst\\sentinel\\src\\Sentinel.php(673): Cartalyst\\Sentinel\\Checkpoints\\ActivationCheckpoint->login(Object(Cartalyst\\Sentinel\\Users\\EloquentUser))
#2 C:\\Users\\Admin\\Desktop\\UploadingContentV1.0\\PHPScript\\PHPScript\\vendor\\cartalyst\\sentinel\\src\\Sentinel.php(311): Cartalyst\\Sentinel\\Sentinel->cycleCheckpoints('login', Object(Cartalyst\\Sentinel\\Users\\EloquentUser))
#3 C:\\Users\\Admin\\Desktop\\UploadingContentV1.0\\PHPScript\\PHPScript\\vendor\\laravel\\framework\\src\\Illuminate\\Support\\Facades\\Facade.php(239): Cartalyst\\Sentinel\\Sentinel->authenticate(Array)
#4 C:\\Users\\Admin\\Desktop\\UploadingContentV1.0\\PHPScript\\PHPScript\\app\\Http\\Controllers\\Admincontroller.php(28): Illuminate\\Support\\Facades\\Facade::__callStatic('authenticate', Array)
#5 [internal function]: App\\Http\\Controllers\\Admincontroller->postlogin(Object(Illuminate\\Http\\Request))
#6 C:\\Users\\Admin\\Desktop\\UploadingContentV1.0\\PHPScript\\PHPScript\\vendor\\laravel\\framework\\src\\Illuminate\\Routing\\Controller.php(54): call_user_func_array(Array, Array)
#7 C:\\Users\\Admin\\Desktop\\UploadingContentV1.0\\PHPScript\\PHPScript\\vendor\\laravel\\framework\\src\\Illuminate\\Routing\\ControllerDispatcher.php(45): Illuminate\\Routing\\Controller->callAction('postlogin', Array)
#8 C:\\Users\\Admin\\Desktop\\UploadingContentV1.0\\PHPScript\\PHPScript\\vendor\\laravel\\framework\\src\\Illuminate\\Routing\\Route.php(219): Illuminate\\Routing\\ControllerDispatcher->dispatch(Object(Illuminate\\Routing\\Route), Object(App\\Http\\Controllers\\Admincontroller), 'postlogin')
#9 C:\\Users\\Admin\\Desktop\\UploadingContentV1.0\\PHPScript\\PHPScript\\vendor\\laravel\\framework\\src\\Illuminate\\Routing\\Route.php(176): Illuminate\\Routing\\Route->runController()
#10 C:\\Users\\Admin\\Desktop\\UploadingContentV1.0\\PHPScript\\PHPScript\\vendor\\laravel\\framework\\src\\Illuminate\\Routing\\Router.php(680): Illuminate\\Routing\\Route->run()
#11 C:\\Users\\Admin\\Desktop\\UploadingContentV1.0\\PHPScript\\PHPScript\\vendor\\laravel\\framework\\src\\Illuminate\\Routing\\Pipeline.php(30): Illuminate\\Routing\\Router->Illuminate\\Routing\\{closure}(Object(Illuminate\\Http\\Request))
#12 C:\\Users\\Admin\\Desktop\\UploadingContentV1.0\\PHPScript\\PHPScript\\vendor\\laravel\\framework\\src\\Illuminate\\Foundation\\Http\\Middleware\\TransformsRequest.php(21): Illuminate\\Routing\\Pipeline->Illuminate\\Routing\\{closure}(Object(Illuminate\\Http\\Request))
#13 C:\\Users\\Admin\\Desktop\\UploadingContentV1.0\\PHPScript\\PHPScript\\vendor\\laravel\\framework\\src\\Illuminate\\Pipeline\\Pipeline.php(163): Illuminate\\Foundation\\Http\\Middleware\\TransformsRequest->handle(Object(Illuminate\\Http\\Request), Object(Closure))
#14 C:\\Users\\Admin\\Desktop\\UploadingContentV1.0\\PHPScript\\PHPScript\\vendor\\laravel\\framework\\src\\Illuminate\\Routing\\Pipeline.php(53): Illuminate\\Pipeline\\Pipeline->Illuminate\\Pipeline\\{closure}(Object(Illuminate\\Http\\Request))
#15 C:\\Users\\Admin\\Desktop\\UploadingContentV1.0\\PHPScript\\PHPScript\\vendor\\laravel\\framework\\src\\Illuminate\\Routing\\Middleware\\SubstituteBindings.php(41): Illuminate\\Routing\\Pipeline->Illuminate\\Routing\\{closure}(Object(Illuminate\\Http\\Request))
#16 C:\\Users\\Admin\\Desktop\\UploadingContentV1.0\\PHPScript\\PHPScript\\vendor\\laravel\\framework\\src\\Illuminate\\Pipeline\\Pipeline.php(163): Illuminate\\Routing\\Middleware\\SubstituteBindings->handle(Object(Illuminate\\Http\\Request), Object(Closure))
#17 C:\\Users\\Admin\\Desktop\\UploadingContentV1.0\\PHPScript\\PHPScript\\vendor\\laravel\\framework\\src\\Illuminate\\Routing\\Pipeline.php(53): Illuminate\\Pipeline\\Pipeline->Illuminate\\Pipeline\\{closure}(Object(Illuminate\\Http\\Request))
#18 C:\\Users\\Admin\\Desktop\\UploadingContentV1.0\\PHPScript\\PHPScript\\vendor\\laravel\\framework\\src\\Illuminate\\Foundation\\Http\\Middleware\\VerifyCsrfToken.php(75): Illuminate\\Routing\\Pipeline->Illuminate\\Routing\\{closure}(Object(Illuminate\\Http\\Request))
#19 C:\\Users\\Admin\\Desktop\\UploadingContentV1.0\\PHPScript\\PHPScript\\vendor\\laravel\\framework\\src\\Illuminate\\Pipeline\\Pipeline.php(163): Illuminate\\Foundation\\Http\\Middleware\\VerifyCsrfToken->handle(Object(Illuminate\\Http\\Request), Object(Closure))
#20 C:\\Users\\Admin\\Desktop\\UploadingContentV1.0\\PHPScript\\PHPScript\\vendor\\laravel\\framework\\src\\Illuminate\\Routing\\Pipeline.php(53): Illuminate\\Pipeline\\Pipeline->Illuminate\\Pipeline\\{closure}(Object(Illuminate\\Http\\Request))
#21 C:\\Users\\Admin\\Desktop\\UploadingContentV1.0\\PHPScript\\PHPScript\\vendor\\laravel\\framework\\src\\Illuminate\\View\\Middleware\\ShareErrorsFromSession.php(49): Illuminate\\Routing\\Pipeline->Illuminate\\Routing\\{closure}(Object(Illuminate\\Http\\Request))
#22 C:\\Users\\Admin\\Desktop\\UploadingContentV1.0\\PHPScript\\PHPScript\\vendor\\laravel\\framework\\src\\Illuminate\\Pipeline\\Pipeline.php(163): Illuminate\\View\\Middleware\\ShareErrorsFromSession->handle(Object(Illuminate\\Http\\Request), Object(Closure))
#23 C:\\Users\\Admin\\Desktop\\UploadingContentV1.0\\PHPScript\\PHPScript\\vendor\\laravel\\framework\\src\\Illuminate\\Routing\\Pipeline.php(53): Illuminate\\Pipeline\\Pipeline->Illuminate\\Pipeline\\{closure}(Object(Illuminate\\Http\\Request))
#24 C:\\Users\\Admin\\Desktop\\UploadingContentV1.0\\PHPScript\\PHPScript\\vendor\\laravel\\framework\\src\\Illuminate\\Session\\Middleware\\StartSession.php(56): Illuminate\\Routing\\Pipeline->Illuminate\\Routing\\{closure}(Object(Illuminate\\Http\\Request))
#25 C:\\Users\\Admin\\Desktop\\UploadingContentV1.0\\PHPScript\\PHPScript\\vendor\\laravel\\framework\\src\\Illuminate\\Pipeline\\Pipeline.php(163): Illuminate\\Session\\Middleware\\StartSession->handle(Object(Illuminate\\Http\\Request), Object(Closure))
#26 C:\\Users\\Admin\\Desktop\\UploadingContentV1.0\\PHPScript\\PHPScript\\vendor\\laravel\\framework\\src\\Illuminate\\Routing\\Pipeline.php(53): Illuminate\\Pipeline\\Pipeline->Illuminate\\Pipeline\\{closure}(Object(Illuminate\\Http\\Request))
#27 C:\\Users\\Admin\\Desktop\\UploadingContentV1.0\\PHPScript\\PHPScript\\vendor\\laravel\\framework\\src\\Illuminate\\Cookie\\Middleware\\AddQueuedCookiesToResponse.php(37): Illuminate\\Routing\\Pipeline->Illuminate\\Routing\\{closure}(Object(Illuminate\\Http\\Request))
#28 C:\\Users\\Admin\\Desktop\\UploadingContentV1.0\\PHPScript\\PHPScript\\vendor\\laravel\\framework\\src\\Illuminate\\Pipeline\\Pipeline.php(163): Illuminate\\Cookie\\Middleware\\AddQueuedCookiesToResponse->handle(Object(Illuminate\\Http\\Request), Object(Closure))
#29 C:\\Users\\Admin\\Desktop\\UploadingContentV1.0\\PHPScript\\PHPScript\\vendor\\laravel\\framework\\src\\Illuminate\\Routing\\Pipeline.php(53): Illuminate\\Pipeline\\Pipeline->Illuminate\\Pipeline\\{closure}(Object(Illuminate\\Http\\Request))
#30 C:\\Users\\Admin\\Desktop\\UploadingContentV1.0\\PHPScript\\PHPScript\\vendor\\laravel\\framework\\src\\Illuminate\\Cookie\\Middleware\\EncryptCookies.php(66): Illuminate\\Routing\\Pipeline->Illuminate\\Routing\\{closure}(Object(Illuminate\\Http\\Request))
#31 C:\\Users\\Admin\\Desktop\\UploadingContentV1.0\\PHPScript\\PHPScript\\vendor\\laravel\\framework\\src\\Illuminate\\Pipeline\\Pipeline.php(163): Illuminate\\Cookie\\Middleware\\EncryptCookies->handle(Object(Illuminate\\Http\\Request), Object(Closure))
#32 C:\\Users\\Admin\\Desktop\\UploadingContentV1.0\\PHPScript\\PHPScript\\vendor\\laravel\\framework\\src\\Illuminate\\Routing\\Pipeline.php(53): Illuminate\\Pipeline\\Pipeline->Illuminate\\Pipeline\\{closure}(Object(Illuminate\\Http\\Request))
#33 C:\\Users\\Admin\\Desktop\\UploadingContentV1.0\\PHPScript\\PHPScript\\vendor\\laravel\\framework\\src\\Illuminate\\Pipeline\\Pipeline.php(104): Illuminate\\Routing\\Pipeline->Illuminate\\Routing\\{closure}(Object(Illuminate\\Http\\Request))
#34 C:\\Users\\Admin\\Desktop\\UploadingContentV1.0\\PHPScript\\PHPScript\\vendor\\laravel\\framework\\src\\Illuminate\\Routing\\Router.php(682): Illuminate\\Pipeline\\Pipeline->then(Object(Closure))
#35 C:\\Users\\Admin\\Desktop\\UploadingContentV1.0\\PHPScript\\PHPScript\\vendor\\laravel\\framework\\src\\Illuminate\\Routing\\Router.php(657): Illuminate\\Routing\\Router->runRouteWithinStack(Object(Illuminate\\Routing\\Route), Object(Illuminate\\Http\\Request))
#36 C:\\Users\\Admin\\Desktop\\UploadingContentV1.0\\PHPScript\\PHPScript\\vendor\\laravel\\framework\\src\\Illuminate\\Routing\\Router.php(623): Illuminate\\Routing\\Router->runRoute(Object(Illuminate\\Http\\Request), Object(Illuminate\\Routing\\Route))
#37 C:\\Users\\Admin\\Desktop\\UploadingContentV1.0\\PHPScript\\PHPScript\\vendor\\laravel\\framework\\src\\Illuminate\\Routing\\Router.php(612): Illuminate\\Routing\\Router->dispatchToRoute(Object(Illuminate\\Http\\Request))
#38 C:\\Users\\Admin\\Desktop\\UploadingContentV1.0\\PHPScript\\PHPScript\\vendor\\laravel\\framework\\src\\Illuminate\\Foundation\\Http\\Kernel.php(176): Illuminate\\Routing\\Router->dispatch(Object(Illuminate\\Http\\Request))
#39 C:\\Users\\Admin\\Desktop\\UploadingContentV1.0\\PHPScript\\PHPScript\\vendor\\laravel\\framework\\src\\Illuminate\\Routing\\Pipeline.php(30): Illuminate\\Foundation\\Http\\Kernel->Illuminate\\Foundation\\Http\\{closure}(Object(Illuminate\\Http\\Request))
#40 C:\\Users\\Admin\\Desktop\\UploadingContentV1.0\\PHPScript\\PHPScript\\vendor\\laravel\\framework\\src\\Illuminate\\Foundation\\Http\\Middleware\\TransformsRequest.php(21): Illuminate\\Routing\\Pipeline->Illuminate\\Routing\\{closure}(Object(Illuminate\\Http\\Request))
#41 C:\\Users\\Admin\\Desktop\\UploadingContentV1.0\\PHPScript\\PHPScript\\vendor\\laravel\\framework\\src\\Illuminate\\Pipeline\\Pipeline.php(163): Illuminate\\Foundation\\Http\\Middleware\\TransformsRequest->handle(Object(Illuminate\\Http\\Request), Object(Closure))
#42 C:\\Users\\Admin\\Desktop\\UploadingContentV1.0\\PHPScript\\PHPScript\\vendor\\laravel\\framework\\src\\Illuminate\\Routing\\Pipeline.php(53): Illuminate\\Pipeline\\Pipeline->Illuminate\\Pipeline\\{closure}(Object(Illuminate\\Http\\Request))
#43 C:\\Users\\Admin\\Desktop\\UploadingContentV1.0\\PHPScript\\PHPScript\\vendor\\laravel\\framework\\src\\Illuminate\\Foundation\\Http\\Middleware\\TransformsRequest.php(21): Illuminate\\Routing\\Pipeline->Illuminate\\Routing\\{closure}(Object(Illuminate\\Http\\Request))
#44 C:\\Users\\Admin\\Desktop\\UploadingContentV1.0\\PHPScript\\PHPScript\\vendor\\laravel\\framework\\src\\Illuminate\\Pipeline\\Pipeline.php(163): Illuminate\\Foundation\\Http\\Middleware\\TransformsRequest->handle(Object(Illuminate\\Http\\Request), Object(Closure))
#45 C:\\Users\\Admin\\Desktop\\UploadingContentV1.0\\PHPScript\\PHPScript\\vendor\\laravel\\framework\\src\\Illuminate\\Routing\\Pipeline.php(53): Illuminate\\Pipeline\\Pipeline->Illuminate\\Pipeline\\{closure}(Object(Illuminate\\Http\\Request))
#46 C:\\Users\\Admin\\Desktop\\UploadingContentV1.0\\PHPScript\\PHPScript\\vendor\\laravel\\framework\\src\\Illuminate\\Foundation\\Http\\Middleware\\ValidatePostSize.php(27): Illuminate\\Routing\\Pipeline->Illuminate\\Routing\\{closure}(Object(Illuminate\\Http\\Request))
#47 C:\\Users\\Admin\\Desktop\\UploadingContentV1.0\\PHPScript\\PHPScript\\vendor\\laravel\\framework\\src\\Illuminate\\Pipeline\\Pipeline.php(163): Illuminate\\Foundation\\Http\\Middleware\\ValidatePostSize->handle(Object(Illuminate\\Http\\Request), Object(Closure))
#48 C:\\Users\\Admin\\Desktop\\UploadingContentV1.0\\PHPScript\\PHPScript\\vendor\\laravel\\framework\\src\\Illuminate\\Routing\\Pipeline.php(53): Illuminate\\Pipeline\\Pipeline->Illuminate\\Pipeline\\{closure}(Object(Illuminate\\Http\\Request))
#49 C:\\Users\\Admin\\Desktop\\UploadingContentV1.0\\PHPScript\\PHPScript\\vendor\\laravel\\framework\\src\\Illuminate\\Foundation\\Http\\Middleware\\CheckForMaintenanceMode.php(62): Illuminate\\Routing\\Pipeline->Illuminate\\Routing\\{closure}(Object(Illuminate\\Http\\Request))
#50 C:\\Users\\Admin\\Desktop\\UploadingContentV1.0\\PHPScript\\PHPScript\\vendor\\laravel\\framework\\src\\Illuminate\\Pipeline\\Pipeline.php(163): Illuminate\\Foundation\\Http\\Middleware\\CheckForMaintenanceMode->handle(Object(Illuminate\\Http\\Request), Object(Closure))
#51 C:\\Users\\Admin\\Desktop\\UploadingContentV1.0\\PHPScript\\PHPScript\\vendor\\laravel\\framework\\src\\Illuminate\\Routing\\Pipeline.php(53): Illuminate\\Pipeline\\Pipeline->Illuminate\\Pipeline\\{closure}(Object(Illuminate\\Http\\Request))
#52 C:\\Users\\Admin\\Desktop\\UploadingContentV1.0\\PHPScript\\PHPScript\\vendor\\fideloper\\proxy\\src\\TrustProxies.php(57): Illuminate\\Routing\\Pipeline->Illuminate\\Routing\\{closure}(Object(Illuminate\\Http\\Request))
#53 C:\\Users\\Admin\\Desktop\\UploadingContentV1.0\\PHPScript\\PHPScript\\vendor\\laravel\\framework\\src\\Illuminate\\Pipeline\\Pipeline.php(163): Fideloper\\Proxy\\TrustProxies->handle(Object(Illuminate\\Http\\Request), Object(Closure))
#54 C:\\Users\\Admin\\Desktop\\UploadingContentV1.0\\PHPScript\\PHPScript\\vendor\\laravel\\framework\\src\\Illuminate\\Routing\\Pipeline.php(53): Illuminate\\Pipeline\\Pipeline->Illuminate\\Pipeline\\{closure}(Object(Illuminate\\Http\\Request))
#55 C:\\Users\\Admin\\Desktop\\UploadingContentV1.0\\PHPScript\\PHPScript\\vendor\\laravel\\framework\\src\\Illuminate\\Pipeline\\Pipeline.php(104): Illuminate\\Routing\\Pipeline->Illuminate\\Routing\\{closure}(Object(Illuminate\\Http\\Request))
#56 C:\\Users\\Admin\\Desktop\\UploadingContentV1.0\\PHPScript\\PHPScript\\vendor\\laravel\\framework\\src\\Illuminate\\Foundation\\Http\\Kernel.php(151): Illuminate\\Pipeline\\Pipeline->then(Object(Closure))
#57 C:\\Users\\Admin\\Desktop\\UploadingContentV1.0\\PHPScript\\PHPScript\\vendor\\laravel\\framework\\src\\Illuminate\\Foundation\\Http\\Kernel.php(116): Illuminate\\Foundation\\Http\\Kernel->sendRequestThroughRouter(Object(Illuminate\\Http\\Request))
#58 C:\\Users\\Admin\\Desktop\\UploadingContentV1.0\\PHPScript\\PHPScript\\public\\index.php(55): Illuminate\\Foundation\\Http\\Kernel->handle(Object(Illuminate\\Http\\Request))
#59 C:\\Users\\Admin\\Desktop\\UploadingContentV1.0\\PHPScript\\PHPScript\\server.php(21): require_once('C:\\\\Users\\\\Admin\\\\...')
#60 {main}
"} 
