[2020-10-24 01:14:21] local.ERROR: SQLSTATE[HY000] [2002] No connection could be made because the target machine actively refused it.
 (SQL: select * from `update_cron` where `date` = 2020-10-24 limit 1) {"exception":"[object] (Illuminate\\Database\\QueryException(code: 2002): SQLSTATE[HY000] [2002] No connection could be made because the target machine actively refused it.
 (SQL: select * from `update_cron` where `date` = 2020-10-24 limit 1) at D:\\Learning\\4th\\Mobie\\UploadingContentV1.0\\PHPScript\\PHPScript\\vendor\\laravel\\framework\\src\\Illuminate\\Database\\Connection.php:664, PDOException(code: 2002): SQLSTATE[HY000] [2002] No connection could be made because the target machine actively refused it.
 at D:\\Learning\\4th\\Mobie\\UploadingContentV1.0\\PHPScript\\PHPScript\\vendor\\laravel\\framework\\src\\Illuminate\\Database\\Connectors\\Connector.php:70)
[stacktrace]
#0 D:\\Learning\\4th\\Mobie\\UploadingContentV1.0\\PHPScript\\PHPScript\\vendor\\laravel\\framework\\src\\Illuminate\\Database\\Connection.php(624): Illuminate\\Database\\Connection->runQueryCallback('select * from `...', Array, Object(Closure))
#1 D:\\Learning\\4th\\Mobie\\UploadingContentV1.0\\PHPScript\\PHPScript\\vendor\\laravel\\framework\\src\\Illuminate\\Database\\Connection.php(333): Illuminate\\Database\\Connection->run('select * from `...', Array, Object(Closure))
#2 D:\\Learning\\4th\\Mobie\\UploadingContentV1.0\\PHPScript\\PHPScript\\vendor\\laravel\\framework\\src\\Illuminate\\Database\\Query\\Builder.php(2130): Illuminate\\Database\\Connection->select('select * from `...', Array, true)
#3 D:\\Learning\\4th\\Mobie\\UploadingContentV1.0\\PHPScript\\PHPScript\\vendor\\laravel\\framework\\src\\Illuminate\\Database\\Query\\Builder.php(2118): Illuminate\\Database\\Query\\Builder->runSelect()
#4 D:\\Learning\\4th\\Mobie\\UploadingContentV1.0\\PHPScript\\PHPScript\\vendor\\laravel\\framework\\src\\Illuminate\\Database\\Query\\Builder.php(2604): Illuminate\\Database\\Query\\Builder->Illuminate\\Database\\Query\\{closure}()
#5 D:\\Learning\\4th\\Mobie\\UploadingContentV1.0\\PHPScript\\PHPScript\\vendor\\laravel\\framework\\src\\Illuminate\\Database\\Query\\Builder.php(2119): Illuminate\\Database\\Query\\Builder->onceWithColumns(Array, Object(Closure))
#6 D:\\Learning\\4th\\Mobie\\UploadingContentV1.0\\PHPScript\\PHPScript\\vendor\\laravel\\framework\\src\\Illuminate\\Database\\Eloquent\\Builder.php(521): Illuminate\\Database\\Query\\Builder->get(Array)
#7 D:\\Learning\\4th\\Mobie\\UploadingContentV1.0\\PHPScript\\PHPScript\\vendor\\laravel\\framework\\src\\Illuminate\\Database\\Eloquent\\Builder.php(505): Illuminate\\Database\\Eloquent\\Builder->getModels(Array)
#8 D:\\Learning\\4th\\Mobie\\UploadingContentV1.0\\PHPScript\\PHPScript\\vendor\\laravel\\framework\\src\\Illuminate\\Database\\Concerns\\BuildsQueries.php(77): Illuminate\\Database\\Eloquent\\Builder->get(Array)
#9 D:\\Learning\\4th\\Mobie\\UploadingContentV1.0\\PHPScript\\PHPScript\\app\\Http\\Controllers\\Controller.php(17): Illuminate\\Database\\Eloquent\\Builder->first()
#10 D:\\Learning\\4th\\Mobie\\UploadingContentV1.0\\PHPScript\\PHPScript\\app\\Http\\Controllers\\Admincontroller.php(19): App\\Http\\Controllers\\Controller->callschedule()
#11 [internal function]: App\\Http\\Controllers\\Admincontroller->showlogin()
#12 D:\\Learning\\4th\\Mobie\\UploadingContentV1.0\\PHPScript\\PHPScript\\vendor\\laravel\\framework\\src\\Illuminate\\Routing\\Controller.php(54): call_user_func_array(Array, Array)
#13 D:\\Learning\\4th\\Mobie\\UploadingContentV1.0\\PHPScript\\PHPScript\\vendor\\laravel\\framework\\src\\Illuminate\\Routing\\ControllerDispatcher.php(45): Illuminate\\Routing\\Controller->callAction('showlogin', Array)
#14 D:\\Learning\\4th\\Mobie\\UploadingContentV1.0\\PHPScript\\PHPScript\\vendor\\laravel\\framework\\src\\Illuminate\\Routing\\Route.php(219): Illuminate\\Routing\\ControllerDispatcher->dispatch(Object(Illuminate\\Routing\\Route), Object(App\\Http\\Controllers\\Admincontroller), 'showlogin')
#15 D:\\Learning\\4th\\Mobie\\UploadingContentV1.0\\PHPScript\\PHPScript\\vendor\\laravel\\framework\\src\\Illuminate\\Routing\\Route.php(176): Illuminate\\Routing\\Route->runController()
#16 D:\\Learning\\4th\\Mobie\\UploadingContentV1.0\\PHPScript\\PHPScript\\vendor\\laravel\\framework\\src\\Illuminate\\Routing\\Router.php(680): Illuminate\\Routing\\Route->run()
#17 D:\\Learning\\4th\\Mobie\\UploadingContentV1.0\\PHPScript\\PHPScript\\vendor\\laravel\\framework\\src\\Illuminate\\Routing\\Pipeline.php(30): Illuminate\\Routing\\Router->Illuminate\\Routing\\{closure}(Object(Illuminate\\Http\\Request))
#18 D:\\Learning\\4th\\Mobie\\UploadingContentV1.0\\PHPScript\\PHPScript\\vendor\\laravel\\framework\\src\\Illuminate\\Foundation\\Http\\Middleware\\TransformsRequest.php(21): Illuminate\\Routing\\Pipeline->Illuminate\\Routing\\{closure}(Object(Illuminate\\Http\\Request))
#19 D:\\Learning\\4th\\Mobie\\UploadingContentV1.0\\PHPScript\\PHPScript\\vendor\\laravel\\framework\\src\\Illuminate\\Pipeline\\Pipeline.php(163): Illuminate\\Foundation\\Http\\Middleware\\TransformsRequest->handle(Object(Illuminate\\Http\\Request), Object(Closure))
#20 D:\\Learning\\4th\\Mobie\\UploadingContentV1.0\\PHPScript\\PHPScript\\vendor\\laravel\\framework\\src\\Illuminate\\Routing\\Pipeline.php(53): Illuminate\\Pipeline\\Pipeline->Illuminate\\Pipeline\\{closure}(Object(Illuminate\\Http\\Request))
#21 D:\\Learning\\4th\\Mobie\\UploadingContentV1.0\\PHPScript\\PHPScript\\vendor\\laravel\\framework\\src\\Illuminate\\Routing\\Middleware\\SubstituteBindings.php(41): Illuminate\\Routing\\Pipeline->Illuminate\\Routing\\{closure}(Object(Illuminate\\Http\\Request))
#22 D:\\Learning\\4th\\Mobie\\UploadingContentV1.0\\PHPScript\\PHPScript\\vendor\\laravel\\framework\\src\\Illuminate\\Pipeline\\Pipeline.php(163): Illuminate\\Routing\\Middleware\\SubstituteBindings->handle(Object(Illuminate\\Http\\Request), Object(Closure))
#23 D:\\Learning\\4th\\Mobie\\UploadingContentV1.0\\PHPScript\\PHPScript\\vendor\\laravel\\framework\\src\\Illuminate\\Routing\\Pipeline.php(53): Illuminate\\Pipeline\\Pipeline->Illuminate\\Pipeline\\{closure}(Object(Illuminate\\Http\\Request))
#24 D:\\Learning\\4th\\Mobie\\UploadingContentV1.0\\PHPScript\\PHPScript\\vendor\\laravel\\framework\\src\\Illuminate\\Foundation\\Http\\Middleware\\VerifyCsrfToken.php(75): Illuminate\\Routing\\Pipeline->Illuminate\\Routing\\{closure}(Object(Illuminate\\Http\\Request))
#25 D:\\Learning\\4th\\Mobie\\UploadingContentV1.0\\PHPScript\\PHPScript\\vendor\\laravel\\framework\\src\\Illuminate\\Pipeline\\Pipeline.php(163): Illuminate\\Foundation\\Http\\Middleware\\VerifyCsrfToken->handle(Object(Illuminate\\Http\\Request), Object(Closure))
#26 D:\\Learning\\4th\\Mobie\\UploadingContentV1.0\\PHPScript\\PHPScript\\vendor\\laravel\\framework\\src\\Illuminate\\Routing\\Pipeline.php(53): Illuminate\\Pipeline\\Pipeline->Illuminate\\Pipeline\\{closure}(Object(Illuminate\\Http\\Request))
#27 D:\\Learning\\4th\\Mobie\\UploadingContentV1.0\\PHPScript\\PHPScript\\vendor\\laravel\\framework\\src\\Illuminate\\View\\Middleware\\ShareErrorsFromSession.php(49): Illuminate\\Routing\\Pipeline->Illuminate\\Routing\\{closure}(Object(Illuminate\\Http\\Request))
#28 D:\\Learning\\4th\\Mobie\\UploadingContentV1.0\\PHPScript\\PHPScript\\vendor\\laravel\\framework\\src\\Illuminate\\Pipeline\\Pipeline.php(163): Illuminate\\View\\Middleware\\ShareErrorsFromSession->handle(Object(Illuminate\\Http\\Request), Object(Closure))
#29 D:\\Learning\\4th\\Mobie\\UploadingContentV1.0\\PHPScript\\PHPScript\\vendor\\laravel\\framework\\src\\Illuminate\\Routing\\Pipeline.php(53): Illuminate\\Pipeline\\Pipeline->Illuminate\\Pipeline\\{closure}(Object(Illuminate\\Http\\Request))
#30 D:\\Learning\\4th\\Mobie\\UploadingContentV1.0\\PHPScript\\PHPScript\\vendor\\laravel\\framework\\src\\Illuminate\\Session\\Middleware\\StartSession.php(56): Illuminate\\Routing\\Pipeline->Illuminate\\Routing\\{closure}(Object(Illuminate\\Http\\Request))
#31 D:\\Learning\\4th\\Mobie\\UploadingContentV1.0\\PHPScript\\PHPScript\\vendor\\laravel\\framework\\src\\Illuminate\\Pipeline\\Pipeline.php(163): Illuminate\\Session\\Middleware\\StartSession->handle(Object(Illuminate\\Http\\Request), Object(Closure))
#32 D:\\Learning\\4th\\Mobie\\UploadingContentV1.0\\PHPScript\\PHPScript\\vendor\\laravel\\framework\\src\\Illuminate\\Routing\\Pipeline.php(53): Illuminate\\Pipeline\\Pipeline->Illuminate\\Pipeline\\{closure}(Object(Illuminate\\Http\\Request))
#33 D:\\Learning\\4th\\Mobie\\UploadingContentV1.0\\PHPScript\\PHPScript\\vendor\\laravel\\framework\\src\\Illuminate\\Cookie\\Middleware\\AddQueuedCookiesToResponse.php(37): Illuminate\\Routing\\Pipeline->Illuminate\\Routing\\{closure}(Object(Illuminate\\Http\\Request))
#34 D:\\Learning\\4th\\Mobie\\UploadingContentV1.0\\PHPScript\\PHPScript\\vendor\\laravel\\framework\\src\\Illuminate\\Pipeline\\Pipeline.php(163): Illuminate\\Cookie\\Middleware\\AddQueuedCookiesToResponse->handle(Object(Illuminate\\Http\\Request), Object(Closure))
#35 D:\\Learning\\4th\\Mobie\\UploadingContentV1.0\\PHPScript\\PHPScript\\vendor\\laravel\\framework\\src\\Illuminate\\Routing\\Pipeline.php(53): Illuminate\\Pipeline\\Pipeline->Illuminate\\Pipeline\\{closure}(Object(Illuminate\\Http\\Request))
#36 D:\\Learning\\4th\\Mobie\\UploadingContentV1.0\\PHPScript\\PHPScript\\vendor\\laravel\\framework\\src\\Illuminate\\Cookie\\Middleware\\EncryptCookies.php(66): Illuminate\\Routing\\Pipeline->Illuminate\\Routing\\{closure}(Object(Illuminate\\Http\\Request))
#37 D:\\Learning\\4th\\Mobie\\UploadingContentV1.0\\PHPScript\\PHPScript\\vendor\\laravel\\framework\\src\\Illuminate\\Pipeline\\Pipeline.php(163): Illuminate\\Cookie\\Middleware\\EncryptCookies->handle(Object(Illuminate\\Http\\Request), Object(Closure))
#38 D:\\Learning\\4th\\Mobie\\UploadingContentV1.0\\PHPScript\\PHPScript\\vendor\\laravel\\framework\\src\\Illuminate\\Routing\\Pipeline.php(53): Illuminate\\Pipeline\\Pipeline->Illuminate\\Pipeline\\{closure}(Object(Illuminate\\Http\\Request))
#39 D:\\Learning\\4th\\Mobie\\UploadingContentV1.0\\PHPScript\\PHPScript\\vendor\\laravel\\framework\\src\\Illuminate\\Pipeline\\Pipeline.php(104): Illuminate\\Routing\\Pipeline->Illuminate\\Routing\\{closure}(Object(Illuminate\\Http\\Request))
#40 D:\\Learning\\4th\\Mobie\\UploadingContentV1.0\\PHPScript\\PHPScript\\vendor\\laravel\\framework\\src\\Illuminate\\Routing\\Router.php(682): Illuminate\\Pipeline\\Pipeline->then(Object(Closure))
#41 D:\\Learning\\4th\\Mobie\\UploadingContentV1.0\\PHPScript\\PHPScript\\vendor\\laravel\\framework\\src\\Illuminate\\Routing\\Router.php(657): Illuminate\\Routing\\Router->runRouteWithinStack(Object(Illuminate\\Routing\\Route), Object(Illuminate\\Http\\Request))
#42 D:\\Learning\\4th\\Mobie\\UploadingContentV1.0\\PHPScript\\PHPScript\\vendor\\laravel\\framework\\src\\Illuminate\\Routing\\Router.php(623): Illuminate\\Routing\\Router->runRoute(Object(Illuminate\\Http\\Request), Object(Illuminate\\Routing\\Route))
#43 D:\\Learning\\4th\\Mobie\\UploadingContentV1.0\\PHPScript\\PHPScript\\vendor\\laravel\\framework\\src\\Illuminate\\Routing\\Router.php(612): Illuminate\\Routing\\Router->dispatchToRoute(Object(Illuminate\\Http\\Request))
#44 D:\\Learning\\4th\\Mobie\\UploadingContentV1.0\\PHPScript\\PHPScript\\vendor\\laravel\\framework\\src\\Illuminate\\Foundation\\Http\\Kernel.php(176): Illuminate\\Routing\\Router->dispatch(Object(Illuminate\\Http\\Request))
#45 D:\\Learning\\4th\\Mobie\\UploadingContentV1.0\\PHPScript\\PHPScript\\vendor\\laravel\\framework\\src\\Illuminate\\Routing\\Pipeline.php(30): Illuminate\\Foundation\\Http\\Kernel->Illuminate\\Foundation\\Http\\{closure}(Object(Illuminate\\Http\\Request))
#46 D:\\Learning\\4th\\Mobie\\UploadingContentV1.0\\PHPScript\\PHPScript\\vendor\\laravel\\framework\\src\\Illuminate\\Foundation\\Http\\Middleware\\TransformsRequest.php(21): Illuminate\\Routing\\Pipeline->Illuminate\\Routing\\{closure}(Object(Illuminate\\Http\\Request))
#47 D:\\Learning\\4th\\Mobie\\UploadingContentV1.0\\PHPScript\\PHPScript\\vendor\\laravel\\framework\\src\\Illuminate\\Pipeline\\Pipeline.php(163): Illuminate\\Foundation\\Http\\Middleware\\TransformsRequest->handle(Object(Illuminate\\Http\\Request), Object(Closure))
#48 D:\\Learning\\4th\\Mobie\\UploadingContentV1.0\\PHPScript\\PHPScript\\vendor\\laravel\\framework\\src\\Illuminate\\Routing\\Pipeline.php(53): Illuminate\\Pipeline\\Pipeline->Illuminate\\Pipeline\\{closure}(Object(Illuminate\\Http\\Request))
#49 D:\\Learning\\4th\\Mobie\\UploadingContentV1.0\\PHPScript\\PHPScript\\vendor\\laravel\\framework\\src\\Illuminate\\Foundation\\Http\\Middleware\\TransformsRequest.php(21): Illuminate\\Routing\\Pipeline->Illuminate\\Routing\\{closure}(Object(Illuminate\\Http\\Request))
#50 D:\\Learning\\4th\\Mobie\\UploadingContentV1.0\\PHPScript\\PHPScript\\vendor\\laravel\\framework\\src\\Illuminate\\Pipeline\\Pipeline.php(163): Illuminate\\Foundation\\Http\\Middleware\\TransformsRequest->handle(Object(Illuminate\\Http\\Request), Object(Closure))
#51 D:\\Learning\\4th\\Mobie\\UploadingContentV1.0\\PHPScript\\PHPScript\\vendor\\laravel\\framework\\src\\Illuminate\\Routing\\Pipeline.php(53): Illuminate\\Pipeline\\Pipeline->Illuminate\\Pipeline\\{closure}(Object(Illuminate\\Http\\Request))
#52 D:\\Learning\\4th\\Mobie\\UploadingContentV1.0\\PHPScript\\PHPScript\\vendor\\laravel\\framework\\src\\Illuminate\\Foundation\\Http\\Middleware\\ValidatePostSize.php(27): Illuminate\\Routing\\Pipeline->Illuminate\\Routing\\{closure}(Object(Illuminate\\Http\\Request))
#53 D:\\Learning\\4th\\Mobie\\UploadingContentV1.0\\PHPScript\\PHPScript\\vendor\\laravel\\framework\\src\\Illuminate\\Pipeline\\Pipeline.php(163): Illuminate\\Foundation\\Http\\Middleware\\ValidatePostSize->handle(Object(Illuminate\\Http\\Request), Object(Closure))
#54 D:\\Learning\\4th\\Mobie\\UploadingContentV1.0\\PHPScript\\PHPScript\\vendor\\laravel\\framework\\src\\Illuminate\\Routing\\Pipeline.php(53): Illuminate\\Pipeline\\Pipeline->Illuminate\\Pipeline\\{closure}(Object(Illuminate\\Http\\Request))
#55 D:\\Learning\\4th\\Mobie\\UploadingContentV1.0\\PHPScript\\PHPScript\\vendor\\laravel\\framework\\src\\Illuminate\\Foundation\\Http\\Middleware\\CheckForMaintenanceMode.php(62): Illuminate\\Routing\\Pipeline->Illuminate\\Routing\\{closure}(Object(Illuminate\\Http\\Request))
#56 D:\\Learning\\4th\\Mobie\\UploadingContentV1.0\\PHPScript\\PHPScript\\vendor\\laravel\\framework\\src\\Illuminate\\Pipeline\\Pipeline.php(163): Illuminate\\Foundation\\Http\\Middleware\\CheckForMaintenanceMode->handle(Object(Illuminate\\Http\\Request), Object(Closure))
#57 D:\\Learning\\4th\\Mobie\\UploadingContentV1.0\\PHPScript\\PHPScript\\vendor\\laravel\\framework\\src\\Illuminate\\Routing\\Pipeline.php(53): Illuminate\\Pipeline\\Pipeline->Illuminate\\Pipeline\\{closure}(Object(Illuminate\\Http\\Request))
#58 D:\\Learning\\4th\\Mobie\\UploadingContentV1.0\\PHPScript\\PHPScript\\vendor\\fideloper\\proxy\\src\\TrustProxies.php(57): Illuminate\\Routing\\Pipeline->Illuminate\\Routing\\{closure}(Object(Illuminate\\Http\\Request))
#59 D:\\Learning\\4th\\Mobie\\UploadingContentV1.0\\PHPScript\\PHPScript\\vendor\\laravel\\framework\\src\\Illuminate\\Pipeline\\Pipeline.php(163): Fideloper\\Proxy\\TrustProxies->handle(Object(Illuminate\\Http\\Request), Object(Closure))
#60 D:\\Learning\\4th\\Mobie\\UploadingContentV1.0\\PHPScript\\PHPScript\\vendor\\laravel\\framework\\src\\Illuminate\\Routing\\Pipeline.php(53): Illuminate\\Pipeline\\Pipeline->Illuminate\\Pipeline\\{closure}(Object(Illuminate\\Http\\Request))
#61 D:\\Learning\\4th\\Mobie\\UploadingContentV1.0\\PHPScript\\PHPScript\\vendor\\laravel\\framework\\src\\Illuminate\\Pipeline\\Pipeline.php(104): Illuminate\\Routing\\Pipeline->Illuminate\\Routing\\{closure}(Object(Illuminate\\Http\\Request))
#62 D:\\Learning\\4th\\Mobie\\UploadingContentV1.0\\PHPScript\\PHPScript\\vendor\\laravel\\framework\\src\\Illuminate\\Foundation\\Http\\Kernel.php(151): Illuminate\\Pipeline\\Pipeline->then(Object(Closure))
#63 D:\\Learning\\4th\\Mobie\\UploadingContentV1.0\\PHPScript\\PHPScript\\vendor\\laravel\\framework\\src\\Illuminate\\Foundation\\Http\\Kernel.php(116): Illuminate\\Foundation\\Http\\Kernel->sendRequestThroughRouter(Object(Illuminate\\Http\\Request))
#64 D:\\Learning\\4th\\Mobie\\UploadingContentV1.0\\PHPScript\\PHPScript\\public\\index.php(55): Illuminate\\Foundation\\Http\\Kernel->handle(Object(Illuminate\\Http\\Request))
#65 D:\\Learning\\4th\\Mobie\\UploadingContentV1.0\\PHPScript\\PHPScript\\server.php(21): require_once('D:\\\\Learning\\\\4th...')
#66 {main}
"} 
[2020-10-24 01:14:37] local.ERROR: SQLSTATE[HY000] [2002] No connection could be made because the target machine actively refused it.
 (SQL: select * from `update_cron` where `date` = 2020-10-24 limit 1) {"exception":"[object] (Illuminate\\Database\\QueryException(code: 2002): SQLSTATE[HY000] [2002] No connection could be made because the target machine actively refused it.
 (SQL: select * from `update_cron` where `date` = 2020-10-24 limit 1) at D:\\Learning\\4th\\Mobie\\UploadingContentV1.0\\PHPScript\\PHPScript\\vendor\\laravel\\framework\\src\\Illuminate\\Database\\Connection.php:664, PDOException(code: 2002): SQLSTATE[HY000] [2002] No connection could be made because the target machine actively refused it.
 at D:\\Learning\\4th\\Mobie\\UploadingContentV1.0\\PHPScript\\PHPScript\\vendor\\laravel\\framework\\src\\Illuminate\\Database\\Connectors\\Connector.php:70)
[stacktrace]
#0 D:\\Learning\\4th\\Mobie\\UploadingContentV1.0\\PHPScript\\PHPScript\\vendor\\laravel\\framework\\src\\Illuminate\\Database\\Connection.php(624): Illuminate\\Database\\Connection->runQueryCallback('select * from `...', Array, Object(Closure))
#1 D:\\Learning\\4th\\Mobie\\UploadingContentV1.0\\PHPScript\\PHPScript\\vendor\\laravel\\framework\\src\\Illuminate\\Database\\Connection.php(333): Illuminate\\Database\\Connection->run('select * from `...', Array, Object(Closure))
#2 D:\\Learning\\4th\\Mobie\\UploadingContentV1.0\\PHPScript\\PHPScript\\vendor\\laravel\\framework\\src\\Illuminate\\Database\\Query\\Builder.php(2130): Illuminate\\Database\\Connection->select('select * from `...', Array, true)
#3 D:\\Learning\\4th\\Mobie\\UploadingContentV1.0\\PHPScript\\PHPScript\\vendor\\laravel\\framework\\src\\Illuminate\\Database\\Query\\Builder.php(2118): Illuminate\\Database\\Query\\Builder->runSelect()
#4 D:\\Learning\\4th\\Mobie\\UploadingContentV1.0\\PHPScript\\PHPScript\\vendor\\laravel\\framework\\src\\Illuminate\\Database\\Query\\Builder.php(2604): Illuminate\\Database\\Query\\Builder->Illuminate\\Database\\Query\\{closure}()
#5 D:\\Learning\\4th\\Mobie\\UploadingContentV1.0\\PHPScript\\PHPScript\\vendor\\laravel\\framework\\src\\Illuminate\\Database\\Query\\Builder.php(2119): Illuminate\\Database\\Query\\Builder->onceWithColumns(Array, Object(Closure))
#6 D:\\Learning\\4th\\Mobie\\UploadingContentV1.0\\PHPScript\\PHPScript\\vendor\\laravel\\framework\\src\\Illuminate\\Database\\Eloquent\\Builder.php(521): Illuminate\\Database\\Query\\Builder->get(Array)
#7 D:\\Learning\\4th\\Mobie\\UploadingContentV1.0\\PHPScript\\PHPScript\\vendor\\laravel\\framework\\src\\Illuminate\\Database\\Eloquent\\Builder.php(505): Illuminate\\Database\\Eloquent\\Builder->getModels(Array)
#8 D:\\Learning\\4th\\Mobie\\UploadingContentV1.0\\PHPScript\\PHPScript\\vendor\\laravel\\framework\\src\\Illuminate\\Database\\Concerns\\BuildsQueries.php(77): Illuminate\\Database\\Eloquent\\Builder->get(Array)
#9 D:\\Learning\\4th\\Mobie\\UploadingContentV1.0\\PHPScript\\PHPScript\\app\\Http\\Controllers\\Controller.php(17): Illuminate\\Database\\Eloquent\\Builder->first()
#10 D:\\Learning\\4th\\Mobie\\UploadingContentV1.0\\PHPScript\\PHPScript\\app\\Http\\Controllers\\Admincontroller.php(19): App\\Http\\Controllers\\Controller->callschedule()
#11 [internal function]: App\\Http\\Controllers\\Admincontroller->showlogin()
#12 D:\\Learning\\4th\\Mobie\\UploadingContentV1.0\\PHPScript\\PHPScript\\vendor\\laravel\\framework\\src\\Illuminate\\Routing\\Controller.php(54): call_user_func_array(Array, Array)
#13 D:\\Learning\\4th\\Mobie\\UploadingContentV1.0\\PHPScript\\PHPScript\\vendor\\laravel\\framework\\src\\Illuminate\\Routing\\ControllerDispatcher.php(45): Illuminate\\Routing\\Controller->callAction('showlogin', Array)
#14 D:\\Learning\\4th\\Mobie\\UploadingContentV1.0\\PHPScript\\PHPScript\\vendor\\laravel\\framework\\src\\Illuminate\\Routing\\Route.php(219): Illuminate\\Routing\\ControllerDispatcher->dispatch(Object(Illuminate\\Routing\\Route), Object(App\\Http\\Controllers\\Admincontroller), 'showlogin')
#15 D:\\Learning\\4th\\Mobie\\UploadingContentV1.0\\PHPScript\\PHPScript\\vendor\\laravel\\framework\\src\\Illuminate\\Routing\\Route.php(176): Illuminate\\Routing\\Route->runController()
#16 D:\\Learning\\4th\\Mobie\\UploadingContentV1.0\\PHPScript\\PHPScript\\vendor\\laravel\\framework\\src\\Illuminate\\Routing\\Router.php(680): Illuminate\\Routing\\Route->run()
#17 D:\\Learning\\4th\\Mobie\\UploadingContentV1.0\\PHPScript\\PHPScript\\vendor\\laravel\\framework\\src\\Illuminate\\Routing\\Pipeline.php(30): Illuminate\\Routing\\Router->Illuminate\\Routing\\{closure}(Object(Illuminate\\Http\\Request))
#18 D:\\Learning\\4th\\Mobie\\UploadingContentV1.0\\PHPScript\\PHPScript\\vendor\\laravel\\framework\\src\\Illuminate\\Foundation\\Http\\Middleware\\TransformsRequest.php(21): Illuminate\\Routing\\Pipeline->Illuminate\\Routing\\{closure}(Object(Illuminate\\Http\\Request))
#19 D:\\Learning\\4th\\Mobie\\UploadingContentV1.0\\PHPScript\\PHPScript\\vendor\\laravel\\framework\\src\\Illuminate\\Pipeline\\Pipeline.php(163): Illuminate\\Foundation\\Http\\Middleware\\TransformsRequest->handle(Object(Illuminate\\Http\\Request), Object(Closure))
#20 D:\\Learning\\4th\\Mobie\\UploadingContentV1.0\\PHPScript\\PHPScript\\vendor\\laravel\\framework\\src\\Illuminate\\Routing\\Pipeline.php(53): Illuminate\\Pipeline\\Pipeline->Illuminate\\Pipeline\\{closure}(Object(Illuminate\\Http\\Request))
#21 D:\\Learning\\4th\\Mobie\\UploadingContentV1.0\\PHPScript\\PHPScript\\vendor\\laravel\\framework\\src\\Illuminate\\Routing\\Middleware\\SubstituteBindings.php(41): Illuminate\\Routing\\Pipeline->Illuminate\\Routing\\{closure}(Object(Illuminate\\Http\\Request))
#22 D:\\Learning\\4th\\Mobie\\UploadingContentV1.0\\PHPScript\\PHPScript\\vendor\\laravel\\framework\\src\\Illuminate\\Pipeline\\Pipeline.php(163): Illuminate\\Routing\\Middleware\\SubstituteBindings->handle(Object(Illuminate\\Http\\Request), Object(Closure))
#23 D:\\Learning\\4th\\Mobie\\UploadingContentV1.0\\PHPScript\\PHPScript\\vendor\\laravel\\framework\\src\\Illuminate\\Routing\\Pipeline.php(53): Illuminate\\Pipeline\\Pipeline->Illuminate\\Pipeline\\{closure}(Object(Illuminate\\Http\\Request))
#24 D:\\Learning\\4th\\Mobie\\UploadingContentV1.0\\PHPScript\\PHPScript\\vendor\\laravel\\framework\\src\\Illuminate\\Foundation\\Http\\Middleware\\VerifyCsrfToken.php(75): Illuminate\\Routing\\Pipeline->Illuminate\\Routing\\{closure}(Object(Illuminate\\Http\\Request))
#25 D:\\Learning\\4th\\Mobie\\UploadingContentV1.0\\PHPScript\\PHPScript\\vendor\\laravel\\framework\\src\\Illuminate\\Pipeline\\Pipeline.php(163): Illuminate\\Foundation\\Http\\Middleware\\VerifyCsrfToken->handle(Object(Illuminate\\Http\\Request), Object(Closure))
#26 D:\\Learning\\4th\\Mobie\\UploadingContentV1.0\\PHPScript\\PHPScript\\vendor\\laravel\\framework\\src\\Illuminate\\Routing\\Pipeline.php(53): Illuminate\\Pipeline\\Pipeline->Illuminate\\Pipeline\\{closure}(Object(Illuminate\\Http\\Request))
#27 D:\\Learning\\4th\\Mobie\\UploadingContentV1.0\\PHPScript\\PHPScript\\vendor\\laravel\\framework\\src\\Illuminate\\View\\Middleware\\ShareErrorsFromSession.php(49): Illuminate\\Routing\\Pipeline->Illuminate\\Routing\\{closure}(Object(Illuminate\\Http\\Request))
#28 D:\\Learning\\4th\\Mobie\\UploadingContentV1.0\\PHPScript\\PHPScript\\vendor\\laravel\\framework\\src\\Illuminate\\Pipeline\\Pipeline.php(163): Illuminate\\View\\Middleware\\ShareErrorsFromSession->handle(Object(Illuminate\\Http\\Request), Object(Closure))
#29 D:\\Learning\\4th\\Mobie\\UploadingContentV1.0\\PHPScript\\PHPScript\\vendor\\laravel\\framework\\src\\Illuminate\\Routing\\Pipeline.php(53): Illuminate\\Pipeline\\Pipeline->Illuminate\\Pipeline\\{closure}(Object(Illuminate\\Http\\Request))
#30 D:\\Learning\\4th\\Mobie\\UploadingContentV1.0\\PHPScript\\PHPScript\\vendor\\laravel\\framework\\src\\Illuminate\\Session\\Middleware\\StartSession.php(56): Illuminate\\Routing\\Pipeline->Illuminate\\Routing\\{closure}(Object(Illuminate\\Http\\Request))
#31 D:\\Learning\\4th\\Mobie\\UploadingContentV1.0\\PHPScript\\PHPScript\\vendor\\laravel\\framework\\src\\Illuminate\\Pipeline\\Pipeline.php(163): Illuminate\\Session\\Middleware\\StartSession->handle(Object(Illuminate\\Http\\Request), Object(Closure))
#32 D:\\Learning\\4th\\Mobie\\UploadingContentV1.0\\PHPScript\\PHPScript\\vendor\\laravel\\framework\\src\\Illuminate\\Routing\\Pipeline.php(53): Illuminate\\Pipeline\\Pipeline->Illuminate\\Pipeline\\{closure}(Object(Illuminate\\Http\\Request))
#33 D:\\Learning\\4th\\Mobie\\UploadingContentV1.0\\PHPScript\\PHPScript\\vendor\\laravel\\framework\\src\\Illuminate\\Cookie\\Middleware\\AddQueuedCookiesToResponse.php(37): Illuminate\\Routing\\Pipeline->Illuminate\\Routing\\{closure}(Object(Illuminate\\Http\\Request))
#34 D:\\Learning\\4th\\Mobie\\UploadingContentV1.0\\PHPScript\\PHPScript\\vendor\\laravel\\framework\\src\\Illuminate\\Pipeline\\Pipeline.php(163): Illuminate\\Cookie\\Middleware\\AddQueuedCookiesToResponse->handle(Object(Illuminate\\Http\\Request), Object(Closure))
#35 D:\\Learning\\4th\\Mobie\\UploadingContentV1.0\\PHPScript\\PHPScript\\vendor\\laravel\\framework\\src\\Illuminate\\Routing\\Pipeline.php(53): Illuminate\\Pipeline\\Pipeline->Illuminate\\Pipeline\\{closure}(Object(Illuminate\\Http\\Request))
#36 D:\\Learning\\4th\\Mobie\\UploadingContentV1.0\\PHPScript\\PHPScript\\vendor\\laravel\\framework\\src\\Illuminate\\Cookie\\Middleware\\EncryptCookies.php(66): Illuminate\\Routing\\Pipeline->Illuminate\\Routing\\{closure}(Object(Illuminate\\Http\\Request))
#37 D:\\Learning\\4th\\Mobie\\UploadingContentV1.0\\PHPScript\\PHPScript\\vendor\\laravel\\framework\\src\\Illuminate\\Pipeline\\Pipeline.php(163): Illuminate\\Cookie\\Middleware\\EncryptCookies->handle(Object(Illuminate\\Http\\Request), Object(Closure))
#38 D:\\Learning\\4th\\Mobie\\UploadingContentV1.0\\PHPScript\\PHPScript\\vendor\\laravel\\framework\\src\\Illuminate\\Routing\\Pipeline.php(53): Illuminate\\Pipeline\\Pipeline->Illuminate\\Pipeline\\{closure}(Object(Illuminate\\Http\\Request))
#39 D:\\Learning\\4th\\Mobie\\UploadingContentV1.0\\PHPScript\\PHPScript\\vendor\\laravel\\framework\\src\\Illuminate\\Pipeline\\Pipeline.php(104): Illuminate\\Routing\\Pipeline->Illuminate\\Routing\\{closure}(Object(Illuminate\\Http\\Request))
#40 D:\\Learning\\4th\\Mobie\\UploadingContentV1.0\\PHPScript\\PHPScript\\vendor\\laravel\\framework\\src\\Illuminate\\Routing\\Router.php(682): Illuminate\\Pipeline\\Pipeline->then(Object(Closure))
#41 D:\\Learning\\4th\\Mobie\\UploadingContentV1.0\\PHPScript\\PHPScript\\vendor\\laravel\\framework\\src\\Illuminate\\Routing\\Router.php(657): Illuminate\\Routing\\Router->runRouteWithinStack(Object(Illuminate\\Routing\\Route), Object(Illuminate\\Http\\Request))
#42 D:\\Learning\\4th\\Mobie\\UploadingContentV1.0\\PHPScript\\PHPScript\\vendor\\laravel\\framework\\src\\Illuminate\\Routing\\Router.php(623): Illuminate\\Routing\\Router->runRoute(Object(Illuminate\\Http\\Request), Object(Illuminate\\Routing\\Route))
#43 D:\\Learning\\4th\\Mobie\\UploadingContentV1.0\\PHPScript\\PHPScript\\vendor\\laravel\\framework\\src\\Illuminate\\Routing\\Router.php(612): Illuminate\\Routing\\Router->dispatchToRoute(Object(Illuminate\\Http\\Request))
#44 D:\\Learning\\4th\\Mobie\\UploadingContentV1.0\\PHPScript\\PHPScript\\vendor\\laravel\\framework\\src\\Illuminate\\Foundation\\Http\\Kernel.php(176): Illuminate\\Routing\\Router->dispatch(Object(Illuminate\\Http\\Request))
#45 D:\\Learning\\4th\\Mobie\\UploadingContentV1.0\\PHPScript\\PHPScript\\vendor\\laravel\\framework\\src\\Illuminate\\Routing\\Pipeline.php(30): Illuminate\\Foundation\\Http\\Kernel->Illuminate\\Foundation\\Http\\{closure}(Object(Illuminate\\Http\\Request))
#46 D:\\Learning\\4th\\Mobie\\UploadingContentV1.0\\PHPScript\\PHPScript\\vendor\\laravel\\framework\\src\\Illuminate\\Foundation\\Http\\Middleware\\TransformsRequest.php(21): Illuminate\\Routing\\Pipeline->Illuminate\\Routing\\{closure}(Object(Illuminate\\Http\\Request))
#47 D:\\Learning\\4th\\Mobie\\UploadingContentV1.0\\PHPScript\\PHPScript\\vendor\\laravel\\framework\\src\\Illuminate\\Pipeline\\Pipeline.php(163): Illuminate\\Foundation\\Http\\Middleware\\TransformsRequest->handle(Object(Illuminate\\Http\\Request), Object(Closure))
#48 D:\\Learning\\4th\\Mobie\\UploadingContentV1.0\\PHPScript\\PHPScript\\vendor\\laravel\\framework\\src\\Illuminate\\Routing\\Pipeline.php(53): Illuminate\\Pipeline\\Pipeline->Illuminate\\Pipeline\\{closure}(Object(Illuminate\\Http\\Request))
#49 D:\\Learning\\4th\\Mobie\\UploadingContentV1.0\\PHPScript\\PHPScript\\vendor\\laravel\\framework\\src\\Illuminate\\Foundation\\Http\\Middleware\\TransformsRequest.php(21): Illuminate\\Routing\\Pipeline->Illuminate\\Routing\\{closure}(Object(Illuminate\\Http\\Request))
#50 D:\\Learning\\4th\\Mobie\\UploadingContentV1.0\\PHPScript\\PHPScript\\vendor\\laravel\\framework\\src\\Illuminate\\Pipeline\\Pipeline.php(163): Illuminate\\Foundation\\Http\\Middleware\\TransformsRequest->handle(Object(Illuminate\\Http\\Request), Object(Closure))
#51 D:\\Learning\\4th\\Mobie\\UploadingContentV1.0\\PHPScript\\PHPScript\\vendor\\laravel\\framework\\src\\Illuminate\\Routing\\Pipeline.php(53): Illuminate\\Pipeline\\Pipeline->Illuminate\\Pipeline\\{closure}(Object(Illuminate\\Http\\Request))
#52 D:\\Learning\\4th\\Mobie\\UploadingContentV1.0\\PHPScript\\PHPScript\\vendor\\laravel\\framework\\src\\Illuminate\\Foundation\\Http\\Middleware\\ValidatePostSize.php(27): Illuminate\\Routing\\Pipeline->Illuminate\\Routing\\{closure}(Object(Illuminate\\Http\\Request))
#53 D:\\Learning\\4th\\Mobie\\UploadingContentV1.0\\PHPScript\\PHPScript\\vendor\\laravel\\framework\\src\\Illuminate\\Pipeline\\Pipeline.php(163): Illuminate\\Foundation\\Http\\Middleware\\ValidatePostSize->handle(Object(Illuminate\\Http\\Request), Object(Closure))
#54 D:\\Learning\\4th\\Mobie\\UploadingContentV1.0\\PHPScript\\PHPScript\\vendor\\laravel\\framework\\src\\Illuminate\\Routing\\Pipeline.php(53): Illuminate\\Pipeline\\Pipeline->Illuminate\\Pipeline\\{closure}(Object(Illuminate\\Http\\Request))
#55 D:\\Learning\\4th\\Mobie\\UploadingContentV1.0\\PHPScript\\PHPScript\\vendor\\laravel\\framework\\src\\Illuminate\\Foundation\\Http\\Middleware\\CheckForMaintenanceMode.php(62): Illuminate\\Routing\\Pipeline->Illuminate\\Routing\\{closure}(Object(Illuminate\\Http\\Request))
#56 D:\\Learning\\4th\\Mobie\\UploadingContentV1.0\\PHPScript\\PHPScript\\vendor\\laravel\\framework\\src\\Illuminate\\Pipeline\\Pipeline.php(163): Illuminate\\Foundation\\Http\\Middleware\\CheckForMaintenanceMode->handle(Object(Illuminate\\Http\\Request), Object(Closure))
#57 D:\\Learning\\4th\\Mobie\\UploadingContentV1.0\\PHPScript\\PHPScript\\vendor\\laravel\\framework\\src\\Illuminate\\Routing\\Pipeline.php(53): Illuminate\\Pipeline\\Pipeline->Illuminate\\Pipeline\\{closure}(Object(Illuminate\\Http\\Request))
#58 D:\\Learning\\4th\\Mobie\\UploadingContentV1.0\\PHPScript\\PHPScript\\vendor\\fideloper\\proxy\\src\\TrustProxies.php(57): Illuminate\\Routing\\Pipeline->Illuminate\\Routing\\{closure}(Object(Illuminate\\Http\\Request))
#59 D:\\Learning\\4th\\Mobie\\UploadingContentV1.0\\PHPScript\\PHPScript\\vendor\\laravel\\framework\\src\\Illuminate\\Pipeline\\Pipeline.php(163): Fideloper\\Proxy\\TrustProxies->handle(Object(Illuminate\\Http\\Request), Object(Closure))
#60 D:\\Learning\\4th\\Mobie\\UploadingContentV1.0\\PHPScript\\PHPScript\\vendor\\laravel\\framework\\src\\Illuminate\\Routing\\Pipeline.php(53): Illuminate\\Pipeline\\Pipeline->Illuminate\\Pipeline\\{closure}(Object(Illuminate\\Http\\Request))
#61 D:\\Learning\\4th\\Mobie\\UploadingContentV1.0\\PHPScript\\PHPScript\\vendor\\laravel\\framework\\src\\Illuminate\\Pipeline\\Pipeline.php(104): Illuminate\\Routing\\Pipeline->Illuminate\\Routing\\{closure}(Object(Illuminate\\Http\\Request))
#62 D:\\Learning\\4th\\Mobie\\UploadingContentV1.0\\PHPScript\\PHPScript\\vendor\\laravel\\framework\\src\\Illuminate\\Foundation\\Http\\Kernel.php(151): Illuminate\\Pipeline\\Pipeline->then(Object(Closure))
#63 D:\\Learning\\4th\\Mobie\\UploadingContentV1.0\\PHPScript\\PHPScript\\vendor\\laravel\\framework\\src\\Illuminate\\Foundation\\Http\\Kernel.php(116): Illuminate\\Foundation\\Http\\Kernel->sendRequestThroughRouter(Object(Illuminate\\Http\\Request))
#64 D:\\Learning\\4th\\Mobie\\UploadingContentV1.0\\PHPScript\\PHPScript\\public\\index.php(55): Illuminate\\Foundation\\Http\\Kernel->handle(Object(Illuminate\\Http\\Request))
#65 D:\\Learning\\4th\\Mobie\\UploadingContentV1.0\\PHPScript\\PHPScript\\server.php(21): require_once('D:\\\\Learning\\\\4th...')
#66 {main}
"} 
[2020-10-24 01:25:46] local.ERROR: Unable to prepare route [api/user] for serialization. Uses Closure. {"exception":"[object] (LogicException(code: 0): Unable to prepare route [api/user] for serialization. Uses Closure. at D:\\Learning\\4th\\Mobie\\UploadingContentV1.0\\PHPScript\\PHPScript\\vendor\\laravel\\framework\\src\\Illuminate\\Routing\\Route.php:917)
[stacktrace]
#0 D:\\Learning\\4th\\Mobie\\UploadingContentV1.0\\PHPScript\\PHPScript\\vendor\\laravel\\framework\\src\\Illuminate\\Foundation\\Console\\RouteCacheCommand.php(62): Illuminate\\Routing\\Route->prepareForSerialization()
#1 [internal function]: Illuminate\\Foundation\\Console\\RouteCacheCommand->handle()
#2 D:\\Learning\\4th\\Mobie\\UploadingContentV1.0\\PHPScript\\PHPScript\\vendor\\laravel\\framework\\src\\Illuminate\\Container\\BoundMethod.php(32): call_user_func_array(Array, Array)
#3 D:\\Learning\\4th\\Mobie\\UploadingContentV1.0\\PHPScript\\PHPScript\\vendor\\laravel\\framework\\src\\Illuminate\\Container\\BoundMethod.php(90): Illuminate\\Container\\BoundMethod::Illuminate\\Container\\{closure}()
#4 D:\\Learning\\4th\\Mobie\\UploadingContentV1.0\\PHPScript\\PHPScript\\vendor\\laravel\\framework\\src\\Illuminate\\Container\\BoundMethod.php(34): Illuminate\\Container\\BoundMethod::callBoundMethod(Object(Illuminate\\Foundation\\Application), Array, Object(Closure))
#5 D:\\Learning\\4th\\Mobie\\UploadingContentV1.0\\PHPScript\\PHPScript\\vendor\\laravel\\framework\\src\\Illuminate\\Container\\Container.php(576): Illuminate\\Container\\BoundMethod::call(Object(Illuminate\\Foundation\\Application), Array, Array, NULL)
#6 D:\\Learning\\4th\\Mobie\\UploadingContentV1.0\\PHPScript\\PHPScript\\vendor\\laravel\\framework\\src\\Illuminate\\Console\\Command.php(183): Illuminate\\Container\\Container->call(Array)
#7 D:\\Learning\\4th\\Mobie\\UploadingContentV1.0\\PHPScript\\PHPScript\\vendor\\symfony\\console\\Command\\Command.php(255): Illuminate\\Console\\Command->execute(Object(Symfony\\Component\\Console\\Input\\ArgvInput), Object(Illuminate\\Console\\OutputStyle))
#8 D:\\Learning\\4th\\Mobie\\UploadingContentV1.0\\PHPScript\\PHPScript\\vendor\\laravel\\framework\\src\\Illuminate\\Console\\Command.php(170): Symfony\\Component\\Console\\Command\\Command->run(Object(Symfony\\Component\\Console\\Input\\ArgvInput), Object(Illuminate\\Console\\OutputStyle))
#9 D:\\Learning\\4th\\Mobie\\UploadingContentV1.0\\PHPScript\\PHPScript\\vendor\\symfony\\console\\Application.php(1012): Illuminate\\Console\\Command->run(Object(Symfony\\Component\\Console\\Input\\ArgvInput), Object(Symfony\\Component\\Console\\Output\\ConsoleOutput))
#10 D:\\Learning\\4th\\Mobie\\UploadingContentV1.0\\PHPScript\\PHPScript\\vendor\\symfony\\console\\Application.php(272): Symfony\\Component\\Console\\Application->doRunCommand(Object(Illuminate\\Foundation\\Console\\RouteCacheCommand), Object(Symfony\\Component\\Console\\Input\\ArgvInput), Object(Symfony\\Component\\Console\\Output\\ConsoleOutput))
#11 D:\\Learning\\4th\\Mobie\\UploadingContentV1.0\\PHPScript\\PHPScript\\vendor\\symfony\\console\\Application.php(148): Symfony\\Component\\Console\\Application->doRun(Object(Symfony\\Component\\Console\\Input\\ArgvInput), Object(Symfony\\Component\\Console\\Output\\ConsoleOutput))
#12 D:\\Learning\\4th\\Mobie\\UploadingContentV1.0\\PHPScript\\PHPScript\\vendor\\laravel\\framework\\src\\Illuminate\\Console\\Application.php(90): Symfony\\Component\\Console\\Application->run(Object(Symfony\\Component\\Console\\Input\\ArgvInput), Object(Symfony\\Component\\Console\\Output\\ConsoleOutput))
#13 D:\\Learning\\4th\\Mobie\\UploadingContentV1.0\\PHPScript\\PHPScript\\vendor\\laravel\\framework\\src\\Illuminate\\Foundation\\Console\\Kernel.php(133): Illuminate\\Console\\Application->run(Object(Symfony\\Component\\Console\\Input\\ArgvInput), Object(Symfony\\Component\\Console\\Output\\ConsoleOutput))
#14 D:\\Learning\\4th\\Mobie\\UploadingContentV1.0\\PHPScript\\PHPScript\\artisan(37): Illuminate\\Foundation\\Console\\Kernel->handle(Object(Symfony\\Component\\Console\\Input\\ArgvInput), Object(Symfony\\Component\\Console\\Output\\ConsoleOutput))
#15 {main}
"} 
