[2020-10-25 05:00:33] local.ERROR: Call to undefined method Cartalyst\Sentinel\Users\EloquentUser::getAuthPassword() {"exception":"[object] (BadMethodCallException(code: 0): Call to undefined method Cartalyst\\Sentinel\\Users\\EloquentUser::getAuthPassword() at D:\\Learning\\4th\\Mobie\\UploadingContentV1.0\\PHPScript\\PHPScript\\vendor\\laravel\\framework\\src\\Illuminate\\Support\\Traits\\ForwardsCalls.php:50)
[stacktrace]
#0 D:\\Learning\\4th\\Mobie\\UploadingContentV1.0\\PHPScript\\PHPScript\\vendor\\laravel\\framework\\src\\Illuminate\\Support\\Traits\\ForwardsCalls.php(36): Illuminate\\Database\\Eloquent\\Model::throwBadMethodCallException('getAuthPassword')
#1 D:\\Learning\\4th\\Mobie\\UploadingContentV1.0\\PHPScript\\PHPScript\\vendor\\laravel\\framework\\src\\Illuminate\\Database\\Eloquent\\Model.php(1618): Illuminate\\Database\\Eloquent\\Model->forwardCallTo(Object(Illuminate\\Database\\Eloquent\\Builder), 'getAuthPassword', Array)
#2 D:\\Learning\\4th\\Mobie\\UploadingContentV1.0\\PHPScript\\PHPScript\\vendor\\cartalyst\\sentinel\\src\\Users\\EloquentUser.php(445): Illuminate\\Database\\Eloquent\\Model->__call('getAuthPassword', Array)
#3 D:\\Learning\\4th\\Mobie\\UploadingContentV1.0\\PHPScript\\PHPScript\\vendor\\laravel\\framework\\src\\Illuminate\\Session\\Middleware\\AuthenticateSession.php(76): Cartalyst\\Sentinel\\Users\\EloquentUser->__call('getAuthPassword', Array)
#4 D:\\Learning\\4th\\Mobie\\UploadingContentV1.0\\PHPScript\\PHPScript\\vendor\\laravel\\framework\\src\\Illuminate\\Session\\Middleware\\AuthenticateSession.php(51): Illuminate\\Session\\Middleware\\AuthenticateSession->storePasswordHashInSession(Object(Illuminate\\Http\\Request))
#5 D:\\Learning\\4th\\Mobie\\UploadingContentV1.0\\PHPScript\\PHPScript\\vendor\\laravel\\framework\\src\\Illuminate\\Pipeline\\Pipeline.php(163): Illuminate\\Session\\Middleware\\AuthenticateSession->handle(Object(Illuminate\\Http\\Request), Object(Closure))
#6 D:\\Learning\\4th\\Mobie\\UploadingContentV1.0\\PHPScript\\PHPScript\\vendor\\laravel\\framework\\src\\Illuminate\\Routing\\Pipeline.php(53): Illuminate\\Pipeline\\Pipeline->Illuminate\\Pipeline\\{closure}(Object(Illuminate\\Http\\Request))
#7 D:\\Learning\\4th\\Mobie\\UploadingContentV1.0\\PHPScript\\PHPScript\\vendor\\laravel\\framework\\src\\Illuminate\\View\\Middleware\\ShareErrorsFromSession.php(49): Illuminate\\Routing\\Pipeline->Illuminate\\Routing\\{closure}(Object(Illuminate\\Http\\Request))
#8 D:\\Learning\\4th\\Mobie\\UploadingContentV1.0\\PHPScript\\PHPScript\\vendor\\laravel\\framework\\src\\Illuminate\\Pipeline\\Pipeline.php(163): Illuminate\\View\\Middleware\\ShareErrorsFromSession->handle(Object(Illuminate\\Http\\Request), Object(Closure))
#9 D:\\Learning\\4th\\Mobie\\UploadingContentV1.0\\PHPScript\\PHPScript\\vendor\\laravel\\framework\\src\\Illuminate\\Routing\\Pipeline.php(53): Illuminate\\Pipeline\\Pipeline->Illuminate\\Pipeline\\{closure}(Object(Illuminate\\Http\\Request))
#10 D:\\Learning\\4th\\Mobie\\UploadingContentV1.0\\PHPScript\\PHPScript\\vendor\\laravel\\framework\\src\\Illuminate\\Session\\Middleware\\StartSession.php(56): Illuminate\\Routing\\Pipeline->Illuminate\\Routing\\{closure}(Object(Illuminate\\Http\\Request))
#11 D:\\Learning\\4th\\Mobie\\UploadingContentV1.0\\PHPScript\\PHPScript\\vendor\\laravel\\framework\\src\\Illuminate\\Pipeline\\Pipeline.php(163): Illuminate\\Session\\Middleware\\StartSession->handle(Object(Illuminate\\Http\\Request), Object(Closure))
#12 D:\\Learning\\4th\\Mobie\\UploadingContentV1.0\\PHPScript\\PHPScript\\vendor\\laravel\\framework\\src\\Illuminate\\Routing\\Pipeline.php(53): Illuminate\\Pipeline\\Pipeline->Illuminate\\Pipeline\\{closure}(Object(Illuminate\\Http\\Request))
#13 D:\\Learning\\4th\\Mobie\\UploadingContentV1.0\\PHPScript\\PHPScript\\vendor\\laravel\\framework\\src\\Illuminate\\Cookie\\Middleware\\AddQueuedCookiesToResponse.php(37): Illuminate\\Routing\\Pipeline->Illuminate\\Routing\\{closure}(Object(Illuminate\\Http\\Request))
#14 D:\\Learning\\4th\\Mobie\\UploadingContentV1.0\\PHPScript\\PHPScript\\vendor\\laravel\\framework\\src\\Illuminate\\Pipeline\\Pipeline.php(163): Illuminate\\Cookie\\Middleware\\AddQueuedCookiesToResponse->handle(Object(Illuminate\\Http\\Request), Object(Closure))
#15 D:\\Learning\\4th\\Mobie\\UploadingContentV1.0\\PHPScript\\PHPScript\\vendor\\laravel\\framework\\src\\Illuminate\\Routing\\Pipeline.php(53): Illuminate\\Pipeline\\Pipeline->Illuminate\\Pipeline\\{closure}(Object(Illuminate\\Http\\Request))
#16 D:\\Learning\\4th\\Mobie\\UploadingContentV1.0\\PHPScript\\PHPScript\\vendor\\laravel\\framework\\src\\Illuminate\\Cookie\\Middleware\\EncryptCookies.php(66): Illuminate\\Routing\\Pipeline->Illuminate\\Routing\\{closure}(Object(Illuminate\\Http\\Request))
#17 D:\\Learning\\4th\\Mobie\\UploadingContentV1.0\\PHPScript\\PHPScript\\vendor\\laravel\\framework\\src\\Illuminate\\Pipeline\\Pipeline.php(163): Illuminate\\Cookie\\Middleware\\EncryptCookies->handle(Object(Illuminate\\Http\\Request), Object(Closure))
#18 D:\\Learning\\4th\\Mobie\\UploadingContentV1.0\\PHPScript\\PHPScript\\vendor\\laravel\\framework\\src\\Illuminate\\Routing\\Pipeline.php(53): Illuminate\\Pipeline\\Pipeline->Illuminate\\Pipeline\\{closure}(Object(Illuminate\\Http\\Request))
#19 D:\\Learning\\4th\\Mobie\\UploadingContentV1.0\\PHPScript\\PHPScript\\vendor\\laravel\\framework\\src\\Illuminate\\Pipeline\\Pipeline.php(104): Illuminate\\Routing\\Pipeline->Illuminate\\Routing\\{closure}(Object(Illuminate\\Http\\Request))
#20 D:\\Learning\\4th\\Mobie\\UploadingContentV1.0\\PHPScript\\PHPScript\\vendor\\laravel\\framework\\src\\Illuminate\\Routing\\Router.php(682): Illuminate\\Pipeline\\Pipeline->then(Object(Closure))
#21 D:\\Learning\\4th\\Mobie\\UploadingContentV1.0\\PHPScript\\PHPScript\\vendor\\laravel\\framework\\src\\Illuminate\\Routing\\Router.php(657): Illuminate\\Routing\\Router->runRouteWithinStack(Object(Illuminate\\Routing\\Route), Object(Illuminate\\Http\\Request))
#22 D:\\Learning\\4th\\Mobie\\UploadingContentV1.0\\PHPScript\\PHPScript\\vendor\\laravel\\framework\\src\\Illuminate\\Routing\\Router.php(623): Illuminate\\Routing\\Router->runRoute(Object(Illuminate\\Http\\Request), Object(Illuminate\\Routing\\Route))
#23 D:\\Learning\\4th\\Mobie\\UploadingContentV1.0\\PHPScript\\PHPScript\\vendor\\laravel\\framework\\src\\Illuminate\\Routing\\Router.php(612): Illuminate\\Routing\\Router->dispatchToRoute(Object(Illuminate\\Http\\Request))
#24 D:\\Learning\\4th\\Mobie\\UploadingContentV1.0\\PHPScript\\PHPScript\\vendor\\laravel\\framework\\src\\Illuminate\\Foundation\\Http\\Kernel.php(176): Illuminate\\Routing\\Router->dispatch(Object(Illuminate\\Http\\Request))
#25 D:\\Learning\\4th\\Mobie\\UploadingContentV1.0\\PHPScript\\PHPScript\\vendor\\laravel\\framework\\src\\Illuminate\\Routing\\Pipeline.php(30): Illuminate\\Foundation\\Http\\Kernel->Illuminate\\Foundation\\Http\\{closure}(Object(Illuminate\\Http\\Request))
#26 D:\\Learning\\4th\\Mobie\\UploadingContentV1.0\\PHPScript\\PHPScript\\vendor\\laravel\\framework\\src\\Illuminate\\Foundation\\Http\\Middleware\\TransformsRequest.php(21): Illuminate\\Routing\\Pipeline->Illuminate\\Routing\\{closure}(Object(Illuminate\\Http\\Request))
#27 D:\\Learning\\4th\\Mobie\\UploadingContentV1.0\\PHPScript\\PHPScript\\vendor\\laravel\\framework\\src\\Illuminate\\Pipeline\\Pipeline.php(163): Illuminate\\Foundation\\Http\\Middleware\\TransformsRequest->handle(Object(Illuminate\\Http\\Request), Object(Closure))
#28 D:\\Learning\\4th\\Mobie\\UploadingContentV1.0\\PHPScript\\PHPScript\\vendor\\laravel\\framework\\src\\Illuminate\\Routing\\Pipeline.php(53): Illuminate\\Pipeline\\Pipeline->Illuminate\\Pipeline\\{closure}(Object(Illuminate\\Http\\Request))
#29 D:\\Learning\\4th\\Mobie\\UploadingContentV1.0\\PHPScript\\PHPScript\\vendor\\laravel\\framework\\src\\Illuminate\\Foundation\\Http\\Middleware\\TransformsRequest.php(21): Illuminate\\Routing\\Pipeline->Illuminate\\Routing\\{closure}(Object(Illuminate\\Http\\Request))
#30 D:\\Learning\\4th\\Mobie\\UploadingContentV1.0\\PHPScript\\PHPScript\\vendor\\laravel\\framework\\src\\Illuminate\\Pipeline\\Pipeline.php(163): Illuminate\\Foundation\\Http\\Middleware\\TransformsRequest->handle(Object(Illuminate\\Http\\Request), Object(Closure))
#31 D:\\Learning\\4th\\Mobie\\UploadingContentV1.0\\PHPScript\\PHPScript\\vendor\\laravel\\framework\\src\\Illuminate\\Routing\\Pipeline.php(53): Illuminate\\Pipeline\\Pipeline->Illuminate\\Pipeline\\{closure}(Object(Illuminate\\Http\\Request))
#32 D:\\Learning\\4th\\Mobie\\UploadingContentV1.0\\PHPScript\\PHPScript\\vendor\\laravel\\framework\\src\\Illuminate\\Foundation\\Http\\Middleware\\ValidatePostSize.php(27): Illuminate\\Routing\\Pipeline->Illuminate\\Routing\\{closure}(Object(Illuminate\\Http\\Request))
#33 D:\\Learning\\4th\\Mobie\\UploadingContentV1.0\\PHPScript\\PHPScript\\vendor\\laravel\\framework\\src\\Illuminate\\Pipeline\\Pipeline.php(163): Illuminate\\Foundation\\Http\\Middleware\\ValidatePostSize->handle(Object(Illuminate\\Http\\Request), Object(Closure))
#34 D:\\Learning\\4th\\Mobie\\UploadingContentV1.0\\PHPScript\\PHPScript\\vendor\\laravel\\framework\\src\\Illuminate\\Routing\\Pipeline.php(53): Illuminate\\Pipeline\\Pipeline->Illuminate\\Pipeline\\{closure}(Object(Illuminate\\Http\\Request))
#35 D:\\Learning\\4th\\Mobie\\UploadingContentV1.0\\PHPScript\\PHPScript\\vendor\\laravel\\framework\\src\\Illuminate\\Foundation\\Http\\Middleware\\CheckForMaintenanceMode.php(62): Illuminate\\Routing\\Pipeline->Illuminate\\Routing\\{closure}(Object(Illuminate\\Http\\Request))
#36 D:\\Learning\\4th\\Mobie\\UploadingContentV1.0\\PHPScript\\PHPScript\\vendor\\laravel\\framework\\src\\Illuminate\\Pipeline\\Pipeline.php(163): Illuminate\\Foundation\\Http\\Middleware\\CheckForMaintenanceMode->handle(Object(Illuminate\\Http\\Request), Object(Closure))
#37 D:\\Learning\\4th\\Mobie\\UploadingContentV1.0\\PHPScript\\PHPScript\\vendor\\laravel\\framework\\src\\Illuminate\\Routing\\Pipeline.php(53): Illuminate\\Pipeline\\Pipeline->Illuminate\\Pipeline\\{closure}(Object(Illuminate\\Http\\Request))
#38 D:\\Learning\\4th\\Mobie\\UploadingContentV1.0\\PHPScript\\PHPScript\\vendor\\fideloper\\proxy\\src\\TrustProxies.php(57): Illuminate\\Routing\\Pipeline->Illuminate\\Routing\\{closure}(Object(Illuminate\\Http\\Request))
#39 D:\\Learning\\4th\\Mobie\\UploadingContentV1.0\\PHPScript\\PHPScript\\vendor\\laravel\\framework\\src\\Illuminate\\Pipeline\\Pipeline.php(163): Fideloper\\Proxy\\TrustProxies->handle(Object(Illuminate\\Http\\Request), Object(Closure))
#40 D:\\Learning\\4th\\Mobie\\UploadingContentV1.0\\PHPScript\\PHPScript\\vendor\\laravel\\framework\\src\\Illuminate\\Routing\\Pipeline.php(53): Illuminate\\Pipeline\\Pipeline->Illuminate\\Pipeline\\{closure}(Object(Illuminate\\Http\\Request))
#41 D:\\Learning\\4th\\Mobie\\UploadingContentV1.0\\PHPScript\\PHPScript\\vendor\\laravel\\framework\\src\\Illuminate\\Pipeline\\Pipeline.php(104): Illuminate\\Routing\\Pipeline->Illuminate\\Routing\\{closure}(Object(Illuminate\\Http\\Request))
#42 D:\\Learning\\4th\\Mobie\\UploadingContentV1.0\\PHPScript\\PHPScript\\vendor\\laravel\\framework\\src\\Illuminate\\Foundation\\Http\\Kernel.php(151): Illuminate\\Pipeline\\Pipeline->then(Object(Closure))
#43 D:\\Learning\\4th\\Mobie\\UploadingContentV1.0\\PHPScript\\PHPScript\\vendor\\laravel\\framework\\src\\Illuminate\\Foundation\\Http\\Kernel.php(116): Illuminate\\Foundation\\Http\\Kernel->sendRequestThroughRouter(Object(Illuminate\\Http\\Request))
#44 D:\\Learning\\4th\\Mobie\\UploadingContentV1.0\\PHPScript\\PHPScript\\public\\index.php(55): Illuminate\\Foundation\\Http\\Kernel->handle(Object(Illuminate\\Http\\Request))
#45 D:\\Learning\\4th\\Mobie\\UploadingContentV1.0\\PHPScript\\PHPScript\\server.php(21): require_once('D:\\\\Learning\\\\4th...')
#46 {main}
"} 
[2020-10-25 05:01:29] local.ERROR: Call to undefined method Cartalyst\Sentinel\Users\EloquentUser::getAuthPassword() {"exception":"[object] (BadMethodCallException(code: 0): Call to undefined method Cartalyst\\Sentinel\\Users\\EloquentUser::getAuthPassword() at D:\\Learning\\4th\\Mobie\\UploadingContentV1.0\\PHPScript\\PHPScript\\vendor\\laravel\\framework\\src\\Illuminate\\Support\\Traits\\ForwardsCalls.php:50)
[stacktrace]
#0 D:\\Learning\\4th\\Mobie\\UploadingContentV1.0\\PHPScript\\PHPScript\\vendor\\laravel\\framework\\src\\Illuminate\\Support\\Traits\\ForwardsCalls.php(36): Illuminate\\Database\\Eloquent\\Model::throwBadMethodCallException('getAuthPassword')
#1 D:\\Learning\\4th\\Mobie\\UploadingContentV1.0\\PHPScript\\PHPScript\\vendor\\laravel\\framework\\src\\Illuminate\\Database\\Eloquent\\Model.php(1618): Illuminate\\Database\\Eloquent\\Model->forwardCallTo(Object(Illuminate\\Database\\Eloquent\\Builder), 'getAuthPassword', Array)
#2 D:\\Learning\\4th\\Mobie\\UploadingContentV1.0\\PHPScript\\PHPScript\\vendor\\cartalyst\\sentinel\\src\\Users\\EloquentUser.php(445): Illuminate\\Database\\Eloquent\\Model->__call('getAuthPassword', Array)
#3 D:\\Learning\\4th\\Mobie\\UploadingContentV1.0\\PHPScript\\PHPScript\\vendor\\laravel\\framework\\src\\Illuminate\\Session\\Middleware\\AuthenticateSession.php(76): Cartalyst\\Sentinel\\Users\\EloquentUser->__call('getAuthPassword', Array)
#4 D:\\Learning\\4th\\Mobie\\UploadingContentV1.0\\PHPScript\\PHPScript\\vendor\\laravel\\framework\\src\\Illuminate\\Session\\Middleware\\AuthenticateSession.php(51): Illuminate\\Session\\Middleware\\AuthenticateSession->storePasswordHashInSession(Object(Illuminate\\Http\\Request))
#5 D:\\Learning\\4th\\Mobie\\UploadingContentV1.0\\PHPScript\\PHPScript\\vendor\\laravel\\framework\\src\\Illuminate\\Pipeline\\Pipeline.php(163): Illuminate\\Session\\Middleware\\AuthenticateSession->handle(Object(Illuminate\\Http\\Request), Object(Closure))
#6 D:\\Learning\\4th\\Mobie\\UploadingContentV1.0\\PHPScript\\PHPScript\\vendor\\laravel\\framework\\src\\Illuminate\\Routing\\Pipeline.php(53): Illuminate\\Pipeline\\Pipeline->Illuminate\\Pipeline\\{closure}(Object(Illuminate\\Http\\Request))
#7 D:\\Learning\\4th\\Mobie\\UploadingContentV1.0\\PHPScript\\PHPScript\\vendor\\laravel\\framework\\src\\Illuminate\\View\\Middleware\\ShareErrorsFromSession.php(49): Illuminate\\Routing\\Pipeline->Illuminate\\Routing\\{closure}(Object(Illuminate\\Http\\Request))
#8 D:\\Learning\\4th\\Mobie\\UploadingContentV1.0\\PHPScript\\PHPScript\\vendor\\laravel\\framework\\src\\Illuminate\\Pipeline\\Pipeline.php(163): Illuminate\\View\\Middleware\\ShareErrorsFromSession->handle(Object(Illuminate\\Http\\Request), Object(Closure))
#9 D:\\Learning\\4th\\Mobie\\UploadingContentV1.0\\PHPScript\\PHPScript\\vendor\\laravel\\framework\\src\\Illuminate\\Routing\\Pipeline.php(53): Illuminate\\Pipeline\\Pipeline->Illuminate\\Pipeline\\{closure}(Object(Illuminate\\Http\\Request))
#10 D:\\Learning\\4th\\Mobie\\UploadingContentV1.0\\PHPScript\\PHPScript\\vendor\\laravel\\framework\\src\\Illuminate\\Session\\Middleware\\StartSession.php(56): Illuminate\\Routing\\Pipeline->Illuminate\\Routing\\{closure}(Object(Illuminate\\Http\\Request))
#11 D:\\Learning\\4th\\Mobie\\UploadingContentV1.0\\PHPScript\\PHPScript\\vendor\\laravel\\framework\\src\\Illuminate\\Pipeline\\Pipeline.php(163): Illuminate\\Session\\Middleware\\StartSession->handle(Object(Illuminate\\Http\\Request), Object(Closure))
#12 D:\\Learning\\4th\\Mobie\\UploadingContentV1.0\\PHPScript\\PHPScript\\vendor\\laravel\\framework\\src\\Illuminate\\Routing\\Pipeline.php(53): Illuminate\\Pipeline\\Pipeline->Illuminate\\Pipeline\\{closure}(Object(Illuminate\\Http\\Request))
#13 D:\\Learning\\4th\\Mobie\\UploadingContentV1.0\\PHPScript\\PHPScript\\vendor\\laravel\\framework\\src\\Illuminate\\Cookie\\Middleware\\AddQueuedCookiesToResponse.php(37): Illuminate\\Routing\\Pipeline->Illuminate\\Routing\\{closure}(Object(Illuminate\\Http\\Request))
#14 D:\\Learning\\4th\\Mobie\\UploadingContentV1.0\\PHPScript\\PHPScript\\vendor\\laravel\\framework\\src\\Illuminate\\Pipeline\\Pipeline.php(163): Illuminate\\Cookie\\Middleware\\AddQueuedCookiesToResponse->handle(Object(Illuminate\\Http\\Request), Object(Closure))
#15 D:\\Learning\\4th\\Mobie\\UploadingContentV1.0\\PHPScript\\PHPScript\\vendor\\laravel\\framework\\src\\Illuminate\\Routing\\Pipeline.php(53): Illuminate\\Pipeline\\Pipeline->Illuminate\\Pipeline\\{closure}(Object(Illuminate\\Http\\Request))
#16 D:\\Learning\\4th\\Mobie\\UploadingContentV1.0\\PHPScript\\PHPScript\\vendor\\laravel\\framework\\src\\Illuminate\\Cookie\\Middleware\\EncryptCookies.php(66): Illuminate\\Routing\\Pipeline->Illuminate\\Routing\\{closure}(Object(Illuminate\\Http\\Request))
#17 D:\\Learning\\4th\\Mobie\\UploadingContentV1.0\\PHPScript\\PHPScript\\vendor\\laravel\\framework\\src\\Illuminate\\Pipeline\\Pipeline.php(163): Illuminate\\Cookie\\Middleware\\EncryptCookies->handle(Object(Illuminate\\Http\\Request), Object(Closure))
#18 D:\\Learning\\4th\\Mobie\\UploadingContentV1.0\\PHPScript\\PHPScript\\vendor\\laravel\\framework\\src\\Illuminate\\Routing\\Pipeline.php(53): Illuminate\\Pipeline\\Pipeline->Illuminate\\Pipeline\\{closure}(Object(Illuminate\\Http\\Request))
#19 D:\\Learning\\4th\\Mobie\\UploadingContentV1.0\\PHPScript\\PHPScript\\vendor\\laravel\\framework\\src\\Illuminate\\Pipeline\\Pipeline.php(104): Illuminate\\Routing\\Pipeline->Illuminate\\Routing\\{closure}(Object(Illuminate\\Http\\Request))
#20 D:\\Learning\\4th\\Mobie\\UploadingContentV1.0\\PHPScript\\PHPScript\\vendor\\laravel\\framework\\src\\Illuminate\\Routing\\Router.php(682): Illuminate\\Pipeline\\Pipeline->then(Object(Closure))
#21 D:\\Learning\\4th\\Mobie\\UploadingContentV1.0\\PHPScript\\PHPScript\\vendor\\laravel\\framework\\src\\Illuminate\\Routing\\Router.php(657): Illuminate\\Routing\\Router->runRouteWithinStack(Object(Illuminate\\Routing\\Route), Object(Illuminate\\Http\\Request))
#22 D:\\Learning\\4th\\Mobie\\UploadingContentV1.0\\PHPScript\\PHPScript\\vendor\\laravel\\framework\\src\\Illuminate\\Routing\\Router.php(623): Illuminate\\Routing\\Router->runRoute(Object(Illuminate\\Http\\Request), Object(Illuminate\\Routing\\Route))
#23 D:\\Learning\\4th\\Mobie\\UploadingContentV1.0\\PHPScript\\PHPScript\\vendor\\laravel\\framework\\src\\Illuminate\\Routing\\Router.php(612): Illuminate\\Routing\\Router->dispatchToRoute(Object(Illuminate\\Http\\Request))
#24 D:\\Learning\\4th\\Mobie\\UploadingContentV1.0\\PHPScript\\PHPScript\\vendor\\laravel\\framework\\src\\Illuminate\\Foundation\\Http\\Kernel.php(176): Illuminate\\Routing\\Router->dispatch(Object(Illuminate\\Http\\Request))
#25 D:\\Learning\\4th\\Mobie\\UploadingContentV1.0\\PHPScript\\PHPScript\\vendor\\laravel\\framework\\src\\Illuminate\\Routing\\Pipeline.php(30): Illuminate\\Foundation\\Http\\Kernel->Illuminate\\Foundation\\Http\\{closure}(Object(Illuminate\\Http\\Request))
#26 D:\\Learning\\4th\\Mobie\\UploadingContentV1.0\\PHPScript\\PHPScript\\vendor\\laravel\\framework\\src\\Illuminate\\Foundation\\Http\\Middleware\\TransformsRequest.php(21): Illuminate\\Routing\\Pipeline->Illuminate\\Routing\\{closure}(Object(Illuminate\\Http\\Request))
#27 D:\\Learning\\4th\\Mobie\\UploadingContentV1.0\\PHPScript\\PHPScript\\vendor\\laravel\\framework\\src\\Illuminate\\Pipeline\\Pipeline.php(163): Illuminate\\Foundation\\Http\\Middleware\\TransformsRequest->handle(Object(Illuminate\\Http\\Request), Object(Closure))
#28 D:\\Learning\\4th\\Mobie\\UploadingContentV1.0\\PHPScript\\PHPScript\\vendor\\laravel\\framework\\src\\Illuminate\\Routing\\Pipeline.php(53): Illuminate\\Pipeline\\Pipeline->Illuminate\\Pipeline\\{closure}(Object(Illuminate\\Http\\Request))
#29 D:\\Learning\\4th\\Mobie\\UploadingContentV1.0\\PHPScript\\PHPScript\\vendor\\laravel\\framework\\src\\Illuminate\\Foundation\\Http\\Middleware\\TransformsRequest.php(21): Illuminate\\Routing\\Pipeline->Illuminate\\Routing\\{closure}(Object(Illuminate\\Http\\Request))
#30 D:\\Learning\\4th\\Mobie\\UploadingContentV1.0\\PHPScript\\PHPScript\\vendor\\laravel\\framework\\src\\Illuminate\\Pipeline\\Pipeline.php(163): Illuminate\\Foundation\\Http\\Middleware\\TransformsRequest->handle(Object(Illuminate\\Http\\Request), Object(Closure))
#31 D:\\Learning\\4th\\Mobie\\UploadingContentV1.0\\PHPScript\\PHPScript\\vendor\\laravel\\framework\\src\\Illuminate\\Routing\\Pipeline.php(53): Illuminate\\Pipeline\\Pipeline->Illuminate\\Pipeline\\{closure}(Object(Illuminate\\Http\\Request))
#32 D:\\Learning\\4th\\Mobie\\UploadingContentV1.0\\PHPScript\\PHPScript\\vendor\\laravel\\framework\\src\\Illuminate\\Foundation\\Http\\Middleware\\ValidatePostSize.php(27): Illuminate\\Routing\\Pipeline->Illuminate\\Routing\\{closure}(Object(Illuminate\\Http\\Request))
#33 D:\\Learning\\4th\\Mobie\\UploadingContentV1.0\\PHPScript\\PHPScript\\vendor\\laravel\\framework\\src\\Illuminate\\Pipeline\\Pipeline.php(163): Illuminate\\Foundation\\Http\\Middleware\\ValidatePostSize->handle(Object(Illuminate\\Http\\Request), Object(Closure))
#34 D:\\Learning\\4th\\Mobie\\UploadingContentV1.0\\PHPScript\\PHPScript\\vendor\\laravel\\framework\\src\\Illuminate\\Routing\\Pipeline.php(53): Illuminate\\Pipeline\\Pipeline->Illuminate\\Pipeline\\{closure}(Object(Illuminate\\Http\\Request))
#35 D:\\Learning\\4th\\Mobie\\UploadingContentV1.0\\PHPScript\\PHPScript\\vendor\\laravel\\framework\\src\\Illuminate\\Foundation\\Http\\Middleware\\CheckForMaintenanceMode.php(62): Illuminate\\Routing\\Pipeline->Illuminate\\Routing\\{closure}(Object(Illuminate\\Http\\Request))
#36 D:\\Learning\\4th\\Mobie\\UploadingContentV1.0\\PHPScript\\PHPScript\\vendor\\laravel\\framework\\src\\Illuminate\\Pipeline\\Pipeline.php(163): Illuminate\\Foundation\\Http\\Middleware\\CheckForMaintenanceMode->handle(Object(Illuminate\\Http\\Request), Object(Closure))
#37 D:\\Learning\\4th\\Mobie\\UploadingContentV1.0\\PHPScript\\PHPScript\\vendor\\laravel\\framework\\src\\Illuminate\\Routing\\Pipeline.php(53): Illuminate\\Pipeline\\Pipeline->Illuminate\\Pipeline\\{closure}(Object(Illuminate\\Http\\Request))
#38 D:\\Learning\\4th\\Mobie\\UploadingContentV1.0\\PHPScript\\PHPScript\\vendor\\fideloper\\proxy\\src\\TrustProxies.php(57): Illuminate\\Routing\\Pipeline->Illuminate\\Routing\\{closure}(Object(Illuminate\\Http\\Request))
#39 D:\\Learning\\4th\\Mobie\\UploadingContentV1.0\\PHPScript\\PHPScript\\vendor\\laravel\\framework\\src\\Illuminate\\Pipeline\\Pipeline.php(163): Fideloper\\Proxy\\TrustProxies->handle(Object(Illuminate\\Http\\Request), Object(Closure))
#40 D:\\Learning\\4th\\Mobie\\UploadingContentV1.0\\PHPScript\\PHPScript\\vendor\\laravel\\framework\\src\\Illuminate\\Routing\\Pipeline.php(53): Illuminate\\Pipeline\\Pipeline->Illuminate\\Pipeline\\{closure}(Object(Illuminate\\Http\\Request))
#41 D:\\Learning\\4th\\Mobie\\UploadingContentV1.0\\PHPScript\\PHPScript\\vendor\\laravel\\framework\\src\\Illuminate\\Pipeline\\Pipeline.php(104): Illuminate\\Routing\\Pipeline->Illuminate\\Routing\\{closure}(Object(Illuminate\\Http\\Request))
#42 D:\\Learning\\4th\\Mobie\\UploadingContentV1.0\\PHPScript\\PHPScript\\vendor\\laravel\\framework\\src\\Illuminate\\Foundation\\Http\\Kernel.php(151): Illuminate\\Pipeline\\Pipeline->then(Object(Closure))
#43 D:\\Learning\\4th\\Mobie\\UploadingContentV1.0\\PHPScript\\PHPScript\\vendor\\laravel\\framework\\src\\Illuminate\\Foundation\\Http\\Kernel.php(116): Illuminate\\Foundation\\Http\\Kernel->sendRequestThroughRouter(Object(Illuminate\\Http\\Request))
#44 D:\\Learning\\4th\\Mobie\\UploadingContentV1.0\\PHPScript\\PHPScript\\public\\index.php(55): Illuminate\\Foundation\\Http\\Kernel->handle(Object(Illuminate\\Http\\Request))
#45 D:\\Learning\\4th\\Mobie\\UploadingContentV1.0\\PHPScript\\PHPScript\\server.php(21): require_once('D:\\\\Learning\\\\4th...')
#46 {main}
"} 
[2020-10-25 05:01:33] local.ERROR: Call to undefined method Cartalyst\Sentinel\Users\EloquentUser::getAuthPassword() {"exception":"[object] (BadMethodCallException(code: 0): Call to undefined method Cartalyst\\Sentinel\\Users\\EloquentUser::getAuthPassword() at D:\\Learning\\4th\\Mobie\\UploadingContentV1.0\\PHPScript\\PHPScript\\vendor\\laravel\\framework\\src\\Illuminate\\Support\\Traits\\ForwardsCalls.php:50)
[stacktrace]
#0 D:\\Learning\\4th\\Mobie\\UploadingContentV1.0\\PHPScript\\PHPScript\\vendor\\laravel\\framework\\src\\Illuminate\\Support\\Traits\\ForwardsCalls.php(36): Illuminate\\Database\\Eloquent\\Model::throwBadMethodCallException('getAuthPassword')
#1 D:\\Learning\\4th\\Mobie\\UploadingContentV1.0\\PHPScript\\PHPScript\\vendor\\laravel\\framework\\src\\Illuminate\\Database\\Eloquent\\Model.php(1618): Illuminate\\Database\\Eloquent\\Model->forwardCallTo(Object(Illuminate\\Database\\Eloquent\\Builder), 'getAuthPassword', Array)
#2 D:\\Learning\\4th\\Mobie\\UploadingContentV1.0\\PHPScript\\PHPScript\\vendor\\cartalyst\\sentinel\\src\\Users\\EloquentUser.php(445): Illuminate\\Database\\Eloquent\\Model->__call('getAuthPassword', Array)
#3 D:\\Learning\\4th\\Mobie\\UploadingContentV1.0\\PHPScript\\PHPScript\\vendor\\laravel\\framework\\src\\Illuminate\\Session\\Middleware\\AuthenticateSession.php(76): Cartalyst\\Sentinel\\Users\\EloquentUser->__call('getAuthPassword', Array)
#4 D:\\Learning\\4th\\Mobie\\UploadingContentV1.0\\PHPScript\\PHPScript\\vendor\\laravel\\framework\\src\\Illuminate\\Session\\Middleware\\AuthenticateSession.php(51): Illuminate\\Session\\Middleware\\AuthenticateSession->storePasswordHashInSession(Object(Illuminate\\Http\\Request))
#5 D:\\Learning\\4th\\Mobie\\UploadingContentV1.0\\PHPScript\\PHPScript\\vendor\\laravel\\framework\\src\\Illuminate\\Pipeline\\Pipeline.php(163): Illuminate\\Session\\Middleware\\AuthenticateSession->handle(Object(Illuminate\\Http\\Request), Object(Closure))
#6 D:\\Learning\\4th\\Mobie\\UploadingContentV1.0\\PHPScript\\PHPScript\\vendor\\laravel\\framework\\src\\Illuminate\\Routing\\Pipeline.php(53): Illuminate\\Pipeline\\Pipeline->Illuminate\\Pipeline\\{closure}(Object(Illuminate\\Http\\Request))
#7 D:\\Learning\\4th\\Mobie\\UploadingContentV1.0\\PHPScript\\PHPScript\\vendor\\laravel\\framework\\src\\Illuminate\\View\\Middleware\\ShareErrorsFromSession.php(49): Illuminate\\Routing\\Pipeline->Illuminate\\Routing\\{closure}(Object(Illuminate\\Http\\Request))
#8 D:\\Learning\\4th\\Mobie\\UploadingContentV1.0\\PHPScript\\PHPScript\\vendor\\laravel\\framework\\src\\Illuminate\\Pipeline\\Pipeline.php(163): Illuminate\\View\\Middleware\\ShareErrorsFromSession->handle(Object(Illuminate\\Http\\Request), Object(Closure))
#9 D:\\Learning\\4th\\Mobie\\UploadingContentV1.0\\PHPScript\\PHPScript\\vendor\\laravel\\framework\\src\\Illuminate\\Routing\\Pipeline.php(53): Illuminate\\Pipeline\\Pipeline->Illuminate\\Pipeline\\{closure}(Object(Illuminate\\Http\\Request))
#10 D:\\Learning\\4th\\Mobie\\UploadingContentV1.0\\PHPScript\\PHPScript\\vendor\\laravel\\framework\\src\\Illuminate\\Session\\Middleware\\StartSession.php(56): Illuminate\\Routing\\Pipeline->Illuminate\\Routing\\{closure}(Object(Illuminate\\Http\\Request))
#11 D:\\Learning\\4th\\Mobie\\UploadingContentV1.0\\PHPScript\\PHPScript\\vendor\\laravel\\framework\\src\\Illuminate\\Pipeline\\Pipeline.php(163): Illuminate\\Session\\Middleware\\StartSession->handle(Object(Illuminate\\Http\\Request), Object(Closure))
#12 D:\\Learning\\4th\\Mobie\\UploadingContentV1.0\\PHPScript\\PHPScript\\vendor\\laravel\\framework\\src\\Illuminate\\Routing\\Pipeline.php(53): Illuminate\\Pipeline\\Pipeline->Illuminate\\Pipeline\\{closure}(Object(Illuminate\\Http\\Request))
#13 D:\\Learning\\4th\\Mobie\\UploadingContentV1.0\\PHPScript\\PHPScript\\vendor\\laravel\\framework\\src\\Illuminate\\Cookie\\Middleware\\AddQueuedCookiesToResponse.php(37): Illuminate\\Routing\\Pipeline->Illuminate\\Routing\\{closure}(Object(Illuminate\\Http\\Request))
#14 D:\\Learning\\4th\\Mobie\\UploadingContentV1.0\\PHPScript\\PHPScript\\vendor\\laravel\\framework\\src\\Illuminate\\Pipeline\\Pipeline.php(163): Illuminate\\Cookie\\Middleware\\AddQueuedCookiesToResponse->handle(Object(Illuminate\\Http\\Request), Object(Closure))
#15 D:\\Learning\\4th\\Mobie\\UploadingContentV1.0\\PHPScript\\PHPScript\\vendor\\laravel\\framework\\src\\Illuminate\\Routing\\Pipeline.php(53): Illuminate\\Pipeline\\Pipeline->Illuminate\\Pipeline\\{closure}(Object(Illuminate\\Http\\Request))
#16 D:\\Learning\\4th\\Mobie\\UploadingContentV1.0\\PHPScript\\PHPScript\\vendor\\laravel\\framework\\src\\Illuminate\\Cookie\\Middleware\\EncryptCookies.php(66): Illuminate\\Routing\\Pipeline->Illuminate\\Routing\\{closure}(Object(Illuminate\\Http\\Request))
#17 D:\\Learning\\4th\\Mobie\\UploadingContentV1.0\\PHPScript\\PHPScript\\vendor\\laravel\\framework\\src\\Illuminate\\Pipeline\\Pipeline.php(163): Illuminate\\Cookie\\Middleware\\EncryptCookies->handle(Object(Illuminate\\Http\\Request), Object(Closure))
#18 D:\\Learning\\4th\\Mobie\\UploadingContentV1.0\\PHPScript\\PHPScript\\vendor\\laravel\\framework\\src\\Illuminate\\Routing\\Pipeline.php(53): Illuminate\\Pipeline\\Pipeline->Illuminate\\Pipeline\\{closure}(Object(Illuminate\\Http\\Request))
#19 D:\\Learning\\4th\\Mobie\\UploadingContentV1.0\\PHPScript\\PHPScript\\vendor\\laravel\\framework\\src\\Illuminate\\Pipeline\\Pipeline.php(104): Illuminate\\Routing\\Pipeline->Illuminate\\Routing\\{closure}(Object(Illuminate\\Http\\Request))
#20 D:\\Learning\\4th\\Mobie\\UploadingContentV1.0\\PHPScript\\PHPScript\\vendor\\laravel\\framework\\src\\Illuminate\\Routing\\Router.php(682): Illuminate\\Pipeline\\Pipeline->then(Object(Closure))
#21 D:\\Learning\\4th\\Mobie\\UploadingContentV1.0\\PHPScript\\PHPScript\\vendor\\laravel\\framework\\src\\Illuminate\\Routing\\Router.php(657): Illuminate\\Routing\\Router->runRouteWithinStack(Object(Illuminate\\Routing\\Route), Object(Illuminate\\Http\\Request))
#22 D:\\Learning\\4th\\Mobie\\UploadingContentV1.0\\PHPScript\\PHPScript\\vendor\\laravel\\framework\\src\\Illuminate\\Routing\\Router.php(623): Illuminate\\Routing\\Router->runRoute(Object(Illuminate\\Http\\Request), Object(Illuminate\\Routing\\Route))
#23 D:\\Learning\\4th\\Mobie\\UploadingContentV1.0\\PHPScript\\PHPScript\\vendor\\laravel\\framework\\src\\Illuminate\\Routing\\Router.php(612): Illuminate\\Routing\\Router->dispatchToRoute(Object(Illuminate\\Http\\Request))
#24 D:\\Learning\\4th\\Mobie\\UploadingContentV1.0\\PHPScript\\PHPScript\\vendor\\laravel\\framework\\src\\Illuminate\\Foundation\\Http\\Kernel.php(176): Illuminate\\Routing\\Router->dispatch(Object(Illuminate\\Http\\Request))
#25 D:\\Learning\\4th\\Mobie\\UploadingContentV1.0\\PHPScript\\PHPScript\\vendor\\laravel\\framework\\src\\Illuminate\\Routing\\Pipeline.php(30): Illuminate\\Foundation\\Http\\Kernel->Illuminate\\Foundation\\Http\\{closure}(Object(Illuminate\\Http\\Request))
#26 D:\\Learning\\4th\\Mobie\\UploadingContentV1.0\\PHPScript\\PHPScript\\vendor\\laravel\\framework\\src\\Illuminate\\Foundation\\Http\\Middleware\\TransformsRequest.php(21): Illuminate\\Routing\\Pipeline->Illuminate\\Routing\\{closure}(Object(Illuminate\\Http\\Request))
#27 D:\\Learning\\4th\\Mobie\\UploadingContentV1.0\\PHPScript\\PHPScript\\vendor\\laravel\\framework\\src\\Illuminate\\Pipeline\\Pipeline.php(163): Illuminate\\Foundation\\Http\\Middleware\\TransformsRequest->handle(Object(Illuminate\\Http\\Request), Object(Closure))
#28 D:\\Learning\\4th\\Mobie\\UploadingContentV1.0\\PHPScript\\PHPScript\\vendor\\laravel\\framework\\src\\Illuminate\\Routing\\Pipeline.php(53): Illuminate\\Pipeline\\Pipeline->Illuminate\\Pipeline\\{closure}(Object(Illuminate\\Http\\Request))
#29 D:\\Learning\\4th\\Mobie\\UploadingContentV1.0\\PHPScript\\PHPScript\\vendor\\laravel\\framework\\src\\Illuminate\\Foundation\\Http\\Middleware\\TransformsRequest.php(21): Illuminate\\Routing\\Pipeline->Illuminate\\Routing\\{closure}(Object(Illuminate\\Http\\Request))
#30 D:\\Learning\\4th\\Mobie\\UploadingContentV1.0\\PHPScript\\PHPScript\\vendor\\laravel\\framework\\src\\Illuminate\\Pipeline\\Pipeline.php(163): Illuminate\\Foundation\\Http\\Middleware\\TransformsRequest->handle(Object(Illuminate\\Http\\Request), Object(Closure))
#31 D:\\Learning\\4th\\Mobie\\UploadingContentV1.0\\PHPScript\\PHPScript\\vendor\\laravel\\framework\\src\\Illuminate\\Routing\\Pipeline.php(53): Illuminate\\Pipeline\\Pipeline->Illuminate\\Pipeline\\{closure}(Object(Illuminate\\Http\\Request))
#32 D:\\Learning\\4th\\Mobie\\UploadingContentV1.0\\PHPScript\\PHPScript\\vendor\\laravel\\framework\\src\\Illuminate\\Foundation\\Http\\Middleware\\ValidatePostSize.php(27): Illuminate\\Routing\\Pipeline->Illuminate\\Routing\\{closure}(Object(Illuminate\\Http\\Request))
#33 D:\\Learning\\4th\\Mobie\\UploadingContentV1.0\\PHPScript\\PHPScript\\vendor\\laravel\\framework\\src\\Illuminate\\Pipeline\\Pipeline.php(163): Illuminate\\Foundation\\Http\\Middleware\\ValidatePostSize->handle(Object(Illuminate\\Http\\Request), Object(Closure))
#34 D:\\Learning\\4th\\Mobie\\UploadingContentV1.0\\PHPScript\\PHPScript\\vendor\\laravel\\framework\\src\\Illuminate\\Routing\\Pipeline.php(53): Illuminate\\Pipeline\\Pipeline->Illuminate\\Pipeline\\{closure}(Object(Illuminate\\Http\\Request))
#35 D:\\Learning\\4th\\Mobie\\UploadingContentV1.0\\PHPScript\\PHPScript\\vendor\\laravel\\framework\\src\\Illuminate\\Foundation\\Http\\Middleware\\CheckForMaintenanceMode.php(62): Illuminate\\Routing\\Pipeline->Illuminate\\Routing\\{closure}(Object(Illuminate\\Http\\Request))
#36 D:\\Learning\\4th\\Mobie\\UploadingContentV1.0\\PHPScript\\PHPScript\\vendor\\laravel\\framework\\src\\Illuminate\\Pipeline\\Pipeline.php(163): Illuminate\\Foundation\\Http\\Middleware\\CheckForMaintenanceMode->handle(Object(Illuminate\\Http\\Request), Object(Closure))
#37 D:\\Learning\\4th\\Mobie\\UploadingContentV1.0\\PHPScript\\PHPScript\\vendor\\laravel\\framework\\src\\Illuminate\\Routing\\Pipeline.php(53): Illuminate\\Pipeline\\Pipeline->Illuminate\\Pipeline\\{closure}(Object(Illuminate\\Http\\Request))
#38 D:\\Learning\\4th\\Mobie\\UploadingContentV1.0\\PHPScript\\PHPScript\\vendor\\fideloper\\proxy\\src\\TrustProxies.php(57): Illuminate\\Routing\\Pipeline->Illuminate\\Routing\\{closure}(Object(Illuminate\\Http\\Request))
#39 D:\\Learning\\4th\\Mobie\\UploadingContentV1.0\\PHPScript\\PHPScript\\vendor\\laravel\\framework\\src\\Illuminate\\Pipeline\\Pipeline.php(163): Fideloper\\Proxy\\TrustProxies->handle(Object(Illuminate\\Http\\Request), Object(Closure))
#40 D:\\Learning\\4th\\Mobie\\UploadingContentV1.0\\PHPScript\\PHPScript\\vendor\\laravel\\framework\\src\\Illuminate\\Routing\\Pipeline.php(53): Illuminate\\Pipeline\\Pipeline->Illuminate\\Pipeline\\{closure}(Object(Illuminate\\Http\\Request))
#41 D:\\Learning\\4th\\Mobie\\UploadingContentV1.0\\PHPScript\\PHPScript\\vendor\\laravel\\framework\\src\\Illuminate\\Pipeline\\Pipeline.php(104): Illuminate\\Routing\\Pipeline->Illuminate\\Routing\\{closure}(Object(Illuminate\\Http\\Request))
#42 D:\\Learning\\4th\\Mobie\\UploadingContentV1.0\\PHPScript\\PHPScript\\vendor\\laravel\\framework\\src\\Illuminate\\Foundation\\Http\\Kernel.php(151): Illuminate\\Pipeline\\Pipeline->then(Object(Closure))
#43 D:\\Learning\\4th\\Mobie\\UploadingContentV1.0\\PHPScript\\PHPScript\\vendor\\laravel\\framework\\src\\Illuminate\\Foundation\\Http\\Kernel.php(116): Illuminate\\Foundation\\Http\\Kernel->sendRequestThroughRouter(Object(Illuminate\\Http\\Request))
#44 D:\\Learning\\4th\\Mobie\\UploadingContentV1.0\\PHPScript\\PHPScript\\public\\index.php(55): Illuminate\\Foundation\\Http\\Kernel->handle(Object(Illuminate\\Http\\Request))
#45 D:\\Learning\\4th\\Mobie\\UploadingContentV1.0\\PHPScript\\PHPScript\\server.php(21): require_once('D:\\\\Learning\\\\4th...')
#46 {main}
"} 
[2020-10-25 05:01:37] local.ERROR: Call to undefined method Cartalyst\Sentinel\Users\EloquentUser::getAuthPassword() {"exception":"[object] (BadMethodCallException(code: 0): Call to undefined method Cartalyst\\Sentinel\\Users\\EloquentUser::getAuthPassword() at D:\\Learning\\4th\\Mobie\\UploadingContentV1.0\\PHPScript\\PHPScript\\vendor\\laravel\\framework\\src\\Illuminate\\Support\\Traits\\ForwardsCalls.php:50)
[stacktrace]
#0 D:\\Learning\\4th\\Mobie\\UploadingContentV1.0\\PHPScript\\PHPScript\\vendor\\laravel\\framework\\src\\Illuminate\\Support\\Traits\\ForwardsCalls.php(36): Illuminate\\Database\\Eloquent\\Model::throwBadMethodCallException('getAuthPassword')
#1 D:\\Learning\\4th\\Mobie\\UploadingContentV1.0\\PHPScript\\PHPScript\\vendor\\laravel\\framework\\src\\Illuminate\\Database\\Eloquent\\Model.php(1618): Illuminate\\Database\\Eloquent\\Model->forwardCallTo(Object(Illuminate\\Database\\Eloquent\\Builder), 'getAuthPassword', Array)
#2 D:\\Learning\\4th\\Mobie\\UploadingContentV1.0\\PHPScript\\PHPScript\\vendor\\cartalyst\\sentinel\\src\\Users\\EloquentUser.php(445): Illuminate\\Database\\Eloquent\\Model->__call('getAuthPassword', Array)
#3 D:\\Learning\\4th\\Mobie\\UploadingContentV1.0\\PHPScript\\PHPScript\\vendor\\laravel\\framework\\src\\Illuminate\\Session\\Middleware\\AuthenticateSession.php(76): Cartalyst\\Sentinel\\Users\\EloquentUser->__call('getAuthPassword', Array)
#4 D:\\Learning\\4th\\Mobie\\UploadingContentV1.0\\PHPScript\\PHPScript\\vendor\\laravel\\framework\\src\\Illuminate\\Session\\Middleware\\AuthenticateSession.php(51): Illuminate\\Session\\Middleware\\AuthenticateSession->storePasswordHashInSession(Object(Illuminate\\Http\\Request))
#5 D:\\Learning\\4th\\Mobie\\UploadingContentV1.0\\PHPScript\\PHPScript\\vendor\\laravel\\framework\\src\\Illuminate\\Pipeline\\Pipeline.php(163): Illuminate\\Session\\Middleware\\AuthenticateSession->handle(Object(Illuminate\\Http\\Request), Object(Closure))
#6 D:\\Learning\\4th\\Mobie\\UploadingContentV1.0\\PHPScript\\PHPScript\\vendor\\laravel\\framework\\src\\Illuminate\\Routing\\Pipeline.php(53): Illuminate\\Pipeline\\Pipeline->Illuminate\\Pipeline\\{closure}(Object(Illuminate\\Http\\Request))
#7 D:\\Learning\\4th\\Mobie\\UploadingContentV1.0\\PHPScript\\PHPScript\\vendor\\laravel\\framework\\src\\Illuminate\\View\\Middleware\\ShareErrorsFromSession.php(49): Illuminate\\Routing\\Pipeline->Illuminate\\Routing\\{closure}(Object(Illuminate\\Http\\Request))
#8 D:\\Learning\\4th\\Mobie\\UploadingContentV1.0\\PHPScript\\PHPScript\\vendor\\laravel\\framework\\src\\Illuminate\\Pipeline\\Pipeline.php(163): Illuminate\\View\\Middleware\\ShareErrorsFromSession->handle(Object(Illuminate\\Http\\Request), Object(Closure))
#9 D:\\Learning\\4th\\Mobie\\UploadingContentV1.0\\PHPScript\\PHPScript\\vendor\\laravel\\framework\\src\\Illuminate\\Routing\\Pipeline.php(53): Illuminate\\Pipeline\\Pipeline->Illuminate\\Pipeline\\{closure}(Object(Illuminate\\Http\\Request))
#10 D:\\Learning\\4th\\Mobie\\UploadingContentV1.0\\PHPScript\\PHPScript\\vendor\\laravel\\framework\\src\\Illuminate\\Session\\Middleware\\StartSession.php(56): Illuminate\\Routing\\Pipeline->Illuminate\\Routing\\{closure}(Object(Illuminate\\Http\\Request))
#11 D:\\Learning\\4th\\Mobie\\UploadingContentV1.0\\PHPScript\\PHPScript\\vendor\\laravel\\framework\\src\\Illuminate\\Pipeline\\Pipeline.php(163): Illuminate\\Session\\Middleware\\StartSession->handle(Object(Illuminate\\Http\\Request), Object(Closure))
#12 D:\\Learning\\4th\\Mobie\\UploadingContentV1.0\\PHPScript\\PHPScript\\vendor\\laravel\\framework\\src\\Illuminate\\Routing\\Pipeline.php(53): Illuminate\\Pipeline\\Pipeline->Illuminate\\Pipeline\\{closure}(Object(Illuminate\\Http\\Request))
#13 D:\\Learning\\4th\\Mobie\\UploadingContentV1.0\\PHPScript\\PHPScript\\vendor\\laravel\\framework\\src\\Illuminate\\Cookie\\Middleware\\AddQueuedCookiesToResponse.php(37): Illuminate\\Routing\\Pipeline->Illuminate\\Routing\\{closure}(Object(Illuminate\\Http\\Request))
#14 D:\\Learning\\4th\\Mobie\\UploadingContentV1.0\\PHPScript\\PHPScript\\vendor\\laravel\\framework\\src\\Illuminate\\Pipeline\\Pipeline.php(163): Illuminate\\Cookie\\Middleware\\AddQueuedCookiesToResponse->handle(Object(Illuminate\\Http\\Request), Object(Closure))
#15 D:\\Learning\\4th\\Mobie\\UploadingContentV1.0\\PHPScript\\PHPScript\\vendor\\laravel\\framework\\src\\Illuminate\\Routing\\Pipeline.php(53): Illuminate\\Pipeline\\Pipeline->Illuminate\\Pipeline\\{closure}(Object(Illuminate\\Http\\Request))
#16 D:\\Learning\\4th\\Mobie\\UploadingContentV1.0\\PHPScript\\PHPScript\\vendor\\laravel\\framework\\src\\Illuminate\\Cookie\\Middleware\\EncryptCookies.php(66): Illuminate\\Routing\\Pipeline->Illuminate\\Routing\\{closure}(Object(Illuminate\\Http\\Request))
#17 D:\\Learning\\4th\\Mobie\\UploadingContentV1.0\\PHPScript\\PHPScript\\vendor\\laravel\\framework\\src\\Illuminate\\Pipeline\\Pipeline.php(163): Illuminate\\Cookie\\Middleware\\EncryptCookies->handle(Object(Illuminate\\Http\\Request), Object(Closure))
#18 D:\\Learning\\4th\\Mobie\\UploadingContentV1.0\\PHPScript\\PHPScript\\vendor\\laravel\\framework\\src\\Illuminate\\Routing\\Pipeline.php(53): Illuminate\\Pipeline\\Pipeline->Illuminate\\Pipeline\\{closure}(Object(Illuminate\\Http\\Request))
#19 D:\\Learning\\4th\\Mobie\\UploadingContentV1.0\\PHPScript\\PHPScript\\vendor\\laravel\\framework\\src\\Illuminate\\Pipeline\\Pipeline.php(104): Illuminate\\Routing\\Pipeline->Illuminate\\Routing\\{closure}(Object(Illuminate\\Http\\Request))
#20 D:\\Learning\\4th\\Mobie\\UploadingContentV1.0\\PHPScript\\PHPScript\\vendor\\laravel\\framework\\src\\Illuminate\\Routing\\Router.php(682): Illuminate\\Pipeline\\Pipeline->then(Object(Closure))
#21 D:\\Learning\\4th\\Mobie\\UploadingContentV1.0\\PHPScript\\PHPScript\\vendor\\laravel\\framework\\src\\Illuminate\\Routing\\Router.php(657): Illuminate\\Routing\\Router->runRouteWithinStack(Object(Illuminate\\Routing\\Route), Object(Illuminate\\Http\\Request))
#22 D:\\Learning\\4th\\Mobie\\UploadingContentV1.0\\PHPScript\\PHPScript\\vendor\\laravel\\framework\\src\\Illuminate\\Routing\\Router.php(623): Illuminate\\Routing\\Router->runRoute(Object(Illuminate\\Http\\Request), Object(Illuminate\\Routing\\Route))
#23 D:\\Learning\\4th\\Mobie\\UploadingContentV1.0\\PHPScript\\PHPScript\\vendor\\laravel\\framework\\src\\Illuminate\\Routing\\Router.php(612): Illuminate\\Routing\\Router->dispatchToRoute(Object(Illuminate\\Http\\Request))
#24 D:\\Learning\\4th\\Mobie\\UploadingContentV1.0\\PHPScript\\PHPScript\\vendor\\laravel\\framework\\src\\Illuminate\\Foundation\\Http\\Kernel.php(176): Illuminate\\Routing\\Router->dispatch(Object(Illuminate\\Http\\Request))
#25 D:\\Learning\\4th\\Mobie\\UploadingContentV1.0\\PHPScript\\PHPScript\\vendor\\laravel\\framework\\src\\Illuminate\\Routing\\Pipeline.php(30): Illuminate\\Foundation\\Http\\Kernel->Illuminate\\Foundation\\Http\\{closure}(Object(Illuminate\\Http\\Request))
#26 D:\\Learning\\4th\\Mobie\\UploadingContentV1.0\\PHPScript\\PHPScript\\vendor\\laravel\\framework\\src\\Illuminate\\Foundation\\Http\\Middleware\\TransformsRequest.php(21): Illuminate\\Routing\\Pipeline->Illuminate\\Routing\\{closure}(Object(Illuminate\\Http\\Request))
#27 D:\\Learning\\4th\\Mobie\\UploadingContentV1.0\\PHPScript\\PHPScript\\vendor\\laravel\\framework\\src\\Illuminate\\Pipeline\\Pipeline.php(163): Illuminate\\Foundation\\Http\\Middleware\\TransformsRequest->handle(Object(Illuminate\\Http\\Request), Object(Closure))
#28 D:\\Learning\\4th\\Mobie\\UploadingContentV1.0\\PHPScript\\PHPScript\\vendor\\laravel\\framework\\src\\Illuminate\\Routing\\Pipeline.php(53): Illuminate\\Pipeline\\Pipeline->Illuminate\\Pipeline\\{closure}(Object(Illuminate\\Http\\Request))
#29 D:\\Learning\\4th\\Mobie\\UploadingContentV1.0\\PHPScript\\PHPScript\\vendor\\laravel\\framework\\src\\Illuminate\\Foundation\\Http\\Middleware\\TransformsRequest.php(21): Illuminate\\Routing\\Pipeline->Illuminate\\Routing\\{closure}(Object(Illuminate\\Http\\Request))
#30 D:\\Learning\\4th\\Mobie\\UploadingContentV1.0\\PHPScript\\PHPScript\\vendor\\laravel\\framework\\src\\Illuminate\\Pipeline\\Pipeline.php(163): Illuminate\\Foundation\\Http\\Middleware\\TransformsRequest->handle(Object(Illuminate\\Http\\Request), Object(Closure))
#31 D:\\Learning\\4th\\Mobie\\UploadingContentV1.0\\PHPScript\\PHPScript\\vendor\\laravel\\framework\\src\\Illuminate\\Routing\\Pipeline.php(53): Illuminate\\Pipeline\\Pipeline->Illuminate\\Pipeline\\{closure}(Object(Illuminate\\Http\\Request))
#32 D:\\Learning\\4th\\Mobie\\UploadingContentV1.0\\PHPScript\\PHPScript\\vendor\\laravel\\framework\\src\\Illuminate\\Foundation\\Http\\Middleware\\ValidatePostSize.php(27): Illuminate\\Routing\\Pipeline->Illuminate\\Routing\\{closure}(Object(Illuminate\\Http\\Request))
#33 D:\\Learning\\4th\\Mobie\\UploadingContentV1.0\\PHPScript\\PHPScript\\vendor\\laravel\\framework\\src\\Illuminate\\Pipeline\\Pipeline.php(163): Illuminate\\Foundation\\Http\\Middleware\\ValidatePostSize->handle(Object(Illuminate\\Http\\Request), Object(Closure))
#34 D:\\Learning\\4th\\Mobie\\UploadingContentV1.0\\PHPScript\\PHPScript\\vendor\\laravel\\framework\\src\\Illuminate\\Routing\\Pipeline.php(53): Illuminate\\Pipeline\\Pipeline->Illuminate\\Pipeline\\{closure}(Object(Illuminate\\Http\\Request))
#35 D:\\Learning\\4th\\Mobie\\UploadingContentV1.0\\PHPScript\\PHPScript\\vendor\\laravel\\framework\\src\\Illuminate\\Foundation\\Http\\Middleware\\CheckForMaintenanceMode.php(62): Illuminate\\Routing\\Pipeline->Illuminate\\Routing\\{closure}(Object(Illuminate\\Http\\Request))
#36 D:\\Learning\\4th\\Mobie\\UploadingContentV1.0\\PHPScript\\PHPScript\\vendor\\laravel\\framework\\src\\Illuminate\\Pipeline\\Pipeline.php(163): Illuminate\\Foundation\\Http\\Middleware\\CheckForMaintenanceMode->handle(Object(Illuminate\\Http\\Request), Object(Closure))
#37 D:\\Learning\\4th\\Mobie\\UploadingContentV1.0\\PHPScript\\PHPScript\\vendor\\laravel\\framework\\src\\Illuminate\\Routing\\Pipeline.php(53): Illuminate\\Pipeline\\Pipeline->Illuminate\\Pipeline\\{closure}(Object(Illuminate\\Http\\Request))
#38 D:\\Learning\\4th\\Mobie\\UploadingContentV1.0\\PHPScript\\PHPScript\\vendor\\fideloper\\proxy\\src\\TrustProxies.php(57): Illuminate\\Routing\\Pipeline->Illuminate\\Routing\\{closure}(Object(Illuminate\\Http\\Request))
#39 D:\\Learning\\4th\\Mobie\\UploadingContentV1.0\\PHPScript\\PHPScript\\vendor\\laravel\\framework\\src\\Illuminate\\Pipeline\\Pipeline.php(163): Fideloper\\Proxy\\TrustProxies->handle(Object(Illuminate\\Http\\Request), Object(Closure))
#40 D:\\Learning\\4th\\Mobie\\UploadingContentV1.0\\PHPScript\\PHPScript\\vendor\\laravel\\framework\\src\\Illuminate\\Routing\\Pipeline.php(53): Illuminate\\Pipeline\\Pipeline->Illuminate\\Pipeline\\{closure}(Object(Illuminate\\Http\\Request))
#41 D:\\Learning\\4th\\Mobie\\UploadingContentV1.0\\PHPScript\\PHPScript\\vendor\\laravel\\framework\\src\\Illuminate\\Pipeline\\Pipeline.php(104): Illuminate\\Routing\\Pipeline->Illuminate\\Routing\\{closure}(Object(Illuminate\\Http\\Request))
#42 D:\\Learning\\4th\\Mobie\\UploadingContentV1.0\\PHPScript\\PHPScript\\vendor\\laravel\\framework\\src\\Illuminate\\Foundation\\Http\\Kernel.php(151): Illuminate\\Pipeline\\Pipeline->then(Object(Closure))
#43 D:\\Learning\\4th\\Mobie\\UploadingContentV1.0\\PHPScript\\PHPScript\\vendor\\laravel\\framework\\src\\Illuminate\\Foundation\\Http\\Kernel.php(116): Illuminate\\Foundation\\Http\\Kernel->sendRequestThroughRouter(Object(Illuminate\\Http\\Request))
#44 D:\\Learning\\4th\\Mobie\\UploadingContentV1.0\\PHPScript\\PHPScript\\public\\index.php(55): Illuminate\\Foundation\\Http\\Kernel->handle(Object(Illuminate\\Http\\Request))
#45 D:\\Learning\\4th\\Mobie\\UploadingContentV1.0\\PHPScript\\PHPScript\\server.php(21): require_once('D:\\\\Learning\\\\4th...')
#46 {main}
"} 
[2020-10-25 05:02:00] local.ERROR: Call to undefined method Cartalyst\Sentinel\Users\EloquentUser::getAuthPassword() {"exception":"[object] (BadMethodCallException(code: 0): Call to undefined method Cartalyst\\Sentinel\\Users\\EloquentUser::getAuthPassword() at D:\\Learning\\4th\\Mobie\\UploadingContentV1.0\\PHPScript\\PHPScript\\vendor\\laravel\\framework\\src\\Illuminate\\Support\\Traits\\ForwardsCalls.php:50)
[stacktrace]
#0 D:\\Learning\\4th\\Mobie\\UploadingContentV1.0\\PHPScript\\PHPScript\\vendor\\laravel\\framework\\src\\Illuminate\\Support\\Traits\\ForwardsCalls.php(36): Illuminate\\Database\\Eloquent\\Model::throwBadMethodCallException('getAuthPassword')
#1 D:\\Learning\\4th\\Mobie\\UploadingContentV1.0\\PHPScript\\PHPScript\\vendor\\laravel\\framework\\src\\Illuminate\\Database\\Eloquent\\Model.php(1618): Illuminate\\Database\\Eloquent\\Model->forwardCallTo(Object(Illuminate\\Database\\Eloquent\\Builder), 'getAuthPassword', Array)
#2 D:\\Learning\\4th\\Mobie\\UploadingContentV1.0\\PHPScript\\PHPScript\\vendor\\cartalyst\\sentinel\\src\\Users\\EloquentUser.php(445): Illuminate\\Database\\Eloquent\\Model->__call('getAuthPassword', Array)
#3 D:\\Learning\\4th\\Mobie\\UploadingContentV1.0\\PHPScript\\PHPScript\\vendor\\laravel\\framework\\src\\Illuminate\\Session\\Middleware\\AuthenticateSession.php(76): Cartalyst\\Sentinel\\Users\\EloquentUser->__call('getAuthPassword', Array)
#4 D:\\Learning\\4th\\Mobie\\UploadingContentV1.0\\PHPScript\\PHPScript\\vendor\\laravel\\framework\\src\\Illuminate\\Session\\Middleware\\AuthenticateSession.php(51): Illuminate\\Session\\Middleware\\AuthenticateSession->storePasswordHashInSession(Object(Illuminate\\Http\\Request))
#5 D:\\Learning\\4th\\Mobie\\UploadingContentV1.0\\PHPScript\\PHPScript\\vendor\\laravel\\framework\\src\\Illuminate\\Pipeline\\Pipeline.php(163): Illuminate\\Session\\Middleware\\AuthenticateSession->handle(Object(Illuminate\\Http\\Request), Object(Closure))
#6 D:\\Learning\\4th\\Mobie\\UploadingContentV1.0\\PHPScript\\PHPScript\\vendor\\laravel\\framework\\src\\Illuminate\\Routing\\Pipeline.php(53): Illuminate\\Pipeline\\Pipeline->Illuminate\\Pipeline\\{closure}(Object(Illuminate\\Http\\Request))
#7 D:\\Learning\\4th\\Mobie\\UploadingContentV1.0\\PHPScript\\PHPScript\\vendor\\laravel\\framework\\src\\Illuminate\\View\\Middleware\\ShareErrorsFromSession.php(49): Illuminate\\Routing\\Pipeline->Illuminate\\Routing\\{closure}(Object(Illuminate\\Http\\Request))
#8 D:\\Learning\\4th\\Mobie\\UploadingContentV1.0\\PHPScript\\PHPScript\\vendor\\laravel\\framework\\src\\Illuminate\\Pipeline\\Pipeline.php(163): Illuminate\\View\\Middleware\\ShareErrorsFromSession->handle(Object(Illuminate\\Http\\Request), Object(Closure))
#9 D:\\Learning\\4th\\Mobie\\UploadingContentV1.0\\PHPScript\\PHPScript\\vendor\\laravel\\framework\\src\\Illuminate\\Routing\\Pipeline.php(53): Illuminate\\Pipeline\\Pipeline->Illuminate\\Pipeline\\{closure}(Object(Illuminate\\Http\\Request))
#10 D:\\Learning\\4th\\Mobie\\UploadingContentV1.0\\PHPScript\\PHPScript\\vendor\\laravel\\framework\\src\\Illuminate\\Session\\Middleware\\StartSession.php(56): Illuminate\\Routing\\Pipeline->Illuminate\\Routing\\{closure}(Object(Illuminate\\Http\\Request))
#11 D:\\Learning\\4th\\Mobie\\UploadingContentV1.0\\PHPScript\\PHPScript\\vendor\\laravel\\framework\\src\\Illuminate\\Pipeline\\Pipeline.php(163): Illuminate\\Session\\Middleware\\StartSession->handle(Object(Illuminate\\Http\\Request), Object(Closure))
#12 D:\\Learning\\4th\\Mobie\\UploadingContentV1.0\\PHPScript\\PHPScript\\vendor\\laravel\\framework\\src\\Illuminate\\Routing\\Pipeline.php(53): Illuminate\\Pipeline\\Pipeline->Illuminate\\Pipeline\\{closure}(Object(Illuminate\\Http\\Request))
#13 D:\\Learning\\4th\\Mobie\\UploadingContentV1.0\\PHPScript\\PHPScript\\vendor\\laravel\\framework\\src\\Illuminate\\Cookie\\Middleware\\AddQueuedCookiesToResponse.php(37): Illuminate\\Routing\\Pipeline->Illuminate\\Routing\\{closure}(Object(Illuminate\\Http\\Request))
#14 D:\\Learning\\4th\\Mobie\\UploadingContentV1.0\\PHPScript\\PHPScript\\vendor\\laravel\\framework\\src\\Illuminate\\Pipeline\\Pipeline.php(163): Illuminate\\Cookie\\Middleware\\AddQueuedCookiesToResponse->handle(Object(Illuminate\\Http\\Request), Object(Closure))
#15 D:\\Learning\\4th\\Mobie\\UploadingContentV1.0\\PHPScript\\PHPScript\\vendor\\laravel\\framework\\src\\Illuminate\\Routing\\Pipeline.php(53): Illuminate\\Pipeline\\Pipeline->Illuminate\\Pipeline\\{closure}(Object(Illuminate\\Http\\Request))
#16 D:\\Learning\\4th\\Mobie\\UploadingContentV1.0\\PHPScript\\PHPScript\\vendor\\laravel\\framework\\src\\Illuminate\\Cookie\\Middleware\\EncryptCookies.php(66): Illuminate\\Routing\\Pipeline->Illuminate\\Routing\\{closure}(Object(Illuminate\\Http\\Request))
#17 D:\\Learning\\4th\\Mobie\\UploadingContentV1.0\\PHPScript\\PHPScript\\vendor\\laravel\\framework\\src\\Illuminate\\Pipeline\\Pipeline.php(163): Illuminate\\Cookie\\Middleware\\EncryptCookies->handle(Object(Illuminate\\Http\\Request), Object(Closure))
#18 D:\\Learning\\4th\\Mobie\\UploadingContentV1.0\\PHPScript\\PHPScript\\vendor\\laravel\\framework\\src\\Illuminate\\Routing\\Pipeline.php(53): Illuminate\\Pipeline\\Pipeline->Illuminate\\Pipeline\\{closure}(Object(Illuminate\\Http\\Request))
#19 D:\\Learning\\4th\\Mobie\\UploadingContentV1.0\\PHPScript\\PHPScript\\vendor\\laravel\\framework\\src\\Illuminate\\Pipeline\\Pipeline.php(104): Illuminate\\Routing\\Pipeline->Illuminate\\Routing\\{closure}(Object(Illuminate\\Http\\Request))
#20 D:\\Learning\\4th\\Mobie\\UploadingContentV1.0\\PHPScript\\PHPScript\\vendor\\laravel\\framework\\src\\Illuminate\\Routing\\Router.php(682): Illuminate\\Pipeline\\Pipeline->then(Object(Closure))
#21 D:\\Learning\\4th\\Mobie\\UploadingContentV1.0\\PHPScript\\PHPScript\\vendor\\laravel\\framework\\src\\Illuminate\\Routing\\Router.php(657): Illuminate\\Routing\\Router->runRouteWithinStack(Object(Illuminate\\Routing\\Route), Object(Illuminate\\Http\\Request))
#22 D:\\Learning\\4th\\Mobie\\UploadingContentV1.0\\PHPScript\\PHPScript\\vendor\\laravel\\framework\\src\\Illuminate\\Routing\\Router.php(623): Illuminate\\Routing\\Router->runRoute(Object(Illuminate\\Http\\Request), Object(Illuminate\\Routing\\Route))
#23 D:\\Learning\\4th\\Mobie\\UploadingContentV1.0\\PHPScript\\PHPScript\\vendor\\laravel\\framework\\src\\Illuminate\\Routing\\Router.php(612): Illuminate\\Routing\\Router->dispatchToRoute(Object(Illuminate\\Http\\Request))
#24 D:\\Learning\\4th\\Mobie\\UploadingContentV1.0\\PHPScript\\PHPScript\\vendor\\laravel\\framework\\src\\Illuminate\\Foundation\\Http\\Kernel.php(176): Illuminate\\Routing\\Router->dispatch(Object(Illuminate\\Http\\Request))
#25 D:\\Learning\\4th\\Mobie\\UploadingContentV1.0\\PHPScript\\PHPScript\\vendor\\laravel\\framework\\src\\Illuminate\\Routing\\Pipeline.php(30): Illuminate\\Foundation\\Http\\Kernel->Illuminate\\Foundation\\Http\\{closure}(Object(Illuminate\\Http\\Request))
#26 D:\\Learning\\4th\\Mobie\\UploadingContentV1.0\\PHPScript\\PHPScript\\vendor\\laravel\\framework\\src\\Illuminate\\Foundation\\Http\\Middleware\\TransformsRequest.php(21): Illuminate\\Routing\\Pipeline->Illuminate\\Routing\\{closure}(Object(Illuminate\\Http\\Request))
#27 D:\\Learning\\4th\\Mobie\\UploadingContentV1.0\\PHPScript\\PHPScript\\vendor\\laravel\\framework\\src\\Illuminate\\Pipeline\\Pipeline.php(163): Illuminate\\Foundation\\Http\\Middleware\\TransformsRequest->handle(Object(Illuminate\\Http\\Request), Object(Closure))
#28 D:\\Learning\\4th\\Mobie\\UploadingContentV1.0\\PHPScript\\PHPScript\\vendor\\laravel\\framework\\src\\Illuminate\\Routing\\Pipeline.php(53): Illuminate\\Pipeline\\Pipeline->Illuminate\\Pipeline\\{closure}(Object(Illuminate\\Http\\Request))
#29 D:\\Learning\\4th\\Mobie\\UploadingContentV1.0\\PHPScript\\PHPScript\\vendor\\laravel\\framework\\src\\Illuminate\\Foundation\\Http\\Middleware\\TransformsRequest.php(21): Illuminate\\Routing\\Pipeline->Illuminate\\Routing\\{closure}(Object(Illuminate\\Http\\Request))
#30 D:\\Learning\\4th\\Mobie\\UploadingContentV1.0\\PHPScript\\PHPScript\\vendor\\laravel\\framework\\src\\Illuminate\\Pipeline\\Pipeline.php(163): Illuminate\\Foundation\\Http\\Middleware\\TransformsRequest->handle(Object(Illuminate\\Http\\Request), Object(Closure))
#31 D:\\Learning\\4th\\Mobie\\UploadingContentV1.0\\PHPScript\\PHPScript\\vendor\\laravel\\framework\\src\\Illuminate\\Routing\\Pipeline.php(53): Illuminate\\Pipeline\\Pipeline->Illuminate\\Pipeline\\{closure}(Object(Illuminate\\Http\\Request))
#32 D:\\Learning\\4th\\Mobie\\UploadingContentV1.0\\PHPScript\\PHPScript\\vendor\\laravel\\framework\\src\\Illuminate\\Foundation\\Http\\Middleware\\ValidatePostSize.php(27): Illuminate\\Routing\\Pipeline->Illuminate\\Routing\\{closure}(Object(Illuminate\\Http\\Request))
#33 D:\\Learning\\4th\\Mobie\\UploadingContentV1.0\\PHPScript\\PHPScript\\vendor\\laravel\\framework\\src\\Illuminate\\Pipeline\\Pipeline.php(163): Illuminate\\Foundation\\Http\\Middleware\\ValidatePostSize->handle(Object(Illuminate\\Http\\Request), Object(Closure))
#34 D:\\Learning\\4th\\Mobie\\UploadingContentV1.0\\PHPScript\\PHPScript\\vendor\\laravel\\framework\\src\\Illuminate\\Routing\\Pipeline.php(53): Illuminate\\Pipeline\\Pipeline->Illuminate\\Pipeline\\{closure}(Object(Illuminate\\Http\\Request))
#35 D:\\Learning\\4th\\Mobie\\UploadingContentV1.0\\PHPScript\\PHPScript\\vendor\\laravel\\framework\\src\\Illuminate\\Foundation\\Http\\Middleware\\CheckForMaintenanceMode.php(62): Illuminate\\Routing\\Pipeline->Illuminate\\Routing\\{closure}(Object(Illuminate\\Http\\Request))
#36 D:\\Learning\\4th\\Mobie\\UploadingContentV1.0\\PHPScript\\PHPScript\\vendor\\laravel\\framework\\src\\Illuminate\\Pipeline\\Pipeline.php(163): Illuminate\\Foundation\\Http\\Middleware\\CheckForMaintenanceMode->handle(Object(Illuminate\\Http\\Request), Object(Closure))
#37 D:\\Learning\\4th\\Mobie\\UploadingContentV1.0\\PHPScript\\PHPScript\\vendor\\laravel\\framework\\src\\Illuminate\\Routing\\Pipeline.php(53): Illuminate\\Pipeline\\Pipeline->Illuminate\\Pipeline\\{closure}(Object(Illuminate\\Http\\Request))
#38 D:\\Learning\\4th\\Mobie\\UploadingContentV1.0\\PHPScript\\PHPScript\\vendor\\fideloper\\proxy\\src\\TrustProxies.php(57): Illuminate\\Routing\\Pipeline->Illuminate\\Routing\\{closure}(Object(Illuminate\\Http\\Request))
#39 D:\\Learning\\4th\\Mobie\\UploadingContentV1.0\\PHPScript\\PHPScript\\vendor\\laravel\\framework\\src\\Illuminate\\Pipeline\\Pipeline.php(163): Fideloper\\Proxy\\TrustProxies->handle(Object(Illuminate\\Http\\Request), Object(Closure))
#40 D:\\Learning\\4th\\Mobie\\UploadingContentV1.0\\PHPScript\\PHPScript\\vendor\\laravel\\framework\\src\\Illuminate\\Routing\\Pipeline.php(53): Illuminate\\Pipeline\\Pipeline->Illuminate\\Pipeline\\{closure}(Object(Illuminate\\Http\\Request))
#41 D:\\Learning\\4th\\Mobie\\UploadingContentV1.0\\PHPScript\\PHPScript\\vendor\\laravel\\framework\\src\\Illuminate\\Pipeline\\Pipeline.php(104): Illuminate\\Routing\\Pipeline->Illuminate\\Routing\\{closure}(Object(Illuminate\\Http\\Request))
#42 D:\\Learning\\4th\\Mobie\\UploadingContentV1.0\\PHPScript\\PHPScript\\vendor\\laravel\\framework\\src\\Illuminate\\Foundation\\Http\\Kernel.php(151): Illuminate\\Pipeline\\Pipeline->then(Object(Closure))
#43 D:\\Learning\\4th\\Mobie\\UploadingContentV1.0\\PHPScript\\PHPScript\\vendor\\laravel\\framework\\src\\Illuminate\\Foundation\\Http\\Kernel.php(116): Illuminate\\Foundation\\Http\\Kernel->sendRequestThroughRouter(Object(Illuminate\\Http\\Request))
#44 D:\\Learning\\4th\\Mobie\\UploadingContentV1.0\\PHPScript\\PHPScript\\public\\index.php(55): Illuminate\\Foundation\\Http\\Kernel->handle(Object(Illuminate\\Http\\Request))
#45 D:\\Learning\\4th\\Mobie\\UploadingContentV1.0\\PHPScript\\PHPScript\\server.php(21): require_once('D:\\\\Learning\\\\4th...')
#46 {main}
"} 
[2020-10-25 05:25:47] local.ERROR: SQLSTATE[42S02]: Base table or view not found: 1146 Table 'uAz8TbuZjn.pages' doesn't exist (SQL: select * from `pages` order by `id` desc) {"exception":"[object] (Illuminate\\Database\\QueryException(code: 42S02): SQLSTATE[42S02]: Base table or view not found: 1146 Table 'uAz8TbuZjn.pages' doesn't exist (SQL: select * from `pages` order by `id` desc) at D:\\Learning\\4th\\Mobie\\UploadingContentV1.0\\PHPScript\\PHPScript\\vendor\\laravel\\framework\\src\\Illuminate\\Database\\Connection.php:664, PDOException(code: 42S02): SQLSTATE[42S02]: Base table or view not found: 1146 Table 'uAz8TbuZjn.pages' doesn't exist at D:\\Learning\\4th\\Mobie\\UploadingContentV1.0\\PHPScript\\PHPScript\\vendor\\laravel\\framework\\src\\Illuminate\\Database\\Connection.php:326)
[stacktrace]
#0 D:\\Learning\\4th\\Mobie\\UploadingContentV1.0\\PHPScript\\PHPScript\\vendor\\laravel\\framework\\src\\Illuminate\\Database\\Connection.php(624): Illuminate\\Database\\Connection->runQueryCallback('select * from `...', Array, Object(Closure))
#1 D:\\Learning\\4th\\Mobie\\UploadingContentV1.0\\PHPScript\\PHPScript\\vendor\\laravel\\framework\\src\\Illuminate\\Database\\Connection.php(333): Illuminate\\Database\\Connection->run('select * from `...', Array, Object(Closure))
#2 D:\\Learning\\4th\\Mobie\\UploadingContentV1.0\\PHPScript\\PHPScript\\vendor\\laravel\\framework\\src\\Illuminate\\Database\\Query\\Builder.php(2130): Illuminate\\Database\\Connection->select('select * from `...', Array, true)
#3 D:\\Learning\\4th\\Mobie\\UploadingContentV1.0\\PHPScript\\PHPScript\\vendor\\laravel\\framework\\src\\Illuminate\\Database\\Query\\Builder.php(2118): Illuminate\\Database\\Query\\Builder->runSelect()
#4 D:\\Learning\\4th\\Mobie\\UploadingContentV1.0\\PHPScript\\PHPScript\\vendor\\laravel\\framework\\src\\Illuminate\\Database\\Query\\Builder.php(2604): Illuminate\\Database\\Query\\Builder->Illuminate\\Database\\Query\\{closure}()
#5 D:\\Learning\\4th\\Mobie\\UploadingContentV1.0\\PHPScript\\PHPScript\\vendor\\laravel\\framework\\src\\Illuminate\\Database\\Query\\Builder.php(2119): Illuminate\\Database\\Query\\Builder->onceWithColumns(Array, Object(Closure))
#6 D:\\Learning\\4th\\Mobie\\UploadingContentV1.0\\PHPScript\\PHPScript\\vendor\\laravel\\framework\\src\\Illuminate\\Database\\Eloquent\\Builder.php(521): Illuminate\\Database\\Query\\Builder->get(Array)
#7 D:\\Learning\\4th\\Mobie\\UploadingContentV1.0\\PHPScript\\PHPScript\\vendor\\laravel\\framework\\src\\Illuminate\\Database\\Eloquent\\Builder.php(505): Illuminate\\Database\\Eloquent\\Builder->getModels(Array)
#8 D:\\Learning\\4th\\Mobie\\UploadingContentV1.0\\PHPScript\\PHPScript\\app\\Http\\Controllers\\SettingController.php(67): Illuminate\\Database\\Eloquent\\Builder->get()
#9 [internal function]: App\\Http\\Controllers\\SettingController->pagedatatable()
#10 D:\\Learning\\4th\\Mobie\\UploadingContentV1.0\\PHPScript\\PHPScript\\vendor\\laravel\\framework\\src\\Illuminate\\Routing\\Controller.php(54): call_user_func_array(Array, Array)
#11 D:\\Learning\\4th\\Mobie\\UploadingContentV1.0\\PHPScript\\PHPScript\\vendor\\laravel\\framework\\src\\Illuminate\\Routing\\ControllerDispatcher.php(45): Illuminate\\Routing\\Controller->callAction('pagedatatable', Array)
#12 D:\\Learning\\4th\\Mobie\\UploadingContentV1.0\\PHPScript\\PHPScript\\vendor\\laravel\\framework\\src\\Illuminate\\Routing\\Route.php(219): Illuminate\\Routing\\ControllerDispatcher->dispatch(Object(Illuminate\\Routing\\Route), Object(App\\Http\\Controllers\\SettingController), 'pagedatatable')
#13 D:\\Learning\\4th\\Mobie\\UploadingContentV1.0\\PHPScript\\PHPScript\\vendor\\laravel\\framework\\src\\Illuminate\\Routing\\Route.php(176): Illuminate\\Routing\\Route->runController()
#14 D:\\Learning\\4th\\Mobie\\UploadingContentV1.0\\PHPScript\\PHPScript\\vendor\\laravel\\framework\\src\\Illuminate\\Routing\\Router.php(680): Illuminate\\Routing\\Route->run()
#15 D:\\Learning\\4th\\Mobie\\UploadingContentV1.0\\PHPScript\\PHPScript\\vendor\\laravel\\framework\\src\\Illuminate\\Routing\\Pipeline.php(30): Illuminate\\Routing\\Router->Illuminate\\Routing\\{closure}(Object(Illuminate\\Http\\Request))
#16 D:\\Learning\\4th\\Mobie\\UploadingContentV1.0\\PHPScript\\PHPScript\\app\\Http\\Middleware\\admincheckexiste.php(22): Illuminate\\Routing\\Pipeline->Illuminate\\Routing\\{closure}(Object(Illuminate\\Http\\Request))
#17 D:\\Learning\\4th\\Mobie\\UploadingContentV1.0\\PHPScript\\PHPScript\\vendor\\laravel\\framework\\src\\Illuminate\\Pipeline\\Pipeline.php(163): App\\Http\\Middleware\\admincheckexiste->handle(Object(Illuminate\\Http\\Request), Object(Closure))
#18 D:\\Learning\\4th\\Mobie\\UploadingContentV1.0\\PHPScript\\PHPScript\\vendor\\laravel\\framework\\src\\Illuminate\\Routing\\Pipeline.php(53): Illuminate\\Pipeline\\Pipeline->Illuminate\\Pipeline\\{closure}(Object(Illuminate\\Http\\Request))
#19 D:\\Learning\\4th\\Mobie\\UploadingContentV1.0\\PHPScript\\PHPScript\\vendor\\laravel\\framework\\src\\Illuminate\\Foundation\\Http\\Middleware\\TransformsRequest.php(21): Illuminate\\Routing\\Pipeline->Illuminate\\Routing\\{closure}(Object(Illuminate\\Http\\Request))
#20 D:\\Learning\\4th\\Mobie\\UploadingContentV1.0\\PHPScript\\PHPScript\\vendor\\laravel\\framework\\src\\Illuminate\\Pipeline\\Pipeline.php(163): Illuminate\\Foundation\\Http\\Middleware\\TransformsRequest->handle(Object(Illuminate\\Http\\Request), Object(Closure))
#21 D:\\Learning\\4th\\Mobie\\UploadingContentV1.0\\PHPScript\\PHPScript\\vendor\\laravel\\framework\\src\\Illuminate\\Routing\\Pipeline.php(53): Illuminate\\Pipeline\\Pipeline->Illuminate\\Pipeline\\{closure}(Object(Illuminate\\Http\\Request))
#22 D:\\Learning\\4th\\Mobie\\UploadingContentV1.0\\PHPScript\\PHPScript\\vendor\\laravel\\framework\\src\\Illuminate\\Routing\\Middleware\\SubstituteBindings.php(41): Illuminate\\Routing\\Pipeline->Illuminate\\Routing\\{closure}(Object(Illuminate\\Http\\Request))
#23 D:\\Learning\\4th\\Mobie\\UploadingContentV1.0\\PHPScript\\PHPScript\\vendor\\laravel\\framework\\src\\Illuminate\\Pipeline\\Pipeline.php(163): Illuminate\\Routing\\Middleware\\SubstituteBindings->handle(Object(Illuminate\\Http\\Request), Object(Closure))
#24 D:\\Learning\\4th\\Mobie\\UploadingContentV1.0\\PHPScript\\PHPScript\\vendor\\laravel\\framework\\src\\Illuminate\\Routing\\Pipeline.php(53): Illuminate\\Pipeline\\Pipeline->Illuminate\\Pipeline\\{closure}(Object(Illuminate\\Http\\Request))
#25 D:\\Learning\\4th\\Mobie\\UploadingContentV1.0\\PHPScript\\PHPScript\\vendor\\laravel\\framework\\src\\Illuminate\\Foundation\\Http\\Middleware\\VerifyCsrfToken.php(75): Illuminate\\Routing\\Pipeline->Illuminate\\Routing\\{closure}(Object(Illuminate\\Http\\Request))
#26 D:\\Learning\\4th\\Mobie\\UploadingContentV1.0\\PHPScript\\PHPScript\\vendor\\laravel\\framework\\src\\Illuminate\\Pipeline\\Pipeline.php(163): Illuminate\\Foundation\\Http\\Middleware\\VerifyCsrfToken->handle(Object(Illuminate\\Http\\Request), Object(Closure))
#27 D:\\Learning\\4th\\Mobie\\UploadingContentV1.0\\PHPScript\\PHPScript\\vendor\\laravel\\framework\\src\\Illuminate\\Routing\\Pipeline.php(53): Illuminate\\Pipeline\\Pipeline->Illuminate\\Pipeline\\{closure}(Object(Illuminate\\Http\\Request))
#28 D:\\Learning\\4th\\Mobie\\UploadingContentV1.0\\PHPScript\\PHPScript\\vendor\\laravel\\framework\\src\\Illuminate\\View\\Middleware\\ShareErrorsFromSession.php(49): Illuminate\\Routing\\Pipeline->Illuminate\\Routing\\{closure}(Object(Illuminate\\Http\\Request))
#29 D:\\Learning\\4th\\Mobie\\UploadingContentV1.0\\PHPScript\\PHPScript\\vendor\\laravel\\framework\\src\\Illuminate\\Pipeline\\Pipeline.php(163): Illuminate\\View\\Middleware\\ShareErrorsFromSession->handle(Object(Illuminate\\Http\\Request), Object(Closure))
#30 D:\\Learning\\4th\\Mobie\\UploadingContentV1.0\\PHPScript\\PHPScript\\vendor\\laravel\\framework\\src\\Illuminate\\Routing\\Pipeline.php(53): Illuminate\\Pipeline\\Pipeline->Illuminate\\Pipeline\\{closure}(Object(Illuminate\\Http\\Request))
#31 D:\\Learning\\4th\\Mobie\\UploadingContentV1.0\\PHPScript\\PHPScript\\vendor\\laravel\\framework\\src\\Illuminate\\Session\\Middleware\\StartSession.php(56): Illuminate\\Routing\\Pipeline->Illuminate\\Routing\\{closure}(Object(Illuminate\\Http\\Request))
#32 D:\\Learning\\4th\\Mobie\\UploadingContentV1.0\\PHPScript\\PHPScript\\vendor\\laravel\\framework\\src\\Illuminate\\Pipeline\\Pipeline.php(163): Illuminate\\Session\\Middleware\\StartSession->handle(Object(Illuminate\\Http\\Request), Object(Closure))
#33 D:\\Learning\\4th\\Mobie\\UploadingContentV1.0\\PHPScript\\PHPScript\\vendor\\laravel\\framework\\src\\Illuminate\\Routing\\Pipeline.php(53): Illuminate\\Pipeline\\Pipeline->Illuminate\\Pipeline\\{closure}(Object(Illuminate\\Http\\Request))
#34 D:\\Learning\\4th\\Mobie\\UploadingContentV1.0\\PHPScript\\PHPScript\\vendor\\laravel\\framework\\src\\Illuminate\\Cookie\\Middleware\\AddQueuedCookiesToResponse.php(37): Illuminate\\Routing\\Pipeline->Illuminate\\Routing\\{closure}(Object(Illuminate\\Http\\Request))
#35 D:\\Learning\\4th\\Mobie\\UploadingContentV1.0\\PHPScript\\PHPScript\\vendor\\laravel\\framework\\src\\Illuminate\\Pipeline\\Pipeline.php(163): Illuminate\\Cookie\\Middleware\\AddQueuedCookiesToResponse->handle(Object(Illuminate\\Http\\Request), Object(Closure))
#36 D:\\Learning\\4th\\Mobie\\UploadingContentV1.0\\PHPScript\\PHPScript\\vendor\\laravel\\framework\\src\\Illuminate\\Routing\\Pipeline.php(53): Illuminate\\Pipeline\\Pipeline->Illuminate\\Pipeline\\{closure}(Object(Illuminate\\Http\\Request))
#37 D:\\Learning\\4th\\Mobie\\UploadingContentV1.0\\PHPScript\\PHPScript\\vendor\\laravel\\framework\\src\\Illuminate\\Cookie\\Middleware\\EncryptCookies.php(66): Illuminate\\Routing\\Pipeline->Illuminate\\Routing\\{closure}(Object(Illuminate\\Http\\Request))
#38 D:\\Learning\\4th\\Mobie\\UploadingContentV1.0\\PHPScript\\PHPScript\\vendor\\laravel\\framework\\src\\Illuminate\\Pipeline\\Pipeline.php(163): Illuminate\\Cookie\\Middleware\\EncryptCookies->handle(Object(Illuminate\\Http\\Request), Object(Closure))
#39 D:\\Learning\\4th\\Mobie\\UploadingContentV1.0\\PHPScript\\PHPScript\\vendor\\laravel\\framework\\src\\Illuminate\\Routing\\Pipeline.php(53): Illuminate\\Pipeline\\Pipeline->Illuminate\\Pipeline\\{closure}(Object(Illuminate\\Http\\Request))
#40 D:\\Learning\\4th\\Mobie\\UploadingContentV1.0\\PHPScript\\PHPScript\\vendor\\laravel\\framework\\src\\Illuminate\\Pipeline\\Pipeline.php(104): Illuminate\\Routing\\Pipeline->Illuminate\\Routing\\{closure}(Object(Illuminate\\Http\\Request))
#41 D:\\Learning\\4th\\Mobie\\UploadingContentV1.0\\PHPScript\\PHPScript\\vendor\\laravel\\framework\\src\\Illuminate\\Routing\\Router.php(682): Illuminate\\Pipeline\\Pipeline->then(Object(Closure))
#42 D:\\Learning\\4th\\Mobie\\UploadingContentV1.0\\PHPScript\\PHPScript\\vendor\\laravel\\framework\\src\\Illuminate\\Routing\\Router.php(657): Illuminate\\Routing\\Router->runRouteWithinStack(Object(Illuminate\\Routing\\Route), Object(Illuminate\\Http\\Request))
#43 D:\\Learning\\4th\\Mobie\\UploadingContentV1.0\\PHPScript\\PHPScript\\vendor\\laravel\\framework\\src\\Illuminate\\Routing\\Router.php(623): Illuminate\\Routing\\Router->runRoute(Object(Illuminate\\Http\\Request), Object(Illuminate\\Routing\\Route))
#44 D:\\Learning\\4th\\Mobie\\UploadingContentV1.0\\PHPScript\\PHPScript\\vendor\\laravel\\framework\\src\\Illuminate\\Routing\\Router.php(612): Illuminate\\Routing\\Router->dispatchToRoute(Object(Illuminate\\Http\\Request))
#45 D:\\Learning\\4th\\Mobie\\UploadingContentV1.0\\PHPScript\\PHPScript\\vendor\\laravel\\framework\\src\\Illuminate\\Foundation\\Http\\Kernel.php(176): Illuminate\\Routing\\Router->dispatch(Object(Illuminate\\Http\\Request))
#46 D:\\Learning\\4th\\Mobie\\UploadingContentV1.0\\PHPScript\\PHPScript\\vendor\\laravel\\framework\\src\\Illuminate\\Routing\\Pipeline.php(30): Illuminate\\Foundation\\Http\\Kernel->Illuminate\\Foundation\\Http\\{closure}(Object(Illuminate\\Http\\Request))
#47 D:\\Learning\\4th\\Mobie\\UploadingContentV1.0\\PHPScript\\PHPScript\\vendor\\laravel\\framework\\src\\Illuminate\\Foundation\\Http\\Middleware\\TransformsRequest.php(21): Illuminate\\Routing\\Pipeline->Illuminate\\Routing\\{closure}(Object(Illuminate\\Http\\Request))
#48 D:\\Learning\\4th\\Mobie\\UploadingContentV1.0\\PHPScript\\PHPScript\\vendor\\laravel\\framework\\src\\Illuminate\\Pipeline\\Pipeline.php(163): Illuminate\\Foundation\\Http\\Middleware\\TransformsRequest->handle(Object(Illuminate\\Http\\Request), Object(Closure))
#49 D:\\Learning\\4th\\Mobie\\UploadingContentV1.0\\PHPScript\\PHPScript\\vendor\\laravel\\framework\\src\\Illuminate\\Routing\\Pipeline.php(53): Illuminate\\Pipeline\\Pipeline->Illuminate\\Pipeline\\{closure}(Object(Illuminate\\Http\\Request))
#50 D:\\Learning\\4th\\Mobie\\UploadingContentV1.0\\PHPScript\\PHPScript\\vendor\\laravel\\framework\\src\\Illuminate\\Foundation\\Http\\Middleware\\TransformsRequest.php(21): Illuminate\\Routing\\Pipeline->Illuminate\\Routing\\{closure}(Object(Illuminate\\Http\\Request))
#51 D:\\Learning\\4th\\Mobie\\UploadingContentV1.0\\PHPScript\\PHPScript\\vendor\\laravel\\framework\\src\\Illuminate\\Pipeline\\Pipeline.php(163): Illuminate\\Foundation\\Http\\Middleware\\TransformsRequest->handle(Object(Illuminate\\Http\\Request), Object(Closure))
#52 D:\\Learning\\4th\\Mobie\\UploadingContentV1.0\\PHPScript\\PHPScript\\vendor\\laravel\\framework\\src\\Illuminate\\Routing\\Pipeline.php(53): Illuminate\\Pipeline\\Pipeline->Illuminate\\Pipeline\\{closure}(Object(Illuminate\\Http\\Request))
#53 D:\\Learning\\4th\\Mobie\\UploadingContentV1.0\\PHPScript\\PHPScript\\vendor\\laravel\\framework\\src\\Illuminate\\Foundation\\Http\\Middleware\\ValidatePostSize.php(27): Illuminate\\Routing\\Pipeline->Illuminate\\Routing\\{closure}(Object(Illuminate\\Http\\Request))
#54 D:\\Learning\\4th\\Mobie\\UploadingContentV1.0\\PHPScript\\PHPScript\\vendor\\laravel\\framework\\src\\Illuminate\\Pipeline\\Pipeline.php(163): Illuminate\\Foundation\\Http\\Middleware\\ValidatePostSize->handle(Object(Illuminate\\Http\\Request), Object(Closure))
#55 D:\\Learning\\4th\\Mobie\\UploadingContentV1.0\\PHPScript\\PHPScript\\vendor\\laravel\\framework\\src\\Illuminate\\Routing\\Pipeline.php(53): Illuminate\\Pipeline\\Pipeline->Illuminate\\Pipeline\\{closure}(Object(Illuminate\\Http\\Request))
#56 D:\\Learning\\4th\\Mobie\\UploadingContentV1.0\\PHPScript\\PHPScript\\vendor\\laravel\\framework\\src\\Illuminate\\Foundation\\Http\\Middleware\\CheckForMaintenanceMode.php(62): Illuminate\\Routing\\Pipeline->Illuminate\\Routing\\{closure}(Object(Illuminate\\Http\\Request))
#57 D:\\Learning\\4th\\Mobie\\UploadingContentV1.0\\PHPScript\\PHPScript\\vendor\\laravel\\framework\\src\\Illuminate\\Pipeline\\Pipeline.php(163): Illuminate\\Foundation\\Http\\Middleware\\CheckForMaintenanceMode->handle(Object(Illuminate\\Http\\Request), Object(Closure))
#58 D:\\Learning\\4th\\Mobie\\UploadingContentV1.0\\PHPScript\\PHPScript\\vendor\\laravel\\framework\\src\\Illuminate\\Routing\\Pipeline.php(53): Illuminate\\Pipeline\\Pipeline->Illuminate\\Pipeline\\{closure}(Object(Illuminate\\Http\\Request))
#59 D:\\Learning\\4th\\Mobie\\UploadingContentV1.0\\PHPScript\\PHPScript\\vendor\\fideloper\\proxy\\src\\TrustProxies.php(57): Illuminate\\Routing\\Pipeline->Illuminate\\Routing\\{closure}(Object(Illuminate\\Http\\Request))
#60 D:\\Learning\\4th\\Mobie\\UploadingContentV1.0\\PHPScript\\PHPScript\\vendor\\laravel\\framework\\src\\Illuminate\\Pipeline\\Pipeline.php(163): Fideloper\\Proxy\\TrustProxies->handle(Object(Illuminate\\Http\\Request), Object(Closure))
#61 D:\\Learning\\4th\\Mobie\\UploadingContentV1.0\\PHPScript\\PHPScript\\vendor\\laravel\\framework\\src\\Illuminate\\Routing\\Pipeline.php(53): Illuminate\\Pipeline\\Pipeline->Illuminate\\Pipeline\\{closure}(Object(Illuminate\\Http\\Request))
#62 D:\\Learning\\4th\\Mobie\\UploadingContentV1.0\\PHPScript\\PHPScript\\vendor\\laravel\\framework\\src\\Illuminate\\Pipeline\\Pipeline.php(104): Illuminate\\Routing\\Pipeline->Illuminate\\Routing\\{closure}(Object(Illuminate\\Http\\Request))
#63 D:\\Learning\\4th\\Mobie\\UploadingContentV1.0\\PHPScript\\PHPScript\\vendor\\laravel\\framework\\src\\Illuminate\\Foundation\\Http\\Kernel.php(151): Illuminate\\Pipeline\\Pipeline->then(Object(Closure))
#64 D:\\Learning\\4th\\Mobie\\UploadingContentV1.0\\PHPScript\\PHPScript\\vendor\\laravel\\framework\\src\\Illuminate\\Foundation\\Http\\Kernel.php(116): Illuminate\\Foundation\\Http\\Kernel->sendRequestThroughRouter(Object(Illuminate\\Http\\Request))
#65 D:\\Learning\\4th\\Mobie\\UploadingContentV1.0\\PHPScript\\PHPScript\\public\\index.php(55): Illuminate\\Foundation\\Http\\Kernel->handle(Object(Illuminate\\Http\\Request))
#66 D:\\Learning\\4th\\Mobie\\UploadingContentV1.0\\PHPScript\\PHPScript\\server.php(21): require_once('D:\\\\Learning\\\\4th...')
#67 {main}
"} 
[2020-10-25 08:12:06] local.ERROR: SQLSTATE[HY000] [2002] No connection could be made because the target machine actively refused it.
 (SQL: select * from `users` where `email` = admin@gmail.com and `user_type` = 2) {"exception":"[object] (Illuminate\\Database\\QueryException(code: 2002): SQLSTATE[HY000] [2002] No connection could be made because the target machine actively refused it.
 (SQL: select * from `users` where `email` = admin@gmail.com and `user_type` = 2) at D:\\Learning\\4th\\Mobie\\UploadingContentV1.0\\PHPScript\\PHPScript\\vendor\\laravel\\framework\\src\\Illuminate\\Database\\Connection.php:664, PDOException(code: 2002): SQLSTATE[HY000] [2002] No connection could be made because the target machine actively refused it.
 at D:\\Learning\\4th\\Mobie\\UploadingContentV1.0\\PHPScript\\PHPScript\\vendor\\laravel\\framework\\src\\Illuminate\\Database\\Connectors\\Connector.php:70)
[stacktrace]
#0 D:\\Learning\\4th\\Mobie\\UploadingContentV1.0\\PHPScript\\PHPScript\\vendor\\laravel\\framework\\src\\Illuminate\\Database\\Connection.php(624): Illuminate\\Database\\Connection->runQueryCallback('select * from `...', Array, Object(Closure))
#1 D:\\Learning\\4th\\Mobie\\UploadingContentV1.0\\PHPScript\\PHPScript\\vendor\\laravel\\framework\\src\\Illuminate\\Database\\Connection.php(333): Illuminate\\Database\\Connection->run('select * from `...', Array, Object(Closure))
#2 D:\\Learning\\4th\\Mobie\\UploadingContentV1.0\\PHPScript\\PHPScript\\vendor\\laravel\\framework\\src\\Illuminate\\Database\\Query\\Builder.php(2130): Illuminate\\Database\\Connection->select('select * from `...', Array, true)
#3 D:\\Learning\\4th\\Mobie\\UploadingContentV1.0\\PHPScript\\PHPScript\\vendor\\laravel\\framework\\src\\Illuminate\\Database\\Query\\Builder.php(2118): Illuminate\\Database\\Query\\Builder->runSelect()
#4 D:\\Learning\\4th\\Mobie\\UploadingContentV1.0\\PHPScript\\PHPScript\\vendor\\laravel\\framework\\src\\Illuminate\\Database\\Query\\Builder.php(2604): Illuminate\\Database\\Query\\Builder->Illuminate\\Database\\Query\\{closure}()
#5 D:\\Learning\\4th\\Mobie\\UploadingContentV1.0\\PHPScript\\PHPScript\\vendor\\laravel\\framework\\src\\Illuminate\\Database\\Query\\Builder.php(2119): Illuminate\\Database\\Query\\Builder->onceWithColumns(Array, Object(Closure))
#6 D:\\Learning\\4th\\Mobie\\UploadingContentV1.0\\PHPScript\\PHPScript\\vendor\\laravel\\framework\\src\\Illuminate\\Database\\Eloquent\\Builder.php(521): Illuminate\\Database\\Query\\Builder->get(Array)
#7 D:\\Learning\\4th\\Mobie\\UploadingContentV1.0\\PHPScript\\PHPScript\\vendor\\laravel\\framework\\src\\Illuminate\\Database\\Eloquent\\Builder.php(505): Illuminate\\Database\\Eloquent\\Builder->getModels(Array)
#8 D:\\Learning\\4th\\Mobie\\UploadingContentV1.0\\PHPScript\\PHPScript\\app\\Http\\Controllers\\Admincontroller.php(26): Illuminate\\Database\\Eloquent\\Builder->get()
#9 [internal function]: App\\Http\\Controllers\\Admincontroller->postlogin(Object(Illuminate\\Http\\Request))
#10 D:\\Learning\\4th\\Mobie\\UploadingContentV1.0\\PHPScript\\PHPScript\\vendor\\laravel\\framework\\src\\Illuminate\\Routing\\Controller.php(54): call_user_func_array(Array, Array)
#11 D:\\Learning\\4th\\Mobie\\UploadingContentV1.0\\PHPScript\\PHPScript\\vendor\\laravel\\framework\\src\\Illuminate\\Routing\\ControllerDispatcher.php(45): Illuminate\\Routing\\Controller->callAction('postlogin', Array)
#12 D:\\Learning\\4th\\Mobie\\UploadingContentV1.0\\PHPScript\\PHPScript\\vendor\\laravel\\framework\\src\\Illuminate\\Routing\\Route.php(219): Illuminate\\Routing\\ControllerDispatcher->dispatch(Object(Illuminate\\Routing\\Route), Object(App\\Http\\Controllers\\Admincontroller), 'postlogin')
#13 D:\\Learning\\4th\\Mobie\\UploadingContentV1.0\\PHPScript\\PHPScript\\vendor\\laravel\\framework\\src\\Illuminate\\Routing\\Route.php(176): Illuminate\\Routing\\Route->runController()
#14 D:\\Learning\\4th\\Mobie\\UploadingContentV1.0\\PHPScript\\PHPScript\\vendor\\laravel\\framework\\src\\Illuminate\\Routing\\Router.php(680): Illuminate\\Routing\\Route->run()
#15 D:\\Learning\\4th\\Mobie\\UploadingContentV1.0\\PHPScript\\PHPScript\\vendor\\laravel\\framework\\src\\Illuminate\\Routing\\Pipeline.php(30): Illuminate\\Routing\\Router->Illuminate\\Routing\\{closure}(Object(Illuminate\\Http\\Request))
#16 D:\\Learning\\4th\\Mobie\\UploadingContentV1.0\\PHPScript\\PHPScript\\vendor\\laravel\\framework\\src\\Illuminate\\Foundation\\Http\\Middleware\\TransformsRequest.php(21): Illuminate\\Routing\\Pipeline->Illuminate\\Routing\\{closure}(Object(Illuminate\\Http\\Request))
#17 D:\\Learning\\4th\\Mobie\\UploadingContentV1.0\\PHPScript\\PHPScript\\vendor\\laravel\\framework\\src\\Illuminate\\Pipeline\\Pipeline.php(163): Illuminate\\Foundation\\Http\\Middleware\\TransformsRequest->handle(Object(Illuminate\\Http\\Request), Object(Closure))
#18 D:\\Learning\\4th\\Mobie\\UploadingContentV1.0\\PHPScript\\PHPScript\\vendor\\laravel\\framework\\src\\Illuminate\\Routing\\Pipeline.php(53): Illuminate\\Pipeline\\Pipeline->Illuminate\\Pipeline\\{closure}(Object(Illuminate\\Http\\Request))
#19 D:\\Learning\\4th\\Mobie\\UploadingContentV1.0\\PHPScript\\PHPScript\\vendor\\laravel\\framework\\src\\Illuminate\\Routing\\Middleware\\SubstituteBindings.php(41): Illuminate\\Routing\\Pipeline->Illuminate\\Routing\\{closure}(Object(Illuminate\\Http\\Request))
#20 D:\\Learning\\4th\\Mobie\\UploadingContentV1.0\\PHPScript\\PHPScript\\vendor\\laravel\\framework\\src\\Illuminate\\Pipeline\\Pipeline.php(163): Illuminate\\Routing\\Middleware\\SubstituteBindings->handle(Object(Illuminate\\Http\\Request), Object(Closure))
#21 D:\\Learning\\4th\\Mobie\\UploadingContentV1.0\\PHPScript\\PHPScript\\vendor\\laravel\\framework\\src\\Illuminate\\Routing\\Pipeline.php(53): Illuminate\\Pipeline\\Pipeline->Illuminate\\Pipeline\\{closure}(Object(Illuminate\\Http\\Request))
#22 D:\\Learning\\4th\\Mobie\\UploadingContentV1.0\\PHPScript\\PHPScript\\vendor\\laravel\\framework\\src\\Illuminate\\Foundation\\Http\\Middleware\\VerifyCsrfToken.php(75): Illuminate\\Routing\\Pipeline->Illuminate\\Routing\\{closure}(Object(Illuminate\\Http\\Request))
#23 D:\\Learning\\4th\\Mobie\\UploadingContentV1.0\\PHPScript\\PHPScript\\vendor\\laravel\\framework\\src\\Illuminate\\Pipeline\\Pipeline.php(163): Illuminate\\Foundation\\Http\\Middleware\\VerifyCsrfToken->handle(Object(Illuminate\\Http\\Request), Object(Closure))
#24 D:\\Learning\\4th\\Mobie\\UploadingContentV1.0\\PHPScript\\PHPScript\\vendor\\laravel\\framework\\src\\Illuminate\\Routing\\Pipeline.php(53): Illuminate\\Pipeline\\Pipeline->Illuminate\\Pipeline\\{closure}(Object(Illuminate\\Http\\Request))
#25 D:\\Learning\\4th\\Mobie\\UploadingContentV1.0\\PHPScript\\PHPScript\\vendor\\laravel\\framework\\src\\Illuminate\\View\\Middleware\\ShareErrorsFromSession.php(49): Illuminate\\Routing\\Pipeline->Illuminate\\Routing\\{closure}(Object(Illuminate\\Http\\Request))
#26 D:\\Learning\\4th\\Mobie\\UploadingContentV1.0\\PHPScript\\PHPScript\\vendor\\laravel\\framework\\src\\Illuminate\\Pipeline\\Pipeline.php(163): Illuminate\\View\\Middleware\\ShareErrorsFromSession->handle(Object(Illuminate\\Http\\Request), Object(Closure))
#27 D:\\Learning\\4th\\Mobie\\UploadingContentV1.0\\PHPScript\\PHPScript\\vendor\\laravel\\framework\\src\\Illuminate\\Routing\\Pipeline.php(53): Illuminate\\Pipeline\\Pipeline->Illuminate\\Pipeline\\{closure}(Object(Illuminate\\Http\\Request))
#28 D:\\Learning\\4th\\Mobie\\UploadingContentV1.0\\PHPScript\\PHPScript\\vendor\\laravel\\framework\\src\\Illuminate\\Session\\Middleware\\StartSession.php(56): Illuminate\\Routing\\Pipeline->Illuminate\\Routing\\{closure}(Object(Illuminate\\Http\\Request))
#29 D:\\Learning\\4th\\Mobie\\UploadingContentV1.0\\PHPScript\\PHPScript\\vendor\\laravel\\framework\\src\\Illuminate\\Pipeline\\Pipeline.php(163): Illuminate\\Session\\Middleware\\StartSession->handle(Object(Illuminate\\Http\\Request), Object(Closure))
#30 D:\\Learning\\4th\\Mobie\\UploadingContentV1.0\\PHPScript\\PHPScript\\vendor\\laravel\\framework\\src\\Illuminate\\Routing\\Pipeline.php(53): Illuminate\\Pipeline\\Pipeline->Illuminate\\Pipeline\\{closure}(Object(Illuminate\\Http\\Request))
#31 D:\\Learning\\4th\\Mobie\\UploadingContentV1.0\\PHPScript\\PHPScript\\vendor\\laravel\\framework\\src\\Illuminate\\Cookie\\Middleware\\AddQueuedCookiesToResponse.php(37): Illuminate\\Routing\\Pipeline->Illuminate\\Routing\\{closure}(Object(Illuminate\\Http\\Request))
#32 D:\\Learning\\4th\\Mobie\\UploadingContentV1.0\\PHPScript\\PHPScript\\vendor\\laravel\\framework\\src\\Illuminate\\Pipeline\\Pipeline.php(163): Illuminate\\Cookie\\Middleware\\AddQueuedCookiesToResponse->handle(Object(Illuminate\\Http\\Request), Object(Closure))
#33 D:\\Learning\\4th\\Mobie\\UploadingContentV1.0\\PHPScript\\PHPScript\\vendor\\laravel\\framework\\src\\Illuminate\\Routing\\Pipeline.php(53): Illuminate\\Pipeline\\Pipeline->Illuminate\\Pipeline\\{closure}(Object(Illuminate\\Http\\Request))
#34 D:\\Learning\\4th\\Mobie\\UploadingContentV1.0\\PHPScript\\PHPScript\\vendor\\laravel\\framework\\src\\Illuminate\\Cookie\\Middleware\\EncryptCookies.php(66): Illuminate\\Routing\\Pipeline->Illuminate\\Routing\\{closure}(Object(Illuminate\\Http\\Request))
#35 D:\\Learning\\4th\\Mobie\\UploadingContentV1.0\\PHPScript\\PHPScript\\vendor\\laravel\\framework\\src\\Illuminate\\Pipeline\\Pipeline.php(163): Illuminate\\Cookie\\Middleware\\EncryptCookies->handle(Object(Illuminate\\Http\\Request), Object(Closure))
#36 D:\\Learning\\4th\\Mobie\\UploadingContentV1.0\\PHPScript\\PHPScript\\vendor\\laravel\\framework\\src\\Illuminate\\Routing\\Pipeline.php(53): Illuminate\\Pipeline\\Pipeline->Illuminate\\Pipeline\\{closure}(Object(Illuminate\\Http\\Request))
#37 D:\\Learning\\4th\\Mobie\\UploadingContentV1.0\\PHPScript\\PHPScript\\vendor\\laravel\\framework\\src\\Illuminate\\Pipeline\\Pipeline.php(104): Illuminate\\Routing\\Pipeline->Illuminate\\Routing\\{closure}(Object(Illuminate\\Http\\Request))
#38 D:\\Learning\\4th\\Mobie\\UploadingContentV1.0\\PHPScript\\PHPScript\\vendor\\laravel\\framework\\src\\Illuminate\\Routing\\Router.php(682): Illuminate\\Pipeline\\Pipeline->then(Object(Closure))
#39 D:\\Learning\\4th\\Mobie\\UploadingContentV1.0\\PHPScript\\PHPScript\\vendor\\laravel\\framework\\src\\Illuminate\\Routing\\Router.php(657): Illuminate\\Routing\\Router->runRouteWithinStack(Object(Illuminate\\Routing\\Route), Object(Illuminate\\Http\\Request))
#40 D:\\Learning\\4th\\Mobie\\UploadingContentV1.0\\PHPScript\\PHPScript\\vendor\\laravel\\framework\\src\\Illuminate\\Routing\\Router.php(623): Illuminate\\Routing\\Router->runRoute(Object(Illuminate\\Http\\Request), Object(Illuminate\\Routing\\Route))
#41 D:\\Learning\\4th\\Mobie\\UploadingContentV1.0\\PHPScript\\PHPScript\\vendor\\laravel\\framework\\src\\Illuminate\\Routing\\Router.php(612): Illuminate\\Routing\\Router->dispatchToRoute(Object(Illuminate\\Http\\Request))
#42 D:\\Learning\\4th\\Mobie\\UploadingContentV1.0\\PHPScript\\PHPScript\\vendor\\laravel\\framework\\src\\Illuminate\\Foundation\\Http\\Kernel.php(176): Illuminate\\Routing\\Router->dispatch(Object(Illuminate\\Http\\Request))
#43 D:\\Learning\\4th\\Mobie\\UploadingContentV1.0\\PHPScript\\PHPScript\\vendor\\laravel\\framework\\src\\Illuminate\\Routing\\Pipeline.php(30): Illuminate\\Foundation\\Http\\Kernel->Illuminate\\Foundation\\Http\\{closure}(Object(Illuminate\\Http\\Request))
#44 D:\\Learning\\4th\\Mobie\\UploadingContentV1.0\\PHPScript\\PHPScript\\vendor\\laravel\\framework\\src\\Illuminate\\Foundation\\Http\\Middleware\\TransformsRequest.php(21): Illuminate\\Routing\\Pipeline->Illuminate\\Routing\\{closure}(Object(Illuminate\\Http\\Request))
#45 D:\\Learning\\4th\\Mobie\\UploadingContentV1.0\\PHPScript\\PHPScript\\vendor\\laravel\\framework\\src\\Illuminate\\Pipeline\\Pipeline.php(163): Illuminate\\Foundation\\Http\\Middleware\\TransformsRequest->handle(Object(Illuminate\\Http\\Request), Object(Closure))
#46 D:\\Learning\\4th\\Mobie\\UploadingContentV1.0\\PHPScript\\PHPScript\\vendor\\laravel\\framework\\src\\Illuminate\\Routing\\Pipeline.php(53): Illuminate\\Pipeline\\Pipeline->Illuminate\\Pipeline\\{closure}(Object(Illuminate\\Http\\Request))
#47 D:\\Learning\\4th\\Mobie\\UploadingContentV1.0\\PHPScript\\PHPScript\\vendor\\laravel\\framework\\src\\Illuminate\\Foundation\\Http\\Middleware\\TransformsRequest.php(21): Illuminate\\Routing\\Pipeline->Illuminate\\Routing\\{closure}(Object(Illuminate\\Http\\Request))
#48 D:\\Learning\\4th\\Mobie\\UploadingContentV1.0\\PHPScript\\PHPScript\\vendor\\laravel\\framework\\src\\Illuminate\\Pipeline\\Pipeline.php(163): Illuminate\\Foundation\\Http\\Middleware\\TransformsRequest->handle(Object(Illuminate\\Http\\Request), Object(Closure))
#49 D:\\Learning\\4th\\Mobie\\UploadingContentV1.0\\PHPScript\\PHPScript\\vendor\\laravel\\framework\\src\\Illuminate\\Routing\\Pipeline.php(53): Illuminate\\Pipeline\\Pipeline->Illuminate\\Pipeline\\{closure}(Object(Illuminate\\Http\\Request))
#50 D:\\Learning\\4th\\Mobie\\UploadingContentV1.0\\PHPScript\\PHPScript\\vendor\\laravel\\framework\\src\\Illuminate\\Foundation\\Http\\Middleware\\ValidatePostSize.php(27): Illuminate\\Routing\\Pipeline->Illuminate\\Routing\\{closure}(Object(Illuminate\\Http\\Request))
#51 D:\\Learning\\4th\\Mobie\\UploadingContentV1.0\\PHPScript\\PHPScript\\vendor\\laravel\\framework\\src\\Illuminate\\Pipeline\\Pipeline.php(163): Illuminate\\Foundation\\Http\\Middleware\\ValidatePostSize->handle(Object(Illuminate\\Http\\Request), Object(Closure))
#52 D:\\Learning\\4th\\Mobie\\UploadingContentV1.0\\PHPScript\\PHPScript\\vendor\\laravel\\framework\\src\\Illuminate\\Routing\\Pipeline.php(53): Illuminate\\Pipeline\\Pipeline->Illuminate\\Pipeline\\{closure}(Object(Illuminate\\Http\\Request))
#53 D:\\Learning\\4th\\Mobie\\UploadingContentV1.0\\PHPScript\\PHPScript\\vendor\\laravel\\framework\\src\\Illuminate\\Foundation\\Http\\Middleware\\CheckForMaintenanceMode.php(62): Illuminate\\Routing\\Pipeline->Illuminate\\Routing\\{closure}(Object(Illuminate\\Http\\Request))
#54 D:\\Learning\\4th\\Mobie\\UploadingContentV1.0\\PHPScript\\PHPScript\\vendor\\laravel\\framework\\src\\Illuminate\\Pipeline\\Pipeline.php(163): Illuminate\\Foundation\\Http\\Middleware\\CheckForMaintenanceMode->handle(Object(Illuminate\\Http\\Request), Object(Closure))
#55 D:\\Learning\\4th\\Mobie\\UploadingContentV1.0\\PHPScript\\PHPScript\\vendor\\laravel\\framework\\src\\Illuminate\\Routing\\Pipeline.php(53): Illuminate\\Pipeline\\Pipeline->Illuminate\\Pipeline\\{closure}(Object(Illuminate\\Http\\Request))
#56 D:\\Learning\\4th\\Mobie\\UploadingContentV1.0\\PHPScript\\PHPScript\\vendor\\fideloper\\proxy\\src\\TrustProxies.php(57): Illuminate\\Routing\\Pipeline->Illuminate\\Routing\\{closure}(Object(Illuminate\\Http\\Request))
#57 D:\\Learning\\4th\\Mobie\\UploadingContentV1.0\\PHPScript\\PHPScript\\vendor\\laravel\\framework\\src\\Illuminate\\Pipeline\\Pipeline.php(163): Fideloper\\Proxy\\TrustProxies->handle(Object(Illuminate\\Http\\Request), Object(Closure))
#58 D:\\Learning\\4th\\Mobie\\UploadingContentV1.0\\PHPScript\\PHPScript\\vendor\\laravel\\framework\\src\\Illuminate\\Routing\\Pipeline.php(53): Illuminate\\Pipeline\\Pipeline->Illuminate\\Pipeline\\{closure}(Object(Illuminate\\Http\\Request))
#59 D:\\Learning\\4th\\Mobie\\UploadingContentV1.0\\PHPScript\\PHPScript\\vendor\\laravel\\framework\\src\\Illuminate\\Pipeline\\Pipeline.php(104): Illuminate\\Routing\\Pipeline->Illuminate\\Routing\\{closure}(Object(Illuminate\\Http\\Request))
#60 D:\\Learning\\4th\\Mobie\\UploadingContentV1.0\\PHPScript\\PHPScript\\vendor\\laravel\\framework\\src\\Illuminate\\Foundation\\Http\\Kernel.php(151): Illuminate\\Pipeline\\Pipeline->then(Object(Closure))
#61 D:\\Learning\\4th\\Mobie\\UploadingContentV1.0\\PHPScript\\PHPScript\\vendor\\laravel\\framework\\src\\Illuminate\\Foundation\\Http\\Kernel.php(116): Illuminate\\Foundation\\Http\\Kernel->sendRequestThroughRouter(Object(Illuminate\\Http\\Request))
#62 D:\\Learning\\4th\\Mobie\\UploadingContentV1.0\\PHPScript\\PHPScript\\public\\index.php(55): Illuminate\\Foundation\\Http\\Kernel->handle(Object(Illuminate\\Http\\Request))
#63 D:\\Learning\\4th\\Mobie\\UploadingContentV1.0\\PHPScript\\PHPScript\\server.php(21): require_once('D:\\\\Learning\\\\4th...')
#64 {main}
"} 
